qMCVVb5mPVfnR5+0yDWn6NFZMP7an4n1pM/P0aiT1HXsxB6U4c0oKSC9yEBXhnM9rO7YB5HmsNw8WOR4LtLxrq6+KuCdbS/Dyh7Y3c6p24fg8X4BGS1VN2lzI75HAOiKK1uusODdiIKW+uzrPkZ2cDfIIBl5d6U1oQbR6Zk/a0mDwgAlS4P1M1wt/bm4qc8=
HLrcmPj2ncESa+SCLoA7Yx17bEUmOpy05/sVGMslVGXXCz7yZ4SucJiW0vrpPN+ys8wwKP9hTLGijINk7CxL3XmvrIZuUUgpXQtWaRhtT52D+6+rFZIhYI6mHUOovPbtnu7woton+IawvIGQRnXvxzO5J55nRf9fDeU1GsbpnbOjXzo1y7W+qck=
Ryp/rk0Uh3XmehD6lL5SNjMxitYmsbOGGnA1o7245kdhVAtqw9HMT9YdLVl9WQHk37mUh5umq3MLJv6n3HPjM9U4lPM6V2fie8zK8HxezuogwVnS99Q8GIPpqHGGhL+UYLQP/X2X4BbymWwpecPK+VRVS73HYyNbKZoFoGouYXOkpLKNGhY8ssbvHAbU9J2ACg1rJ/ehK66bzZsfKe0JakpxWZOnZ/alV/2aqe0=
MMnHbX8NQom9ds4Q9Ol6vZ6J9Rkkj1A1L9dYebbYNgeQc2AvdmeiTwoQYmV8sCM14fmqrljbJkrVilFJYrGDgWkWXQsFfxc+BQB1Gh+6MPiQdWDQn3+W18WN8PWmpVWRppuKvFyBrz4/0FeyCujHRs+Wg1hmsaPc+5BhHxHUp7epwg==
uirLlS7BPrizGeTNFioXpY3uWxVO/DwBWSZBGhBLJyt9xkhVT6YMFAZ0rosQ//iDxiL7I2p8emlMnPv5ITVyAuhXvia15gkFUp2bjWkaRSc1M09SZWztlq8W6DRQubj8r3OOu6XhqLkWCc0dJhcSEOzN91JfvE++OsQfig9aW/TWPTuwm/w5UyH4v7upzg==
PkEBgpXGWy9UGx7J1HHkrY3uWxVO/DwBWSZBGhBLJyt910BbSakNRgZ0rosQ//iDxiP7I2p8emlMnPv5ITVyAuhXvia15gkFUp2bjWkaRSc1M09SZWztlq8W6DRQubj8r3OOu6XhqLkWCc0dJhcSEOzN91JfvE++OsQfig9aW/TWPTuwm/w5UyH4v7upzg==
J4xTY9cgy7++JpT8Oa3GM5gRqrpkBHcBrrWrI/ePpID42vQZPQLDmS6w5O1tOldw0OO0pYw73VB75EGqNjj2J5BToM/2zOMvCjCihfwQY1XhGWoO2LtmatVqkeni0cOhaTYda4Xf194FIDV6nxrwGJAVIHAfn1b3xe2wVSZFlbGmu0pc3CHvXj/wl1KKSIcmz3ZD+ObR4/z7cKG/kbTnl6ni
XQY1fRf59OrCymDbHQzOFCvw9Id4spTlu6WZ9PW4SLNx5PXzc+fjYhsMKvAcHi5qRoF60teUnJgjqYhxZsTfFIB0b/2dV0CWUllMKVkDann0lau9p6PD20na5aBKbsHzBOSSjTpWXDImr3wGNDT9AOrNSyfXYYsuOw27H0kt6eoqMbmTxydWJfe9uqnN
cEjFm7jSPExTb0LwjTI/xb2wzlb76gwRpmkEXSpnf9PWk4UnQZrzkr4/4dp26BYXkGNAH7a6Q7+KoMI1PMBDJeHpSl6YC4b6VfoxGSKBo5FpBn07RS93ToWw1crfStDokGUAoN8vNmdFfRAlZpV1gaaLqoycUU/Ov2D34kqYp1bPhmOopmEDbHvgAU9R5IenqdI=
wQ/bqowH2Ww1DSRvfdF4aoxKOu7Gl4qmvs3RwbvUyFbsyR77h6NBMymq0UhosF5a5KKKVciCpcA2MMlNKtHEoLW8KuCdbS/Dyh7Y3c6p24fg8X4BGS1VN2lzI75HAOiKK1uusODdiIKW+uzrPkZ2cDfIIBl5d6U1oQbR6Zk/a0mDwgAlS4P1M1wt/bm4qc8=
xyLitWDHR8dbNorGo7w3EGeR1PWKDw9LVgt1z/447bi7TDEylsAmD5B7cDdWUJOHytiSnZwos71hcTo2OKNWApXCYXFCqZOJaR5NEyVHJ3ZFSAVifyKgcBD98Eh/h2YfBUXAzYa9RZmmk5qkfLmf9v8Yp0rqcFfOTx4TwAbJ05S72FEnMcy3v6nK
F6hB9fLWmNnZPK4gzVFx9xlDAzpYTf3VAprg5gxlWoLzHCLwFA5GCh/QQhIPZGR4ixkA8e60t7Q4xLc9ZYeYtnpJRClRE0JZLEVTfX8Te3shqm0gwt5pE/wUSk0CBgRSTr90BjwkFeAyHXNnjxHzTpO9M5/B3QFKkoHh0793DgXfrbKpxQ==
5iYR9p5m1ou8l7CeS6QLOwqr1rLp9N1iuJL5qMVZPjT7jq7JyZIBwt0sh+VbkAlu5pyekxDnyGsmDqpbKsSqgew0i2GhrYKqSD/unnUe2S0y9auVaQJ1T1Ubn6ql1L3+D74YrNAhyFQPm14D5Zn4kfbh/QUmDyL4DOWnKh8En1aabG8Sj8KrXHZVawhbBOl7QZCPo6nW
9DdoWPiDxlIdb73nTKJFCifx+Iph892tpLLA+bnnFOFz/bTzc+fjYhsMKvAcHi5qQYB60teUnJgjqYhxZsTfFIB0b/2dV0CWUllMKVkDann0lau9p6PD20na5aBKbsHzBOSSjTpWXDImr3wGNDT9AOrNSyfXYYsuOw27H0kt6eoqMbmTxydWJfe9uqnN
O8gnwjFh1ps/IHHrFNLnL4+o1iKfURqigngR3hyFzndXIHDtbJrE6OID/3/ywQkyH4Lk7PJnH4zLchd88UNk4n556mGf3CGWSbiXDaHLze0nNieWQiuhR+ds5EHDnSfAikamj5Hb6tfuR2yUERoFMLQwAqKwEl08JSKJKELg/RXWkfh4wWweSHENA2ue7oxlEqkHP7QBKqk1TbmfXaNXZntAFNIfi9pYzH1k6kJKuBNixqoI43h08RXXiV1VVuUx5f9XEXeSNI0nY9mbiF0pAeSpkw==
k4dr6IbZQSchvWD51v1eGWvo9wEkhcui7diHf5p1j9ilZPrQwp+8CB4KDdArh0lNf33e7lYQBh+Qa1Dnlu4y9kpocm1ceNOtYWHa5njTNrIVMsHBAvmzmWkObUNl94eGxfhlEj/yQGAQ7ZAYv3eGr4U1YH1GbWWJpoO6dLwJP4Z/qEe6KiA33k8O8xBGubMkOyjxl3Gcl6+p2g==
6JlLqdvU2kSK3cmhd4rL5jRIkjIk0thnlJqgvc3rt2AEaeKxBYoQB9FaBdKPdLZwgOa62tjrF3J7fGhIl/H0MVocK8S0XAOdsX9UZkZhUClFO36J4L2H3cuL9wu9AtngNjZ1I/AMPi1WPsiCslfghqhMabB+JaeHewn/fo/VR991dZ26HhlVc+sPQlXjhaap0Q==
NKxOqu/6VuaNl2oMof7NmCJsHvmadSwTJ243cTyV0RxtCS7OSBzevmJNUL28zY6ZIdu6rs43NPZXX8HXlqxAzcKwBVSd+8oXFwvpmMGpvcnT5PX+mQgXvATS8BsckscpMm1VE3wHTkOBW+bV1t4k96skD+57YMIuM6xvOD/a/ifHpqvOLS058rO9qcw=
KJDcM1Ml3YkS+ugBglKSVIVxf+BhBz+2NTyO4go50DEkaT4m6Q9aQjYzJOp/a4GbzsgwsUokpfglPxrL///plNmNjfWbsJWS4YyHIKxmMNfEdjfVOnl1P0RDHh/pL2ZZTnqUS2Pw7wKDZNIyG5gvdGe+jltPMgtilenpLltJqcA=
w2dLZPSOv1SbCPV2hzECBxwTmgh4S9FTWeqBaFiwbno0YnyzVgIVYGZwuS060dSAhXz6AG3tv2N6Xoi9vqmr57CxzqGJraXXubMTnlcA+OpbG/4QUF0YYmY6PMsORkZQZ4hQeen3FZVxxiEJiT97abOCUEU7A2WT7O0tWUipPw==
nLbFIGXU8zwdSYM4zSqo3odxf/FjETu2NTyO4go50DEkaT4g6Q9aQjYzJOp/a4GbzsgwsUokpfglPxrL///plNmNjfWbsJWS4YyHIKxmMNfEdjfVOnl1P0RDHh/pL2ZZTnqUS2Pw7wKDZNIyG5gvdGe+jltPMgtilenpLltJqcA=
cXm51wuRMs2Bh0Wb5+O/qRwTnB5kVtFTWeqBaFiwbno0YnqzVgIVYGZwuS060dSAhXz6AG3tv2N6Xoi9vqmr57CxzqGJraXXubMTnlcA+OpbG/4QUF0YYmY6PMsORkZQZ4hQeen3FZVxxiEJiT97abOCUEU7A2WT7O0tWUipPw==
O45OcLpWsCsmTta6ZKIPpRwTnQh2U9FTWeqBaFiwbno0YnmzVgIVYGZwuS060dSAhXz6AG3tv2N6Xoi9vqmr57CxzqGJraXXubMTnlcA+OpbG/4QUF0YYmY6PMsORkZQZ4hQeen3FZVxxiEJiT97abOCUEU7A2WT7O0tWUipPw==
GaIZ2KjHxSbZl3Ui8dQLiOr3UKzBuOXljXOVj66A5lAF386/yeZ2PWW51g5kJEyhF+QuWtrR0CkUIV5ffqaamsY7BNIvAwEDfgDQSVoM5aBVt7pzLxfpjOnF7Y0LGFVKEYSnGPwOsE90vtctKlE1ZzTLvqc5x2ZBfjL0M/NYL9pzbPIKS/Cv7Nd2bqNfGks65WFJlouhqdg=
a8FuRNrZBh3PII6Sg+1xBkVMJGVoFc0iEsBySqKmooFTYTUbZwMXW5VmKCszx9sBAK4c9DlUaRH6K/bqrOg5edg9Pt8eVGf0aKQnvdVnaHZKaVQpQTNymdyl4/3vcys78UqdIPL+OVOstNrN8qa0Ej7fZAYsxOUggr0D5x+xI45DnQOesb1RikJhcVMPF35F742iqdU=
nbgFQFWckDfe3MOnaxM3jkVMJGVoFc0iEsBySqKmooFTYTUbZwMXW5VmKCszx9sBAK4c9DlUaRH6K/bqrOg5edg9Pt8eVGf0aKQnvdVnaHZKaVQpQTNymdyl4/3vcys78UqdIPL+OVOstNrN8qa0Ej7fZAYsxOUggr0D5x+xI45DnQOfsL1TjEJhcVMPF35F742iqdU=
wsAUX8rSoH/GEIvrqQjbutIGpKZDWOgDVjE7XGM547vbQSj1PkilT4+FWiri9uYMYxEyI90ovseKiYwXqp+CvuDjcuEqVCVohY/aGx8P6YT5vc2l+8AVAkE8R/BMljDH5EZ3hVoJ9a/k897PCd9mSW5K1BsDgG+SI9QS4vtoI2ZHjMgLL0KL8jVZKf67uanQ
