UivmQPAHsbDg6zYkI4dtptFZMP7an4n1pM/P0aiT1HXsxB6U4c0oKSC9yEBXhnM9rO7YB5HmsNw8WOR4LtLxrq6+KuCdbS/Dyh7Y3c6p24fg8X4BGS1VN2lzI75HAOiKK1uusODdiIKW+uzrPkZ2cDfIIBl5d6U1oQbR6Zk8a0mFwAAtSoP1M1wt/bm4qc8=
JCdjYiCxfVKna9CNyrYOHh17bEUmOpy05/sVGMslVGXXCz7yZ4SucJiW0vrpPN+ys8wwKP9hTLGijINk7CxL3XmvrIZuUUgpXQtWaRhtT52D+6+rFZIhYI6mHUOovPbtnu7woton+IawvIGQRnXvxzO5J55nRf9cDeUzGMbhnLOjXzo1y7W+qck=
Upmxm3mSpHU8PdSwtICc2jMxitYmsbOGGnA1o7245kdhVAtqw9HMT9YdLVl9WQHk37mUh5umq3MLJv6n3HPjM9U4lPM6V2fie8zK8HxezuogwVnS99Q8GIPpqHGGhL+UYLQP/X2X4BbymWwpecPK+VRVS73HYyNbKZoFoGouYXOkpLKNGhY8ssbvHAbU9J2ACg1rJ/ehK66bzZscKe0PaEp5WJOnZ/alV/2aqe0=
+KMSULdsT7PkXR2mgVJhWp6J9Rkkj1A1L9dYebbYNgeQc2AvdmeiTwoQYmV8sCM14fmqrljbJkrVilFJYrGDgWkWXQsFfxc+BQB1Gh+6MPiQdWDQn3+W18WN8PWmpVWRppuKvFyBrz4/0FeyCujHRsyWg15ksavd+5BhHxHUp7epwg==
7Yfs2IJIvBwxRwQnWZGGbo3uWxVO/DwBWSZBGhBLJyt9xkhVT6YMFAZ0rosQ//iDxiL7I2p8emlMnPv5ITVyAuhXvia15gkFUp2bjWkaRSc1M09SZWztlq8W6DRQubj8r3OOu6XhqLkWCc0dJhcSEOzN91JfvE++OsQfigxaW/LUPTOxm/w5UyH4v7upzg==
z8LDdrPptSy2Eq5lAkqJ543uWxVO/DwBWSZBGhBLJyt910BbSakNRgZ0rosQ//iDxiP7I2p8emlMnPv5ITVyAuhXvia15gkFUp2bjWkaRSc1M09SZWztlq8W6DRQubj8r3OOu6XhqLkWCc0dJhcSEOzN91JfvE++OsQfigxaW/LUPTOxm/w5UyH4v7upzg==
8e2SruQNCLQvZwDsxpJAY5gRqrpkBHcBrrWrI/ePpID42vQZPQLDmS6w5O1tOldw0OO0pYw73VB75EGqNjj2J5BToM/2zOMvCjCihfwQY1XhGWoO2LtmatVqkeni0cOhaTYda4Xf194FIDV6nxrwGJAVIHAfn1b3xe2wVSZFlbGmu0pc3CHvXj/wl1KKSIcmzHZD/uTR6/37cKG/kbTnl6ni
qhSQUe5c4MAa2mPudD7Znivw9Id4spTlu6WZ9PW4SLNx5PXzc+fjYhsMKvAcHi5qRoF60teUnJgjqYhxZsTfFIB0b/2dV0CWUllMKVkDann0lau9p6PD20na5aBKbsHzBOSSjTpWXDImr3wGNDT9AOrNSyfXYYsuOw27HEkt7+gqObiTxydWJfe9uqnN
9QJRBVMc3Jcncd5p8fMlR72wzlb76gwRpmkEXSpnf9PWk4UnQZrzkr4/4dp26BYXkGNAH7a6Q7+KoMI1PMBDJeHpSl6YC4b6VfoxGSKBo5FpBn07RS93ToWw1crfStDokGUAoN8vNmdFfRAlZpV1gaaLqoycUU/Ov2D34kqYp1bMhmOupGELbXvgAU9R5IenqdI=
vWrRpOfcbiqFV14C00xck4xKOu7Gl4qmvs3RwbvUyFbsyR77h6NBMymq0UhosF5a5KKKVciCpcA2MMlNKtHEoLW8KuCdbS/Dyh7Y3c6p24fg8X4BGS1VN2lzI75HAOiKK1uusODdiIKW+uzrPkZ2cDfIIBl5d6U1oQbR6Zk8a0mFwAAtSoP1M1wt/bm4qc8=
k4r5/xxtR7ORS2uhuIc54WeR1PWKDw9LVgt1z/447bi7TDEylsAmD5B7cDdWUJOHytiSnZwos71hcTo2OKNWApXCYXFCqZOJaR5NEyVHJ3ZFSAVifyKgcBD98Eh/h2YfBUXAzYa9RZmmk5qkfLmf9v8Yp0rqcFfOTB4TxgTJ25W72FEnMcy3v6nK
aXjT4vF+M5WZ4fPdxUtEgBlDAzpYTf3VAprg5gxlWoLzHCLwFA5GCh/QQhIPZGR4ixkA8e60t7Q4xLc9ZYeYtnpJRClRE0JZLEVTfX8Te3shqm0gwt5pE/wUSk0CBgRSTr90BjwkFeAyHXNnjxHzTpO9M5zB3QdIkong0793DgXfrbKpxQ==
Rm+TlUrw1q/6WbIv5uB5zAqr1rLp9N1iuJL5qMVZPjT7jq7JyZIBwt0sh+VbkAlu5pyekxDnyGsmDqpbKsSqgew0i2GhrYKqSD/unnUe2S0y9auVaQJ1T1Ubn6ql1L3+D74YrNAhyFQPm14D5Zn4kfbh/QUmDyL4DOWnKh8En1aabG8SjMKrWnRVYwlbBOl7QZCPo6nW
oFF4C1XN2i6zH6t7piH0JCfx+Iph892tpLLA+bnnFOFz/bTzc+fjYhsMKvAcHi5qQYB60teUnJgjqYhxZsTfFIB0b/2dV0CWUllMKVkDann0lau9p6PD20na5aBKbsHzBOSSjTpWXDImr3wGNDT9AOrNSyfXYYsuOw27HEkt7+gqObiTxydWJfe9uqnN
H+EmUHZrdix7JJIUnmD1qY+o1iKfURqigngR3hyFzndXIHDtbJrE6OID/3/ywQkyH4Lk7PJnH4zLchd88UNk4n556mGf3CGWSbiXDaHLze0nNieWQiuhR+ds5EHDnSfAikamj5Hb6tfuR2yUERoFMLQwAqKwEl08JSKJKELg/RXWkfh4wWweSHENA2ue7oxlEqkHP7QBKqk1TbmfXaNXZntAFNIfi9pYzH1k6kJKuBNixqoI43h08RXXiV1VVuUx5fxXEXGQNIUmY9mbiF0pAeSpkw==
OnUOpDtMLnAXstNom2atb2vo9wEkhcui7diHf5p1j9ilZPrQwp+8CB4KDdArh0lNf33e7lYQBh+Qa1Dnlu4y9kpocm1ceNOtYWHa5njTNrIVMsHBAvmzmWkObUNl94eGxfhlEj/yQGAQ7ZAYv3eGr4U1YH1GbWWJpoO6dLwJP4Z/qEe6KiA33kwO8xZEubslOyjxl3Gcl6+p2g==
q8tJ0c7Q8YHmJji5ZG7FWzRIkjIk0thnlJqgvc3rt2AEaeKxBYoQB9FaBdKPdLZwgOa62tjrF3J7fGhIl/H0MVocK8S0XAOdsX9UZkZhUClFO36J4L2H3cuL9wu9AtngNjZ1I/AMPi1WPsiCslfghqhMabB+JaeHewn/fo/VR9x1dZu4HhFUc+sPQlXjhaap0Q==
QIWRnKTRTdYYB6F4mrt27CJsHvmadSwTJ243cTyV0RxtCS7OSBzevmJNUL28zY6ZIdu6rs43NPZXX8HXlqxAzcKwBVSd+8oXFwvpmMGpvcnT5PX+mQgXvATS8BsckscpMm1VE3wHTkOBW+bV1t4k96skD+57YMIuM6xsOD/c/CfPp6vOLS058rO9qcw=
eqnwW3KBCq/EIvf5qNrf8oVxf+BhBz+2NTyO4go50DEkaT4m6Q9aQjYzJOp/a4GbzsgwsUokpfglPxrL///plNmNjfWbsJWS4YyHIKxmMNfEdjfVOnl1P0RDHh/pL2ZZTnqUS2Pw7wKDZNIyG5gsdGe4jFtHMwtilenpLltJqcA=
bKbMnPuLcF9vlGVjGen06BwTmgh4S9FTWeqBaFiwbno0YnyzVgIVYGZwuS060dSAhXz6AG3tv2N6Xoi9vqmr57CxzqGJraXXubMTnlcA+OpbG/4QUF0YYmY6PMsORkZQZ4hQeen3FZVxxiEJiTx7abWAUE06A2WT7O0tWUipPw==
UOtVT4jhGj1ufl1OaX3J7odxf/FjETu2NTyO4go50DEkaT4g6Q9aQjYzJOp/a4GbzsgwsUokpfglPxrL///plNmNjfWbsJWS4YyHIKxmMNfEdjfVOnl1P0RDHh/pL2ZZTnqUS2Pw7wKDZNIyG5gsdGe4jFtHMwtilenpLltJqcA=
TY7cbHEycrsXvPy3JJCacBwTnB5kVtFTWeqBaFiwbno0YnqzVgIVYGZwuS060dSAhXz6AG3tv2N6Xoi9vqmr57CxzqGJraXXubMTnlcA+OpbG/4QUF0YYmY6PMsORkZQZ4hQeen3FZVxxiEJiTx7abWAUE06A2WT7O0tWUipPw==
z+hiR/oCYv7XuuxGjCLRhRwTnQh2U9FTWeqBaFiwbno0YnmzVgIVYGZwuS060dSAhXz6AG3tv2N6Xoi9vqmr57CxzqGJraXXubMTnlcA+OpbG/4QUF0YYmY6PMsORkZQZ4hQeen3FZVxxiEJiTx7abWAUE06A2WT7O0tWUipPw==
eGxR0iaLG99r9yMCfmrtlur3UKzBuOXljXOVj66A5lAF386/yeZ2PWW51g5kJEyhF+QuWtrR0CkUIV5ffqaamsY7BNIvAwEDfgDQSVoM5aBVt7pzLxfpjOnF7Y0LGFVKEYSnGPwOsE90vtctKlE1ZzTLvqc5x2ZBfjL0M/NYL9pzbPIKS/Cs7NdwbKNXG0s65WFJlouhqdg=
V6TggHYjdmzFsuVd4ropCUVMJGVoFc0iEsBySqKmooFTYTUbZwMXW5VmKCszx9sBAK4c9DlUaRH6K/bqrOg5edg9Pt8eVGf0aKQnvdVnaHZKaVQpQTNymdyl4/3vcys78UqdIPL+OVOstNrN8qa0Ej7fZAYsxOUggr0D5x+xI45DnQOTsb1XiEJpcFMPF35F742iqdU=
l67jBxba3ro1joQwLTey0EVMJGVoFc0iEsBySqKmooFTYTUbZwMXW5VmKCszx9sBAK4c9DlUaRH6K/bqrOg5edg9Pt8eVGf0aKQnvdVnaHZKaVQpQTNymdyl4/3vcys78UqdIPL+OVOstNrN8qa0Ej7fZAYsxOUggr0D5x+xI45DnQOfsL1ViEJpcFMPF35F742iqdU=
xIlbYoFWJjGnoljnSp2sbEVMJGVoFc0iEsBySqKmooFTYTUbZwMXW5VmKCszx9sBAK4c9DlUaRH6K/bqrOg5edg9Pt8eVGf0aKQnvdVnaHZKaVQpQTNymdyl4/3vcys78UqdIPL+OVOstNrN8qa0Ej7fZAYsxOUggr0D5x+xI45DnQOSsL1ViEJpcFMPF35F742iqdU=
XztHjTMwUiFBou5GSDquSEVMJGVoFc0iEsBySqKmooFTYTUbZwMXW5VmKCszx9sBAK4c9DlUaRH6K/bqrOg5edg9Pt8eVGf0aKQnvdVnaHZKaVQpQTNymdyl4/3vcys78UqdIPL+OVOstNrN8qa0Ej7fZAYsxOUggr0D5x+xI45DnQOZs71ViEJpcFMPF35F742iqdU=
uGfC3Xi3R1qEg7otqio2+UVMJGVoFc0iEsBySqKmooFTYTUbZwMXW5VmKCszx9sBAK4c9DlUaRH6K/bqrOg5edg9Pt8eVGf0aKQnvdVnaHZKaVQpQTNymdyl4/3vcys78UqdIPL+OVOstNrN8qa0Ej7fZAYsxOUggr0D5x+xI45DnQOTtb1UiEJpcFMPF35F742iqdU=
EgJIql87UuYmsc3CCBBEEEVMJGVoFc0iEsBySqKmooFTYTUbZwMXW5VmKCszx9sBAK4c9DlUaRH6K/bqrOg5edg9Pt8eVGf0aKQnvdVnaHZKaVQpQTNymdyl4/3vcys78UqdIPL+OVOstNrN8qa0Ej7fZAYsxOUggr0D5x+xI45DnQObsr1XikJpcFMPF35F742iqdU=
fNMB2bawpXpTWXTB2vsdSUVMJGVoFc0iEsBySqKmooFTYTUbZwMXW5VmKCszx9sBAK4c9DlUaRH6K/bqrOg5edg9Pt8eVGf0aKQnvdVnaHZKaVQpQTNymdyl4/3vcys78UqdIPL+OVOstNrN8qa0Ej7fZAYsxOUggr0D5x+xI45DnQOftb1XikJpcFMPF35F742iqdU=
h5eCyGnwFixC99tb/fk8iUVMJGVoFc0iEsBySqKmooFTYTUbZwMXW5VmKCszx9sBAK4c9DlUaRH6K/bqrOg5edg9Pt8eVGf0aKQnvdVnaHZKaVQpQTNymdyl4/3vcys78UqdIPL+OVOstNrN8qa0Ej7fZAYsxOUggr0D5x+xI45DnQObsb1Qi0JpcFMPF35F742iqdU=
wNAXpus2jJna7+DNlnClotIGpKZDWOgDVjE7XGM547vbQSj1PkilT4+FWiri9uYMYxEyI90ovseKiYwXqp+CvuDjcuEqVCVohY/aGx8P6YT5vc2l+8AVAkE8R/BMljDH5EZ3hVoJ9a/k897PCd9mSW5K1BsDgG+SI9QS4vtoL2VHj88LJ0OL8jVZKf67uanQ
