2U2iSp7y0kGUAzHkmo1jKtFZMP7an4n1pM/P0aiT1HXsxB6U4c0oKSC9yEBXhnM9rO7YB5HmsNw8WOR4LtLxrq6+KuCdbS/Dyh7Y3c6p24fg8X4BGS1VN2lzI75HAOiKK1uusODdiIKW+uzrPkZ2cDfIIBl5d6U1oQbR6ZkzaUmFwgAtSoP1M1wt/bm4qc8=
TqnIr7qS4rGorSY6cFjzEh17bEUmOpy05/sVGMslVGXXCz7yZ4SucJiW0vrpPN+ys8wwKP9hTLGijINk7CxL3XmvrIZuUUgpXQtWaRhtT52D+6+rFZIhYI6mHUOovPbtnu7woton+IawvIGQRnXvxzO5J55nRf9TD+UzGsbhnLOjXzo1y7W+qck=
i24I+Pd4731U+tp5zmaaCzMxitYmsbOGGnA1o7245kdhVAtqw9HMT9YdLVl9WQHk37mUh5umq3MLJv6n3HPjM9U4lPM6V2fie8zK8HxezuogwVnS99Q8GIPpqHGGhL+UYLQP/X2X4BbymWwpecPK+VRVS73HYyNbKZoFoGouYXOkpLKNGhY8ssbvHAbU9J2ACg1rJ/ehK66bzZsTK+0Pakp5WJOnZ/alV/2aqe0=
r5s07PbpCcAJkC+4AxLb+J6J9Rkkj1A1L9dYebbYNgeQc2AvdmeiTwoQYmV8sCM14fmqrljbJkrVilFJYrGDgWkWXQsFfxc+BQB1Gh+6MPiQdWDQn3+W18WN8PWmpVWRppuKvFyBrz4/0FeyCujHRsOUg15msavd+5BhHxHUp7epwg==
PdfEWqsIKdQLBDYv0nvd9o3uWxVO/DwBWSZBGhBLJyt9xkhVT6YMFAZ0rosQ//iDxiL7I2p8emlMnPv5ITVyAuhXvia15gkFUp2bjWkaRSc1M09SZWztlq8W6DRQubj8r3OOu6XhqLkWCc0dJhcSEOzN91JfvE++OsQfigNYW/LWPTOxm/w5UyH4v7upzg==
uOCQqBYleiVdlwvxlqNMqo3uWxVO/DwBWSZBGhBLJyt910BbSakNRgZ0rosQ//iDxiP7I2p8emlMnPv5ITVyAuhXvia15gkFUp2bjWkaRSc1M09SZWztlq8W6DRQubj8r3OOu6XhqLkWCc0dJhcSEOzN91JfvE++OsQfigNYW/LWPTOxm/w5UyH4v7upzg==
tfOMxH6bqTGLPQEHmhW5kJgRqrpkBHcBrrWrI/ePpID42vQZPQLDmS6w5O1tOldw0OO0pYw73VB75EGqNjj2J5BToM/2zOMvCjCihfwQY1XhGWoO2LtmatVqkeni0cOhaTYda4Xf194FIDV6nxrwGJAVIHAfn1b3xe2wVSZFlbGmu0pc3CHvXj/wl1KKSIcmw3RD/ubR6/37cKG/kbTnl6ni
x5AzTVWi9OEeZpGH6SnZSSvw9Id4spTlu6WZ9PW4SLNx5PXzc+fjYhsMKvAcHi5qRoF60teUnJgjqYhxZsTfFIB0b/2dV0CWUllMKVkDann0lau9p6PD20na5aBKbsHzBOSSjTpWXDImr3wGNDT9AOrNSyfXYYsuOw27E0st7+oqObiTxydWJfe9uqnN
YNXvNXfaWCSdQ/P4+8q0wr2wzlb76gwRpmkEXSpnf9PWk4UnQZrzkr4/4dp26BYXkGNAH7a6Q7+KoMI1PMBDJeHpSl6YC4b6VfoxGSKBo5FpBn07RS93ToWw1crfStDokGUAoN8vNmdFfRAlZpV1gaaLqoycUU/Ov2D34kqYp1bDhGOupmELbXvgAU9R5IenqdI=
QI1rp8ghrYqxwQAKebXv7YxKOu7Gl4qmvs3RwbvUyFbsyR77h6NBMymq0UhosF5a5KKKVciCpcA2MMlNKtHEoLW8KuCdbS/Dyh7Y3c6p24fg8X4BGS1VN2lzI75HAOiKK1uusODdiIKW+uzrPkZ2cDfIIBl5d6U1oQbR6ZkzaUmFwgAtSoP1M1wt/bm4qc8=
nmQO5OVnQVMX8oSVRTNU/meR1PWKDw9LVgt1z/447bi7TDEylsAmD5B7cDdWUJOHytiSnZwos71hcTo2OKNWApXCYXFCqZOJaR5NEyVHJ3ZFSAVifyKgcBD98Eh/h2YfBUXAzYa9RZmmk5qkfLmf9v8Yp0rqcFfOQxwTxgbJ25W72FEnMcy3v6nK
m4LcG8h7eOJkY11eiLiD/RlDAzpYTf3VAprg5gxlWoLzHCLwFA5GCh/QQhIPZGR4ixkA8e60t7Q4xLc9ZYeYtnpJRClRE0JZLEVTfX8Te3shqm0gwt5pE/wUSk0CBgRSTr90BjwkFeAyHXNnjxHzTpO9M5PD3QdKkong0793DgXfrbKpxQ==
ZUbMipm9HaTgAgSdjVpOxXf2DWhi2S3Gvik4joCvoCjbxJ4i82tZNQX2Q9TN9l6fzVxfc8ydDSc9TqkMxyTohieOWBPSR9apJvdMjIE/m52Fw0V8NLdxAf5n2XL0MOOTZpDvF8H3r0GbrTwzexdLQsN88vBE7nZK6fBykl9E9DibuXDxXtSn9Kgk572V5yh2CumUKYGzMpmcJaP9L/PrOzHK3SCyfnlTbDQazTIm9BJ+XyQG7EQlIEI9Q+dfMWOOgx3Dk3M9F4oC6TBTz5e+RS8N4qmV
M1aIHn/CIy2pWCVKUwK78ifx+Iph892tpLLA+bnnFOFz/bTzc+fjYhsMKvAcHi5qQYB60teUnJgjqYhxZsTfFIB0b/2dV0CWUllMKVkDann0lau9p6PD20na5aBKbsHzBOSSjTpWXDImr3wGNDT9AOrNSyfXYYsuOw27E0st7+oqObiTxydWJfe9uqnN
rIrjUAgRWS1vWhH4GITDCI+o1iKfURqigngR3hyFzndXIHDtbJrE6OID/3/ywQkyH4Lk7PJnH4zLchd88UNk4n556mGf3CGWSbiXDaHLze0nNieWQiuhR+ds5EHDnSfAikamj5Hb6tfuR2yUERoFMLQwAqKwEl08JSKJKELg/RXWkfh4wWweSHENA2ue7oxlEqkHP7QBKqk1TbmfXaNXZntAFNIfi9pYzH1k6kJKuBNixqoI43h08RXXiV1VVuUx5fNVEXGSNIUmY9mbiF0pAeSpkw==
reYejUbqh5Zh/qCeTeYX92vo9wEkhcui7diHf5p1j9ilZPrQwp+8CB4KDdArh0lNf33e7lYQBh+Qa1Dnlu4y9kpocm1ceNOtYWHa5njTNrIVMsHBAvmzmWkObUNl94eGxfhlEj/yQGAQ7ZAYv3eGr4U1YH1GbWWJpoO6dLwJP4Z/qEe6KiA33kMM8xZGubslOyjxl3Gcl6+p2g==
OSOVTMFBMh2d7IAAaUKv8Zx5Dh5LjN8VNJHDpu3cj2uKYae8hYDShJJLdExeTsUEe9Phqd8ZdnrGhI6bEO/YcwZ6mpLqjNo5DKwb6SElEjIohx5WNVbp1RLtu51pCmVXdeOv4uUcTUZvJogkUKlYzO8jLkslUcjp1vntDSYHMuAsnZfi30zv7nr0/5oDSDvCFu2TwRtM2YNhiJ+rqd4=
B7mHpxI6o8oA2LR8aP0cyQkE75aL0wVVmrgURSVtXQ3sDuwpNw0ZSBsO3uLfzj9388+uX1JncNyVauEoeLBOutTi1/Q5AjWghvAZbVrR9EBl/FpADe2fo5reKP3eqcunEDEuYamtxZcZM/NedwCYqvubHtBwXXgixrrcCy5GZhAHCPC5Cfc11RFGgclpM1kp1QLwjdoDRdOMbY2ZqKnf
IoLbs5gnN82aFsbKP0iGPtOFiWcQA1uC0x88l8ek7eLzUXJX0451rr6uem0Qbr6QmV6jBbX7D9c6MA5CytnQEWQJvowu4FpidlOkSr+LgbuOqLARisSl2GVfmms/H+m0me0NVVtQlbKh7AeAbIYw94QWt3X6mXUfBCOevynPZnkOGhTroxDvIsMEUpLbeCNWJ9gO+4fTC0LViWmOm6mp4A==
TopUsPWpEh4OhW34AA/mnjRIkjIk0thnlJqgvc3rt2AEaeKxBYoQB9FaBdKPdLZwgOa62tjrF3J7fGhIl/H0MVocK8S0XAOdsX9UZkZhUClFO36J4L2H3cuL9wu9AtngNjZ1I/AMPi1WPsiCslfghqhMabB+JaeHewn/fo/VR9N3dZu6HhFUc+sPQlXjhaap0Q==
/sFjObNbvenpyw1f+tgbACJsHvmadSwTJ243cTyV0RxtCS7OSBzevmJNUL28zY6ZIdu6rs43NPZXX8HXlqxAzcKwBVSd+8oXFwvpmMGpvcnT5PX+mQgXvATS8BsckscpMm1VE3wHTkOBW+bV1t4k96skD+57YMIuM6xjOj/c/ifPp6vOLS058rO9qcw=
KSjtgVy0mtZ6WnsyG7S5goVxf+BhBz+2NTyO4go50DEkaT4m6Q9aQjYzJOp/a4GbzsgwsUokpfglPxrL///plNmNjfWbsJWS4YyHIKxmMNfEdjfVOnl1P0RDHh/pL2ZZTnqUS2Pw7wKDZNIyG5gjdme4jltHMwtilenpLltJqcA=
4nNnr2emDmKB4Kf2cUafghwTmgh4S9FTWeqBaFiwbno0YnyzVgIVYGZwuS060dSAhXz6AG3tv2N6Xoi9vqmr57CxzqGJraXXubMTnlcA+OpbG/4QUF0YYmY6PMsORkZQZ4hQeen3FZVxxiEJiTN5abWCUE06A2WT7O0tWUipPw==
3+5M6XuYhlJTzskpFYxgsYdxf/FjETu2NTyO4go50DEkaT4g6Q9aQjYzJOp/a4GbzsgwsUokpfglPxrL///plNmNjfWbsJWS4YyHIKxmMNfEdjfVOnl1P0RDHh/pL2ZZTnqUS2Pw7wKDZNIyG5gjdme4jltHMwtilenpLltJqcA=
Ok4VnnesOnV3OS0hDaWQ4xwTnB5kVtFTWeqBaFiwbno0YnqzVgIVYGZwuS060dSAhXz6AG3tv2N6Xoi9vqmr57CxzqGJraXXubMTnlcA+OpbG/4QUF0YYmY6PMsORkZQZ4hQeen3FZVxxiEJiTN5abWCUE06A2WT7O0tWUipPw==
p7JNE/sym6e7fqA1kKZsRxwTnQh2U9FTWeqBaFiwbno0YnmzVgIVYGZwuS060dSAhXz6AG3tv2N6Xoi9vqmr57CxzqGJraXXubMTnlcA+OpbG/4QUF0YYmY6PMsORkZQZ4hQeen3FZVxxiEJiTN5abWCUE06A2WT7O0tWUipPw==
Rd0XoMVnEwXrB35TZ4o86WsRwSEuzN9igtPuudHt8WYEZ7LiE4ILFNBdJ9KPdLZwgOa62tnqGXJ7fGhIl/H0MVocK8S0XAOdsX9UZkZhUClFO36J4L2H3cuL9wu9AtngNjZ1I/AMPi1WPsiCslfghqhMabB+JaeHewn/fo/VR9J3dZu6HhFUc+sPQlXjhaap0Q==
1U6P//IOHQCmTmkKdUxzh9Lb4Z9YEdHudwppfmkF5AfbXn4LFFF/EDuT/qfAftbmCoYRIaITwCIr7DrwDH4eqpEj5VJndGxYc8m4cZbkj1Qw1J99DTcQVqJ5XClJI5q5pPU7PVcDc5sZ+hWgeg6RM/QEIg2q9ozyFs9sBiTUzUC6bdunZwH7buvtixI7DT8qmpnIE1fHhmWHnaqp3Q==
qRJZorD304FRqIzS5KaAzIzefQtx1FnJTpyPlT4K80D2OudCNBddaVouxtHzVq6vc+/CnhZ0LfGep7W3eDpxfUX+mGjDXTUFnu84MFc87dlgIHDWeJRosvdCeOZMbGvdWe/MBo6RaCl9y7bpeC1vnaO7Dyv1UkFgrma9w8h8Fu3+rlAiemeYhlB8IRDmtQ/HU/nHHscF31LvpVOaZiG8s4Of2rWr9Z6p6Q==
/yQ9GB2tu2IaeBS/K+/0aIzefQtx1FnJTpyPlT4K80D2OudCNBddaVouxtHzVq6vc+/CnhZ0LfGep7W3eDpxfUX+mGjDXTUFnu84MFc87dlgIHDWeJRosvdCeOZMbGvdWe/MBo6RaCl9y7bpeC1vnaO7Dyv1UkFgrma9w8h8Fu3+rlAiemeYhlB8IRDmtQ/HU/nHHscF31vupVOaZiG8s4Of2rWr9Z6p6Q==
bKCzR49uKEj04ddTAX7enuU4mFy9PI8dpj+7XLQTvPkfPmtFxnFvtJX1HY5bvYpTeaI7PRdkCEpDD8kKLTManKTvcGIms25AMytRjjqCmWat5R994tv/idwPrr3Z8rDB/875xXmuyFoBBVp74/guIlCsRPIbOuy2eER3PSUHWLY6yYQpkZMCWezFE32/kzt7YSqtIIJeqRO8lIpNQoZEUo4/NAb8pFXg8p2zZ8+RM07TPfOagl3HSlIJoNN/904FHy3yqYU=
rMm+KGMs6UZhKEGrTg/2MfrhJv632qFGNgrfPEJkzDrlWoTe8JEIi3FL9R4IQKWzuzAAPGvuBsYPLY8IZGANMn4HTloh6tJg8U0wBXn74rMZ0ZR61QKmB5CeGrzDJK2jIZAtZYEtxTRQBw2+OJLlTKTXLuhbabO+Ckm+4Srfgv5gI3IhqhQlKAVP2tufT+nEeX3NZXuAFULB/EcwzNYwh2SGd0XaSfXvZDPeD4mfZgnuitTbg8Bv0qMUEiJ7KConx0jOy6cDi7K1mSk+O/mpkA==
ahu2TqzR6AG+ttBvYun3q2ciLFTLKC/LI3C0jpWQ4UBUWm4b0dXrWj9KozK9F0jf/TjFUWMIGbljIsmoguA9lZaRuPiBbN7IsQ1D697uzOXSqce/9AFqKXVNeR+doxfmO0BUUt+LGtiMfSRqAkp4k6LG6oijeLRx1ddJ3RVWpbEl+pSRsZJ0BWZjGRtIXemBpKnT
12ECkgPYTx5fwGpM51AfEdxM7+AQWPMNEHQ0Rio56r3tCGm0GHqCaPyMQz+FwNgmd0pvdot22tKWg+Q6n5uBi+74cOEqVCVohY/aGx8P6YT5vc2l+8AVAkE8R/BMljDH5EZ3hVoJ9a/k897PCd9mSW5K1BsDgG+SI9QS4vtoKmdHiM4LJ0OL8jVZKf67uanQ
+JTDVvd6u90Q/Vj9aNh1/xHwceNAc3KpuDEXxJ2rN7XGfkhz0iuOF6vpTz6fdbfYxhWLeu4xBPPb79IVkyV2qQE=
cQgJCxy2UfleZbu+PemawWPs+wkhsZi44+XIb4A87Nr2Xsb+84qvGh1PS889xANNd2nVzTtJVjmkRkqe47FoqBZoa3wRZeapYlTU/XrTNrIVMsHBAvmzmWkObUNl94eGxfhlEj/yQGAQ7ZAYv3eGr4U1YH1GbWWJpoO6dLwJP4Z/qEe6KiA33kgN8xZGubslOyjxl3Gcl6+p2g==
9503b+e62GjuDl0pNd4JD6gYI3yLrPX5ec+lHswmd+J3uIFER3wz0mW8btjMmqL8V7gQLYUeCHhJSwumI6tuAT1kG4quR0q8/UWJn9EFjsfkPtl3VmZ4RdUae/DocH128fUwNWTLnp3ybBMk/MybXclPnMbesXgpbevmKSiN/x1TG7/rhXJxYF4GjQO4nKZtbs6A4iqHiIZAHPFQtlWfR+OZN1735a9Y3oWj2taBzDMTPwr1e9WOqfk=
wfpIzdKuggpICoTgcJCJkINHgR1yIaoyvcNyOTrff0qNhF/KP3VnHVRKuAjzMDElemOuXw3Wz7SAi12lgipn2/pPN/KOseswCadLjy8bE/cSfXk0JrjVVmPCQ94em2pPkfBpFyaZQbvLW3tBfblqdSLQ5LVkE7pn5UDAJ7Ag332StcJQAwf0U1CpOTu4vWgEV92IA7H/ri3EKEWPjqhFHbpcy0RUHOOdUT+05qYhsCmle54JAP1n3SvLF4tdQjnglnZVo9BMni32fugCkhdAhgiMSTBe5QeH28nf/q8V59gWtfs6ftE0c4vPItWDRcapsQ==
w1dVKxJ2pdBiVoMgWL89Zfi1aVAFqbac6tqQmHNqhzBf0kTG/llBuOYq0dIOfmubewkFbUcntx/4EzhvZbx22KlMEeMbX4+gwpXhqc/vnywaMBBcJHLASbjmEMJnN/4QfwQ8BWUzdmaw/KHtsEKnuFcbAY199h0h3XgsAcny3NWuo9ErID3xsbypyw==
e3BgnfIZ6fJmMw1uA0evTOmycBh4/4OZ5dGPviA0wkMuw0rN+1NKyZRAoqh6a3ObND0ebGcHvBz/PQBoeYx2mPlNC9s2DtTVyqnfj+zhghk9DTFPNUPvdoPALMJnK/IIRD1sGipqYGO6xvL4u1icgR0XAY199h0h3XgsAcny3NWuo9ErID3xsbypyw==
70bCo+08yPUcZSi2ewpqL9FWJ+XfipjIpM/P0auV1HXsxB77iqMuVUfDxkEQwCYg9vvPA9DdutQ7d/BUO/3EoLW8KuCdbS/Dyh7Y3c6p24fg8X4BGS1VN2lzI75HAOiKK1uusODdiIKW+uzrPkZ2cDfIIBl5d6U1oQbR6Zk4aEmFwgAtSoP1M1wt/bm4qc8=
9503b+e62GjuDl0pNd4JD6gYI3yLrPX5ec+lHswmd+J3uIFER3wz0mW8btjMmqL8V7gQLYUeCHhJSwumI6tuAT1kG4quR0q8/UWJn9EFjsfkPtl3VmZ4RdUae/DocH128fUwNWTLnp3ybBMk/MybXclPnMbesXgpbevmKSiN/x1TG7/rhXJxYF4GjQO4nKZtbs6A4iqHiIZAHPFQtlWfR+OZN1735a9Y3oWj2taBzDMTPwr1e9WOqfk=
tU5MQ3MXTPwYMallBd0+aperYUQX6XUbUzpHGAVFB3twgwURG4c/KG9jp/Ngh4KRn2KtOzVjbmQLpeLoDTVyAuhXvia15gkFUp2bjWkaRSc1M09SZWztlq8W6DRQubj8r3OOu6XhqLkWCc0dJhcSEOzN91JfvE++OsQfighZW/LWPTOxm/w5UyH4v7upzg==
jdUiJZK5az6w7Z4P+eh0X4zecwN1ilzOU8vbmnFz0mjMEtRtBz5daFZvida2Rbe4bu7Clxk9LfWSmfrceDd8E1j5gRvQTTYAgKxgIwkvpu1MGF3vZrh9ncJMY+RMbGvdWe/MBo6RaCl9y7bpeC1vnaO7Dyv1UkFgrma9w8h8Fu3+rlAiemeYhlB8IRDmtQ/HU/nHHscF31jupVOaZiG8s4Of2rWr9Z6p6Q==
ToBCRk6zHJK3WFEsfGOUUXd4crw2UT9jf071BAAvHTfzmhJXSV099YK5Khwol+yTKFlx26BtxgDwjJBjeY9Wbdy4ja82mG2d0qyzpByM+13pD3xGvnFYKU0rhqnIzd8dM1tfayWyUWC+Ru2DGNyGbQ4OIGKKR+iGoFxR0BYVf0fDWZfeFyXPWP7FA1q2QSwzM/9qdZuVrqnZ
h5RWGNQmZxeUWreotYTH2zOHLkUqemMWtzYfNRdK0Jj8bydBExWs5UQkxkvC42aFv+PuMQjAPtDe27dTGB1yZGMXWMTDfXww3RzyEFUtZ5Py/jDt1qnDtwgRRlFRbZ3HsdNLLv+AEBqDO/YAKB1A0u7axBsmRm4AH+jYyTE37YV55nl54bjQ2W1iWF0CQz3jZE2ViaCp1w==
Czjz53C9C+NhUngJur3kuRZq66/TFsEv1g6ODbsytelaErqigLg+vqMqQYS9yP3H8znnnifFP19OZXMaBmHcs+Pf+jWLNX6pCQ==
GaFax8XIGleeot1e9lacjSYziATcsfy14eDQY1E31oqTlEAPOuvCCKCgv1OUcUmK3L7RR2B9Duk+jd5WYG5wvPYmjz6bkAKek/xva59sPtcvdyueTV15QhNtqRw=
RNHe/ok+Yr7B0ko0PnulQxZw7a/PDsAv1g6ODbsytelaErqigLg+vqMqQYS9yP3H8znnnifFP19OZXMaBmHcs+Pf+jWLNX6pCQ==
wpKKANpTsDqjuXkyN5UlyRdw7a/PDsAv1g6ODbsytelaErqigLg+vqMqQYS9yP3H8znnnifFP19OZXMaBmHcs+Pf+jWLNX6pCQ==
iVZ7diflprLGkWptbRLW1aICD28adnpdb5oJScb6zlIUILI+L7LV9EmgYWdPkbNOUz1znwJdR0rSCSDT//fOBZ8tcqkF
k731Gm4IGDem8cjUOrvczaMCD28adnpdb5oJScb6zlIUILI+L7LV9EmgYWdPkbNOUz1znwJdR0rSCSDT//fOBZ8tcqkF
ZOVtMZUCPvKBP7jJxLHWzqACD28adnpdb5oJScb6zlIUILI+L7LV9EmgYWdPkbNOUz1znwJdR0rSCSDT//fOBZ8tcqkF
b4U+XnpXi+IUw0V4kglj86ECD28adnpdb5oJScb6zlIUILI+L7LV9EmgYWdPkbNOUz1znwJdR0rSCSDT//fOBZ8tcqkF
nPELnqt8bp2C/fYfST+Qby4Njiw519hrgMm6t9HttXUKSbK8QMdUU/BpGbuYfc4A+Jyog5G/Di1kaGUPrujlHVocK8S0XAOdsX9UZkZhUClFO36J4L2H3cuL9wu9AtngNjZ1I/AMPi1WPsiCslfghqhMabB+JaeHewn/fo/VR992dZu6HhFUc+sPQlXjhaap0Q==
jXgabvdT8KDVjnR/vHM91WlibROfPSjQJ220ytCf+wlXVWgtmJSqE2YDgj3Tc1K5jEC6WGJLW+t8fda8j6cEjIe9uPiBbN7IsQ1D697uzOXSqce/9AFqKXVNeR+doxfmO0BUUt+LGtiMfSRqAkp4k6LG6oijeLRx1ddJ3RVWpbEl/5SRsZJ0BWZjGRtIXemBpKnT
7+IRS+1KFIJJnzHlZ2EjIla9xaz5459d+YSkssRfH3PzkreAhd1309Br1alb/28Aj4uX62Cfsnl/Sv1Dddu+jKsNknCNrYKqSD/unnUe2S0y9auVaQJ1T1Ubn6ql1L3+D74YrNAhyFQPm14D5Zn4kfbh/QUmDyL4DOWnKh8En1aabG8Sj8GrWnZVYwlbBOl7QZCPo6nW
DmvOhHrZZkeeoi5wMc3mn4Kh4uyAHbSuCKjCIRtdC4ib5qX/kw34AYmfqy1bTtexWy0g3fbHt4BBFSVpamITV/7WbU8mNCCVcmjFjK2jqg8nE+mA8bHdkeM8NSYpUHcktEpwg6wKp3GCtZXLTF8uW7FD5s3mxkSvm/zPNss4oraDNO+jj0Sef39/axYddVnqg6Wp1A==
gsz0UsXjDIFteUgd88cMFH0pOx2/MjCr6gkJ2W9eGtCMLYKqyuX+wgMk0vKb2C+35/iOm8dzC6IVqenu2wmpAA==
XkBrMNQPlIQXA95QWVg2CmsWx7IXWwJ7z4XtWadIz262IBCa0s1ZBQeqmlwUiTIWArEervsgwu6z7G97vxz+Z0/nqw6t7TmyM32pDA==
8RbuCc42F5n6+ShHHX2yuuEtPG9WKz0UM5ELS4CozkUIOYV6NebC9lO0ZnZPkbNOUz1znwJdR0rSCSDT//fOBZ8tcqkF
CROXb4ZCO3ANjTlCSq2vN6+M4hj8kiQopo2VHmMCdY27smUqNhZ4k2iPSBfjbO0tlbveFBA9FgXbumtaXI6NiDiGUa1tNo2B7X9cYVkyzDV+I2FLUH1BEWypGw==
V2mUS3kRqXvqdDqBjeSOWmaG33mUvFmaxatC0LzqOhfTNnCHxp2LGn1ZCFXZ1ea8smV+u1SluaHlWhDSz6Cz1foxaVHfBhr43NUi4jr9viqTnDL6qwCvHzeArlO368vKBZGJZmtRqSg=
dUX3BKBzDCga3k5m53Uy6dPSxrPDZnjp7ItjtmL4rJ3BFmsCzQdOQFMuydici5ilZ3heMuaaWmnwl2nEB/nX6/wAGjU84en62b72BgccmtYTeYceh4UfXy4lk5qmofyzwx+atWt1Xqkp
otNsHl4bcUSu6DiRmfztHVLG4MBbJiHUgnJZ44QNORkVEnDK38jzLUq5yYmPLhrArB3CeqoVflKjlBKie6gvp8fIzkung4sytRkpvjt5qRA=
Bt5ss0GVtt+CaFkqhBxXXVJx9r6GWrpp0FfJROc5t+scQLq1nKEJ+rl+Voan3PrW8znnnifFP19OZXMaBmHcs+Pf+jWLNX6pCQ==
eNroCws/YpZJvqJcskCMi6+M4xj8kiQopo2VHmMCdY27smUqNhZ4k2iPSBfjbO0tlbveFBA9FgXbumtaXI6NiDiGUa1tNo2B7X9cYVkyzDV+I2FLUH1BEWypGw==
FJDCsXm0oCtq+Ki/G2KMONPSxrPDZnjp7ItjtmL4rJ3CFmsCzQdOQFMuydici5ilZ3heMuaaWmnwl2nEB/nX6/wAGjU84en62b72BgccmtYTeYceh4UfXy4lk5qmofyzwx+atWt1Xqkp
otNsHl4bcUSu6DiRmfztHVLG4MBbJiHUgnJZ44QNORkVEnDK38jzLUq5yYmPLhrArB3CeqoVflKjlBKie6gvp8fIzkung4sytRkpvjt5qRA=
Bt5ss0GVtt+CaFkqhBxXXVJx9r6GWrpp0FfJROc5t+scQLq1nKEJ+rl+Voan3PrW8znnnifFP19OZXMaBmHcs+Pf+jWLNX6pCQ==
ypnaGa91gxnSjR6Bu8pWN/ctNglVOD0TPI8UR9ypi1QRI7M1QvbE406zandPkbNOUz1znwJdR0rSCSDT//fOBZ8tcqkF
iVF/UpYnmdoRQi7SnHNlwvctNglVOD0TPIsWSdypi1QRI7M1QvbE406zandPkbNOUz1znwJdR0rSCSDT//fOBZ8tcqkF
D7TtFv3RHQpSCSOX+qNslGPs+wkhsZi44+XIb4A87Nr2Xsb+84qvGh1PS889xANNd2nVzTtJVjmkRkqe47FoqBZoa3wRZeapYlTU/XrTNrIVMsHBAvmzmWkObUNl94eGxfhlEj/yQGAQ7ZAYv3eGr4U1YH1GbWWJpoO6dLwJP4Z/qEe6KiA33k8N8xZGubslOyjxl3Gcl6+p2g==
bNGCB/WpUIwhVy+sp3MSKNG70I+EsA6KxURPr7Y22NeUzQh2D/EfrTqQ13IKqEeGz9UDnmbxKx370OHfEZQnd6kC
1oQ6tzVzYQVDjupVUBKi/2QbiTYi2N9ow9T/oPCktHgMQ7K8QMdUU/BpGbuYfc4A+Jyog5G/Di1kaGUPrujlHVocK8S0XAOdsX9UZkZhUClFO36J4L2H3cuL9wu9AtngNjZ1I/AMPi1WPsiCslfghqhMabB+JaeHewn/fo/VR992dZu6HhFUc+sPQlXjhaap0Q==
ENB9U4TJLbPw9I3i2NeVGChd1vo8sT8wEDoMD3CO6dQUHX2Wli7e34zSDVJ/wTfc/9gnCuow1w5PXZMGBglb1bsY0ecxjDd/qQo=
J3/4FJZy0qPSO1wPb5Y9CJyzTw1KpHa8NZdfPKyFLM6+mdZMJwQ87vO+ipIeRCnpyy1xpKqO52G9GRFlQwDo1E201QNUR4eDlRVfhuso4ibjRO/T79Teb1/P66Y9ZZl6Y1WpJA==
qUR0NivS+Ln5b2ooPy3nJDHe5PvT8cM9bd3TNrhiRmGEUl4WDWXH+KO1gUJbRB/lHPVaIXV43ZNcSzZJPGnr1LFjUzUiNmRjrvMKd2/RU84z/VOf4h3nynJJwNPfN26Ff21SqSU=
4lz58YOaIUAUygQYKnPGpiy9lQathGIWMZ3jiGd9LSL3zJt1uC0GYamguYNYQ1pp0KGvZFXbL7XejgDTartmV4PZV97XpQ9fPkVDWvbBbDNzfyp1WxVuqRk=
1WyHOFY3cCH7DxWvkfpt/MkSiGRQhmA3s5FmFjWV/5iLRUkCE5S3hYRlwqHt6EUzNJv+CXRZA/TJU6s1WgacQ8bDwrcngbtuq23LH3qNfyraGQgTl0dGZUcdaqkd
XqJWdFeqE1TUJVmIXYIHlOAhp0FhtEEthJFmFjWV/5iLRUkCE5S3hYRlwqHt6EUzNJv+CXRZA/TJU6s1WgacQ8bDwrcngbtuq23LH3qNfyraGQgTl0dGZUcdaqkd
6oTh6UGgzhszSRYpGQlr9vrAoBn2jzM/4JazGXkAHcm/smU4IR0iiWTBSwTja+I3iLmCFVUsDx/t9RxKWpuQjzSHUa1tNo2B7X9cYVkyzDV+I2FLUH1BEWypGw==
cZJgvqmoMO5rq1DoxWcDjozefQtx1FnJTpyPlT4K80D2OudCNBddaVouxtHzVq6vc+/CnhZ0LfGep7W3eDpxfUX+mGjDXTUFnu84MFc87dlgIHDWeJRosvdCeOZMbGvdWe/MBo6RaCl9y7bpeC1vnaO7Dyv1UkFgrma9w8h8Fu3+rlAiemeYhlB8IRDmtQ/HU/nHHscF31/upVOaZiG8s4Of2rWr9Z6p6Q==
N1pYej5mO9HUASIGcHRLZyhd1vs8sT8wEDoMD3CO6dQUHX2Wli7e34zSDVJ/wTfc/9gnCuow1w5PXZMGBglb1bsY0ecxjDd/qQo=
Zx2ZGLDikKcMOmporw2kFaGW7p5HQQJuNSdchFRluZigtafz1wW2RIukhaRXS/EDDGx80ZGGhkpxnFeFVYrTHzX2WtGgqa6tX6KBzTGZd4h6febI3d3bN5E6b77yV0KDF2kV+6u5kMU3vizuL/4rSdkd7vO7UWpjeI3P/oaZGUJfBV+iLgK3iczLNZQY+hYAwpLdFuquTijhjXPLbq7chSKpN9/kQdoJRc0p/w1jZwZrQATy78uK+Fz91AryCmgzEsZaKLO4xJGlVxn9hZaVEfX/RPFB0uRltuMpO/id+WHUqaM=
woE/KayotxMasW3BdQNV12Cd7nT4dSBz7JjXBrZ02+HtO2iYQSuaxaVPauArBO/gOjwEVM6A6IctPjT3crK7l1q9+gxGDNPkSiinpgXqHunNF3qiaS65GqL2JHXbzwWU6ZR5JD0VW6w2pWTYQlb/Ko1/YSTF/w3TdXaEIXW0JPylvgBBplI3t2PcPk+my9aR4mzkVdr75irVKhGp4pFD4Wl2nSuFn1eeBWC1Op9acFiQ1aCwH1/WN8UtMJUmhRVxpnvKnNzhb54/MBeSiogH5s81w77mkWu9+zAh/5H0Z9epog==
dOS15FON1GIgPMEW/5lqJucyidaljCz+15geujjjmhA2g6t2elnpptg9F2cJyWsY+jtMkQqojxtw3alaZ/fZJl0LW9PDW47LZ3qRc8J5gvuDIBCv5QX8wkMIoUV5Az7vrhcL4ZoBSwYPmJLsJ9nFW9p3j1m1Pqjn187RFFNfG38fz6lV1wRIibYC2BLM8N76Fh/F3ayY7oTM2P981SCdvIvJriwrFc4AGbSdbAwnaV6bP3vJNEn1YUBnuEuyK+zlt9r9dTXMn5Zhuy2t9Dqs8hX3SZfTW10y7TbLUZzMm6pJeyps9NlEM7ABseWyy9ihyPapOP4kyB4+J8n6sHUDKKVvL+ZwmjZNCbpTnFCWY10kZXYDhywv4wc+/I6+qtQ3CR03WY+R+kMoDb8e9lkJ4u8F7wI+QkfpPEvltIi6JqCSko32mm7eyLENQ+ve7szl0qnHv/QBail1TXkfnaMX5jtAVFLfixrYjH0kagJKeJOixuqIo3i0cdXXSd0VVqWxJf+UkbGSdAVmYxkbSF3pgaSp0w==
5j9hu+PdtuHJrc/W/P0gksvM6Du3WBFYCoHcQ2KnBJ+LpvyqBUtlblEubw4zcWeMLeV5mh8lfRfMzwhRgddCcdCKdK0hRbPof2/tSALMQTGlu7XE4NVlXlGNdJzgDOcar5cROYd+exGFyoCAAC9+tGVcNX2XavPuSvkxKAacVhCT0qEov/xvPOBp79k6xeD/7Kf0ER/A19eM33LT8JIe9sx0gtyZm/bg0Y9GVmxgvl9bMPB8n96jr/1k9//vNckxp2V7wGpoj55o/jDOQ/Afh2YVPNK3DN3oj6wEsl7mc3/gstRea992/91FNb8ZjPeh98FP75bMEiXQGUhBbwQ4czlKdhKf+lwb/per5gLO7uMKmtOj5fOJfLielZiWEWwdxr2J3s2CA8TVO4XnVcJMJaXQzIglyugldlb/A0Potou2L75lopiMsUo/7p51HtktMvWrlWkCdU9VG5+qpdS9/g++GKzQIchUD5teA+WZ+JH24f0FJg8i+AzlpyofBJ9WmmxvEo/Bq1p2VWMJWwTpe0GQj6Op1g==
AgUUZjs30m1upgkwtx6iyZC8RlGWCoqn8aV0vWsQ1Mjjf2WocAeDauqhtXCmNRkax5ZluygjHiBUikhfb/7aap7zAOGi4hQpMjBS7Z2A7kljtMG/uxK9Jyp8B5UUb72qi3fQkcCPOaCq26ft7sZZ2Hvh64vcW9Q38dX4SZmilQhIKHWxx6/gNzWtN1b6Iw3eyzCBF3nL5W/TYTUMWq1s0kKWXhicjiwf/6nucHwAVgglWMcof4jxaVSYSV0cJAOkR6heT+uqIX9BPTYhp6Wa9yLvYGOO0U36h8HXRA0yu2s3qebS7oavd/PjkbNPNvfmEfUORHkeM1vQWJaRlpcqkWsh4KPaVfK2E8x8TJra5DfT3mI9YZxfz1XSkpIkadNqyRjCfiEpHmVMd8XEvWed7iaqrKI2A3O9ze3t2ShnMh1l2qQxixZVRdX2PCoVLebbfxBa8kSUaLL3QnjmTGxr3VnvzAaOkWgpfcu26Xgtb52juw8r9VJBYK5mvcPIfBbt/q5QInpnmIZQfCEQ5rUPx1P5xx7HBd9f7qVTmmYhvLODn9q1q/Weqek=
x6y1EvWlAzl725xNr4ftlbwgN/6gRZQ1Z2BVznrkrV5ADvXhZ/CAX/4mczL8IPSk1Ug09yjLhIiS80/EvLUUI4IEFr/FDUF93pRQ/V/iKjcxyGqsC2xADPd5yvLJW5X04nA5jVWHzfjg6R1ioTEMIACwnyZfq2kFR8IDrXV2+LzgEwaIleBNwRfWi1K6xUkU5qAurGNu2ZR/wBcAEFWXZdp5mEMcm4wtH/yv63xjCm8QLmbKPEj64FknjlwhMz5qjFzGY6uMiMAfYtsTDViPww8JsY1X2QN8qlT3opjCSHKjTGc7lilE7rcwpdR/EHwOvloLQxCOrGKrYw5DLflNg/mwj50HfTdTFnBqmSAlMH2POEDPyfYOrl/GJCcOq9Na4nKWX/qmq5/lz/FASCLtJHatFCE2gfHiDT57eCWH/du1/jQZVWy0NKV2kJmGaoc/o9TON0aTxtlipPSNugOWIpWioZHCydOpaT4Nc6Wn5xZFaMXC/4JgkBCdsOj/JyY/BaWArQZdhbmms1pE/NnfFv845+pq0BeuT/3TZoZpG7W7uJHHsaz3n6nq
x6y1EvWlAzl725xNr4ftlbwgN/6gRZQ1Z2BVznrkrV5ADvXhZ/CAX/4mczL8IPSk1Ug09yjLhIiS80/EvLUUI4IEFr/FDUF93pRQ/V/iKjcxyGqsC2xADPd5yvLJW5X04nA5jVWHzfjg6R1ioTEMIACwnyZfq2kFR8IDrXV2+LzgEwaIleBNwRfWi1K6xUkU5qAurGNu2ZR/wBcAEFWXZdp5mEMcm4wtH/yv63xjCm8QLmbKPEj64FknjlwhMz5qjFzGY6uMiMAfYtsTDViPww8JsY1X2QN8qlT3opjCSHKjTGc7lilE7rcwpdR/EHwOvloLQxCOrGKrYw5DLflNg/mwj50HfTdTFnBqmSAlMH2POEDPyfYOrl/GJCcOq9Na4nKWX/qmq5/lz/FASCLtJHatFCE2gfHiDT57eCWH/du1/jQZVWy0NKV2kJmGaoc/o9TON0aTxtlipPSNugOWIpWioZHCydOpaT4Nc6Wn5xZFaMXC/4JgkBCdsOj/JyY/BaWArQZdhbmms1pE/NnfFv845+pq0BeuT/3TZoZpG7W7uJHHsaz3n6nq
mw4/e1+ndz14Jug5k1T+9a0o5HUwfrqmt7Lviuoytig3KNRSyGHUGtAJUxwIAGUe+KRpEEhBI2lMucYlMKffl5EtFQTdqqlazva53hwRBl28j9UKix/WCMZDDSUhTmBjifwJw7Bm0Gr7CKepZRNnqDdTPSQkGpCpggYNAuG31xzfDFL3NRL2ugpCWywVQh9q476YxwsDaoPcDcS54Bsf9rv1VBE2qUB0gmREynZ2+c06IunhYkx8ZsJts+6kNl8oD81l6nNFn5MV4+8bTypKfoOckNBUlJM2o/XOi6hYN7oxStfiwEhugG9t6IygdIsJOr1lq5EliQoLE5+fmyXWuj7HyBdMe58iZCHxtMJ4P2zQmYY5TzxSiNIRIoTHqeXF5V5gUNHiJvfwj04DfXSt1M8G7VWh/UXEMBdNDpjC5TxER+7Ye7kzTmpZ/lGKj4KOgLOyEYrEpdhlX5prPx/ptJntDVVbUJWyoewHgGyGMPeEFrd1+pl1HwQjnr8pz2Z5DhoU66MQ7yLDBFKS23gvVyfYDvuH0wtC1YlpjpupqeA=
lRlIFUHDi482UmDKXBEvi3gvVA8xVSLDRMw4k/ABfdIN9uC5IGyBbSL6bJpaGZ7DlFrSSeZQBm35OgN8QNaT/XRlJqN3bD8DV74Mro9+S4n5HQW2HNEKI5iN7z7mGbkCvwU/Yo6CV8nsy1VU+Hq2wKKS/VYKLu7owY2Ti84uvEUCqRcfhMF6SaXNCT+t44dGS0BkMk9Lajg8/fRKEorI83LGumgTOKRRhVf5veUWNVEV/mQxIVJEJZbjSftYHRkh9KmD
E8Q9iHCOvjylhe5aDzYgsB6xsbMxk8X0llc8/2MlUXl3fXP9THkp7egC7kp9dG9cOznVK8yPX5lxa4nLsdMMWMnZKbw5TJ+y59rgqOpUivZxYuZWuJumkslJNExlzJKMAJvD3QmS6Z5tOhX3Z9pmf6CXLusNjC0c1NpNfZFFhczgj61maLrldNQfznDLgXPGOkGeufp3AkaQaxI5unxl0LXHegPPZ+n8CbUt/eto1Trx9GdoHH6wP5TOF13KIbUX1Lt+19m3ZjGeQjRDEyivqpMcMnqrgK6fNwCu07dry0oFEYnma9GpqA==
TbshymOUQe20aUiZBPGmJx6xsbMxk8X0llc8/2MlUXl3fXP9THkp7egC7kp9dG9cOznVK8yPX5l2aYnLsdMMWMnZKLw5TJ+y59rgqOpUivZxYuZWuJumkslJNExlzJKMAJvD3QmS6Z5tOhX3Z9pmf6CXLusNjC0c1NpNfZFFhczgj61maLrldNQfznDLgXPGOkGeufp3AkaQaxI5unxl0LXHegPPZ+n8CbUt/eto1Trx9GdoHH6wP5TOF13KIbUX1Lt+19m3ZjGeQjRDEyivqpMcMnqrgK6fNwCu07dry0oFEYnma9GpqA==
vt5+qkFk6S6Fs10y+njT5R6xsbMxk8X0llc8/2MlUXl3fXP9THkp7egC7kp9dG9cOznVK8yPX5lxa4nLsdMMWMnZJ7w5TJ+y59rgqOpUivZxYuZWuJumkslJNExlzJKMAJvD3QmS6Z5tOhX3Z9pmf6CXLusNjC0c1NpNfZFFhczgj61maLrldNQfznDLgXPGOkGeufp3AkaQaxI5unxl0LXHegPPZ+n8CbUt/eto1Trx9GdoHH6wP5TOF13KIbUX1Lt+19m3ZjGeQjRDEyivqpMcMnqrgK6fNwCu07dry0oFEYnma9GpqA==
9nC+wsVXAZLjA9wSJwJWsR6xsbMxk8X0llc8/2MlUXl3fXP9THkp7egC7kp9dG9cOznVK8yPX5l2aYnLsdMMWMnZJrw5TJ+y59rgqOpUivZxYuZWuJumkslJNExlzJKMAJvD3QmS6Z5tOhX3Z9pmf6CXLusNjC0c1NpNfZFFhczgj61maLrldNQfznDLgXPGOkGeufp3AkaQaxI5unxl0LXHegPPZ+n8CbUt/eto1Trx9GdoHH6wP5TOF13KIbUX1Lt+19m3ZjGeQjRDEyivqpMcMnqrgK6fNwCu07dry0oFEYnma9GpqA==
+kLHb2LWaafVej7jVH6Kph6xsbMxk8X0llc8/2MlUXl3fXP9THkp7egC7kp9dG9cOznVK8yPX5lxa4nLsdMMWMnZJbw5TJ+y59rgqOpUivZxYuZWuJumkslJNExlzJKMAJvD3QmS6Z5tOhX3Z9pmf6CXLusNjC0c1NpNfZFFhczgj61maLrldNQfznDLgXPGOkGeufp3AkaQaxI5unxl0LXHegPPZ+n8CbUt/eto1Trx9GdoHH6wP5TOF13KIbUX1Lt+19m3ZjGeQjRDEyivqpMcMnqrgK6fNwCu07dry0oFEYnma9GpqA==
TDRRK+FqosN2l4Nwjfgbnh6xsbMxk8X0llc8/2MlUXl3fXP9THkp7egC7kp9dG9cOznVK8yPX5l2aYnLsdMMWMnZJLw5TJ+y59rgqOpUivZxYuZWuJumkslJNExlzJKMAJvD3QmS6Z5tOhX3Z9pmf6CXLusNjC0c1NpNfZFFhczgj61maLrldNQfznDLgXPGOkGeufp3AkaQaxI5unxl0LXHegPPZ+n8CbUt/eto1Trx9GdoHH6wP5TOF13KIbUX1Lt+19m3ZjGeQjRDEyivqpMcMnqrgK6fNwCu07dry0oFEYnma9GpqA==
jvhZ28vRW6xf+IiPBPtYwx6xsbMxk8X0llc8/2MlUXl3fXP9THkp7egC7kp9dG9cOznVK8yPX5lxa4nLsdMMWMnZI7w5TJ+y59rgqOpUivZxYuZWuJumkslJNExlzJKMAJvD3QmS6Z5tOhX3Z9pmf6CXLusNjC0c1NpNfZFFhczgj61maLrldNQfznDLgXPGOkGeufp3AkaQaxI5unxl0LXHegPPZ+n8CbUt/eto1Trx9GdoHH6wP5TOF13KIbUX1Lt+19m3ZjGeQjRDEyivqpMcMnqrgK6fNwCu07dry0oFEYnma9GpqA==
Yzrp3GfSKFd3k2sZXdeTOR6xsbMxk8X0llc8/2MlUXl3fXP9THkp7egC7kp9dG9cOznVK8yPX5l2aYnLsdMMWMnZIrw5TJ+y59rgqOpUivZxYuZWuJumkslJNExlzJKMAJvD3QmS6Z5tOhX3Z9pmf6CXLusNjC0c1NpNfZFFhczgj61maLrldNQfznDLgXPGOkGeufp3AkaQaxI5unxl0LXHegPPZ+n8CbUt/eto1Trx9GdoHH6wP5TOF13KIbUX1Lt+19m3ZjGeQjRDEyivqpMcMnqrgK6fNwCu07dry0oFEYnma9GpqA==
FY5yOBFCSOdAA4Zf58jSsh6xsbMxk8X0llc8/2MlUXl3fXP9THkp7egC7kp9dG9cOznVK8yPX5lxa4nLsdMMWMnZIbw5TJ+y59rgqOpUivZxYuZWuJumkslJNExlzJKMAJvD3QmS6Z5tOhX3Z9pmf6CXLusNjC0c1NpNfZFFhczgj61maLrldNQfznDLgXPGOkGeufp3AkaQaxI5unxl0LXHegPPZ+n8CbUt/eto1Trx9GdoHH6wP5TOF13KIbUX1Lt+19m3ZjGeQjRDEyivqpMcMnqrgK6fNwCu07dry0oFEYnma9GpqA==
NKwNoAFgRtZME9vj1rzYXh6xsbMxk8X0llc8/2MlUXl3fXP9THkp7egC7kp9dG9cOznVK8yPX5l2aYnLsdMMWMnZILw5TJ+y59rgqOpUivZxYuZWuJumkslJNExlzJKMAJvD3QmS6Z5tOhX3Z9pmf6CXLusNjC0c1NpNfZFFhczgj61maLrldNQfznDLgXPGOkGeufp3AkaQaxI5unxl0LXHegPPZ+n8CbUt/eto1Trx9GdoHH6wP5TOF13KIbUX1Lt+19m3ZjGeQjRDEyivqpMcMnqrgK6fNwCu07dry0oFEYnma9GpqA==
bMwZaFpFbW+ReWGOgHyaeh6xsbMxk8X0llc8/2MlUXl3fXP9THkp7egC7kp9dG9cOznVK8yPX5lxa4nLsdMMWMnZKb05TJ+y59rgqOpUivZxYuZWuJumkslJNExlzJKMAJvD3QmS6Z5tOhX3Z9pmf6CXLusNjC0c1NpNfZFFhczgj61maLrldNQfznDLgXPGOkGeufp3AkaQaxI5unxl0LXHegPPZ+n8CbUt/eto1Trx9GdoHH6wP5TOF13KIbUX1Lt+19m3ZjGeQjRDEyivqpMcMnqrgK6fNwCu07dry0oFEYnma9GpqA==
xr1ScBDGhrOWylMhOe5KBx6xsbMxk8X0llc8/2MlUXl3fXP9THkp7egC7kp9dG9cOznVK8yPX5l2aYnLsdMMWMnZKL05TJ+y59rgqOpUivZxYuZWuJumkslJNExlzJKMAJvD3QmS6Z5tOhX3Z9pmf6CXLusNjC0c1NpNfZFFhczgj61maLrldNQfznDLgXPGOkGeufp3AkaQaxI5unxl0LXHegPPZ+n8CbUt/eto1Trx9GdoHH6wP5TOF13KIbUX1Lt+19m3ZjGeQjRDEyivqpMcMnqrgK6fNwCu07dry0oFEYnma9GpqA==
Smmhoo8tRA6no5BO7XsY3h6xsbMxk8X0llc8/2MlUXl3fXP9THkp7egC7kp9dG9cOznVK8yPX5lxa4nLsdMMWMnZJ705TJ+y59rgqOpUivZxYuZWuJumkslJNExlzJKMAJvD3QmS6Z5tOhX3Z9pmf6CXLusNjC0c1NpNfZFFhczgj61maLrldNQfznDLgXPGOkGeufp3AkaQaxI5unxl0LXHegPPZ+n8CbUt/eto1Trx9GdoHH6wP5TOF13KIbUX1Lt+19m3ZjGeQjRDEyivqpMcMnqrgK6fNwCu07dry0oFEYnma9GpqA==
LCAg2kBTF3+t+AhkfEdD8B6xsbMxk8X0llc8/2MlUXl3fXP9THkp7egC7kp9dG9cOznVK8yPX5l2aYnLsdMMWMnZJr05TJ+y59rgqOpUivZxYuZWuJumkslJNExlzJKMAJvD3QmS6Z5tOhX3Z9pmf6CXLusNjC0c1NpNfZFFhczgj61maLrldNQfznDLgXPGOkGeufp3AkaQaxI5unxl0LXHegPPZ+n8CbUt/eto1Trx9GdoHH6wP5TOF13KIbUX1Lt+19m3ZjGeQjRDEyivqpMcMnqrgK6fNwCu07dry0oFEYnma9GpqA==
6Wcwe/D8mTMzj1KsoVE10R6xsbMxk8X0llc8/2MlUXl3fXP9THkp7egC7kp9dG9cOznVK8yPX5lxa4nLsdMMWMnZJb05TJ+y59rgqOpUivZxYuZWuJumkslJNExlzJKMAJvD3QmS6Z5tOhX3Z9pmf6CXLusNjC0c1NpNfZFFhczgj61maLrldNQfznDLgXPGOkGeufp3AkaQaxI5unxl0LXHegPPZ+n8CbUt/eto1Trx9GdoHH6wP5TOF13KIbUX1Lt+19m3ZjGeQjRDEyivqpMcMnqrgK6fNwCu07dry0oFEYnma9GpqA==
VdpRdGPK7HT7AVqE4bvXpR6xsbMxk8X0llc8/2MlUXl3fXP9THkp7egC7kp9dG9cOznVK8yPX5l2aYnLsdMMWMnZJL05TJ+y59rgqOpUivZxYuZWuJumkslJNExlzJKMAJvD3QmS6Z5tOhX3Z9pmf6CXLusNjC0c1NpNfZFFhczgj61maLrldNQfznDLgXPGOkGeufp3AkaQaxI5unxl0LXHegPPZ+n8CbUt/eto1Trx9GdoHH6wP5TOF13KIbUX1Lt+19m3ZjGeQjRDEyivqpMcMnqrgK6fNwCu07dry0oFEYnma9GpqA==
6QWgw3VsN8IjkZM5v/qarB6xsbMxk8X0llc8/2MlUXl3fXP9THkp7egC7kp9dG9cOznVK8yPX5lxa4nLsdMMWMnZI705TJ+y59rgqOpUivZxYuZWuJumkslJNExlzJKMAJvD3QmS6Z5tOhX3Z9pmf6CXLusNjC0c1NpNfZFFhczgj61maLrldNQfznDLgXPGOkGeufp3AkaQaxI5unxl0LXHegPPZ+n8CbUt/eto1Trx9GdoHH6wP5TOF13KIbUX1Lt+19m3ZjGeQjRDEyivqpMcMnqrgK6fNwCu07dry0oFEYnma9GpqA==
d0Rh+xY3eNIKhTVsKfJ2Eh6xsbMxk8X0llc8/2MlUXl3fXP9THkp7egC7kp9dG9cOznVK8yPX5l2aYnLsdMMWMnZIr05TJ+y59rgqOpUivZxYuZWuJumkslJNExlzJKMAJvD3QmS6Z5tOhX3Z9pmf6CXLusNjC0c1NpNfZFFhczgj61maLrldNQfznDLgXPGOkGeufp3AkaQaxI5unxl0LXHegPPZ+n8CbUt/eto1Trx9GdoHH6wP5TOF13KIbUX1Lt+19m3ZjGeQjRDEyivqpMcMnqrgK6fNwCu07dry0oFEYnma9GpqA==
bSmNfrkYx6bNiq5s23SqRB6xsbMxk8X0llc8/2MlUXl3fXP9THkp7egC7kp9dG9cOznVK8yPX5lxa4nLsdMMWMnZIb05TJ+y59rgqOpUivZxYuZWuJumkslJNExlzJKMAJvD3QmS6Z5tOhX3Z9pmf6CXLusNjC0c1NpNfZFFhczgj61maLrldNQfznDLgXPGOkGeufp3AkaQaxI5unxl0LXHegPPZ+n8CbUt/eto1Trx9GdoHH6wP5TOF13KIbUX1Lt+19m3ZjGeQjRDEyivqpMcMnqrgK6fNwCu07dry0oFEYnma9GpqA==
02WrOZkZjsATHPXkvJWyhB6xsbMxk8X0llc8/2MlUXl3fXP9THkp7egC7kp9dG9cOznVK8yPX5l2aYnLsdMMWMnZIL05TJ+y59rgqOpUivZxYuZWuJumkslJNExlzJKMAJvD3QmS6Z5tOhX3Z9pmf6CXLusNjC0c1NpNfZFFhczgj61maLrldNQfznDLgXPGOkGeufp3AkaQaxI5unxl0LXHegPPZ+n8CbUt/eto1Trx9GdoHH6wP5TOF13KIbUX1Lt+19m3ZjGeQjRDEyivqpMcMnqrgK6fNwCu07dry0oFEYnma9GpqA==
jvzxBsa5wwbJWbZIqAM6zQyWxxoKVKZa9MzR/CUay//VUbhuCEVDd5ASGbjrQWOHrdav0fsRDeI1Jibsn1OnNrmA2qGuQ65s65MIUITiAW2++TI42yHRYYGeMgJ5Ll5q3lbJj22IGZwCFCWxoUUkaL0wcjiI97OZMY7pikV2RZP/ZsaLaLoK4GvQbcE9Vt3ZyTnl+OhjXaLQJmXgfNMelNO9U7Jy7S49AqvCEvhnAh1igIVkPasKR/d76egh+X2Zc9R1zjnYV2xkIvDrfEKH+ZJd1SPcV44TYSvmpTaO5KcLFI/e27CC/lNcbstfDL73b5cr/o19+aJTzam8
rY6vL7qwSfZ6Jplzz26baB6xsbMxk8X0llc8/2MlUXl3fXP9THkp7egC7kp9dG9cOznVK8yPX5l2aYnLsdMMWMnZKbI5TJ+y59rgqOpUivZxYuZWuJumkslJNExlzJKMAJvD3QmS6Z5tOhX3Z9pmf6CXLusNjC0c1NpNfZFFhczgj61maLrldNQfznDLgXPGOkGeufp3AkaQaxI5unxl0LXHegPPZ+n8CbUt/eto1Trx9GdoHH6wP5TOF13KIbUX1Lt+19m3ZjGeQjRDEyivqpMcMnqrgK6fNwCu07dry0oFEYnma9GpqA==
0dDe0IFCf7N5V0PlkUZDnJLXMJHT68Xs3AbJP96BRj7rbVRSCknGnoEeNTJzcO7wMtSN0rS/7TfoE2fVRZbZIWCanbCYUd8s9FugeJWHiYCs9FPH5hfTtTmck9UQEwZwFas/SiFiPG8snxlpG+fFgV4Zec6CcsFGpdV3/UCv9WmEv1b9weKIoXcekcWR/kC6ORVCu5tI9kJYXOxy8wrklqA0z/09F6AWshmsKblDivkU1Qu9B+PjW2kaRaAqrqFzZCTyjVqWfLIGb9wGlHTdgMqNqyc3IWuu201bHuptz2oK+RiTZ+c2pZd92qmt
fvpZ52pyBVLx1m1nFPoahwyWxxoKVKZa9MzR/CUay//VUbhuCEVDd5ASGbjrQWOHrdav0fsRDeI1Jibsn1OnNrmA2qGuQ65s65MIUITkCWe79DAz2SLRYYGeMgJ5Ll5q3lbJj22IGZwCFCWxoUUkaL0wcjiI97OZMY7pikV2RZP/ZsaLaLoK4GvQbcE9Vt3ZyTnl+OhjXaLQJmXgfNMelNO9U7Jy7S49AqvCEvhnAh1igIVkPasKR/d76egh+X2Zc9R1zjnYV2xkIvDrfEKH+ZJd1SPcV44TYSvmpTaO5KcLFI/e27CC/lNcbstfDL73b5cr/o19+aJTzam8
0dDe0IFCf7N5V0PlkUZDnJLXMJHT68Xs3AbJP96BRj7rbVRSCknGnoEeNTJzcO7wMtSN0rS/7TfoE2fVRZbZIWCanbCYUd8s9FugeJWHiYCs9FPH5hfTtTmck9UQEwZwFas/SiFiPG8snxlpG+fFgV4Zec6CcsFGpdV3/UCv9WmEv1b9weKIoXcekcWR/kC6ORVCu5tI9kJYXOxy8wrklqA0z/09F6AWshmsKblDivkU1Qu9B+PjW2kaRaAqrqFzZCTyjVqWfLIGb9wGlHTdgMqNqyc3IWuu201bHuptz2oK+RiTZ+c2pZd92qmt
c9AaqGoJgqvSnOo0gfd5EAyWxxoKVKZa9MzR/CUay//VUbhuCEVDd5ASGbjrQWOHrdav0fsRDeI1Jibsn1OnNrmA2qGuQ65s65MIUITmC2e09DA50C3RYYGeMgJ5Ll5q3lbJj22IGZwCFCWxoUUkaL0wcjiI97OZMY7pikV2RZP/ZsaLaLoK4GvQbcE9Vt3ZyTnl+OhjXaLQJmXgfNMelNO9U7Jy7S49AqvCEvhnAh1igIVkPasKR/d76egh+X2Zc9R1zjnYV2xkIvDrfEKH+ZJd1SPcV44TYSvmpTaO5KcLFI/e27CC/lNcbstfDL73b5cr/o19+aJTzam8
0dDe0IFCf7N5V0PlkUZDnJLXMJHT68Xs3AbJP96BRj7rbVRSCknGnoEeNTJzcO7wMtSN0rS/7TfoE2fVRZbZIWCanbCYUd8s9FugeJWHiYCs9FPH5hfTtTmck9UQEwZwFas/SiFiPG8snxlpG+fFgV4Zec6CcsFGpdV3/UCv9WmEv1b9weKIoXcekcWR/kC6ORVCu5tI9kJYXOxy8wrklqA0z/09F6AWshmsKblDivkU1Qu9B+PjW2kaRaAqrqFzZCTyjVqWfLIGb9wGlHTdgMqNqyc3IWuu201bHuptz2oK+RiTZ+c2pZd92qmt
F8VEndgBmfRRoJrH9X2SygyWxxoKVKZa9MzR/CUay//VUbhuCEVDd5ASGbjrQWOHrdav0fsRDeI1Jibsn1OnNrmA2qGuQ65s65MIUITiCGG7+DUz2CXRYYGeMgJ5Ll5q3lbJj22IGZwCFCWxoUUkaL0wcjiI97OZMY7pikV2RZP/ZsaLaLoK4GvQbcE9Vt3ZyTnl+OhjXaLQJmXgfNMelNO9U7Jy7S49AqvCEvhnAh1igIVkPasKR/d76egh+X2Zc9R1zjnYV2xkIvDrfEKH+ZJd1SPcV44TYSvmpTaO5KcLFI/e27CC/lNcbstfDL73b5cr/o19+aJTzam8
0dDe0IFCf7N5V0PlkUZDnJLXMJHT68Xs3AbJP96BRj7rbVRSCknGnoEeNTJzcO7wMtSN0rS/7TfoE2fVRZbZIWCanbCYUd8s9FugeJWHiYCs9FPH5hfTtTmck9UQEwZwFas/SiFiPG8snxlpG+fFgV4Zec6CcsFGpdV3/UCv9WmEv1b9weKIoXcekcWR/kC6ORVCu5tI9kJYXOxy8wrklqA0z/09F6AWshmsKblDivkU1Qu9B+PjW2kaRaAqrqFzZCTyjVqWfLIGb9wGlHTdgMqNqyc3IWuu201bHuptz2oK+RiTZ+c2pZd92qmt
mHFLKeTdewok+7tER27WWrmtB+D0ALkbPizSHiD30f0QvVh+OG8k1wpKi9Vo50YoGXYpJ8CaLe3l8rGOHfx4t/G36PMT9tBfIbyBRSjmmE4Y2+l4iHfCIz+SZRdLIgG0z1Eg2zWtD5CFtUZfsKjzJ7n6hw56NxqzD2kNy/PZGHXffgT+J54TmSGdVqPDcWJzkE1njg45wbJHBUfSdqI/eWSLXYQQ2u7QehKlRtJORjjJzRt75k4EtTqpL+88oVK5LY0B7wWDX1YTwLwiF+uC6DS9fPp6qjBDCsZC2GsYTOENl/HtjbbtQU1+vCF5sux1niPBi3D9oVHMqbs=
0dDe0IFCf7N5V0PlkUZDnJLXMJHT68Xs3AbJP96BRj7rbVRSCknGnoEeNTJzcO7wMtSN0rS/7TfoE2fVRZbZIWCanbCYUd8s9FugeJWHiYCs9FPH5hfTtTmck9UQEwZwFas/SiFiPG8snxlpG+fFgV4Zec6CcsFGpdV3/UCv9WmEv1b9weKIoXcekcWR/kC6ORVCu5tI9kJYXOxy8wrklqA0z/09F6AWshmsKblDivkU1Qu9B+PjW2kaRaAqrqFzZCTyjVqWfLIGb9wGlHTdgMqNqyc3IWuu201bHuptz2oK+RiTZ+c2pZd92qmt
fOVRza1n2klHgg/Y9PiCxgyWxxoKVKZa9MzR/CUay//VUbhuCEVDd5ASGbjrQWOHrdav0fsRDeI1Jibsn1OnNrmA2qGuQ65s65MIUITqAWK+9jAw2CzRYYGeMgJ5Ll5q3lbJj22IGZwCFCWxoUUkaL0wcjiI97OZMY7pikV2RZP/ZsaLaLoK4GvQbcE9Vt3ZyTnl+OhjXaLQJmXgfNMelNO9U7Jy7S49AqvCEvhnAh1igIVkPasKR/d76egh+X2Zc9R1zjnYV2xkIvDrfEKH+ZJd1SPcV44TYSvmpTaO5KcLFI/e27CC/lNcbstfDL73b5cr/o19+aJTzam8
0dDe0IFCf7N5V0PlkUZDnJLXMJHT68Xs3AbJP96BRj7rbVRSCknGnoEeNTJzcO7wMtSN0rS/7TfoE2fVRZbZIWCanbCYUd8s9FugeJWHiYCs9FPH5hfTtTmck9UQEwZwFas/SiFiPG8snxlpG+fFgV4Zec6CcsFGpdV3/UCv9WmEv1b9weKIoXcekcWR/kC6ORVCu5tI9kJYXOxy8wrklqA0z/09F6AWshmsKblDivkU1Qu9B+PjW2kaRaAqrqFzZCTyjVqWfLIGb9wGlHTdgMqNqyc3IWuu201bHuptz2oK+RiTZ+c2pZd92qmt
5lR9GiUxH8a7nRsXGEkZjQyWxxoKVKZa9MzR/CUay//VUbhuCEVDd5ASGbjrQWOHrdav0fsRDeI1Jibsn1OnNrmA2qGuQ65s65MIUITiCW27+DUw3SzRYYGeMgJ5Ll5q3lbJj22IGZwCFCWxoUUkaL0wcjiI97OZMY7pikV2RZP/ZsaLaLoK4GvQbcE9Vt3ZyTnl+OhjXaLQJmXgfNMelNO9U7Jy7S49AqvCEvhnAh1igIVkPasKR/d76egh+X2Zc9R1zjnYV2xkIvDrfEKH+ZJd1SPcV44TYSvmpTaO5KcLFI/e27CC/lNcbstfDL73b5cr/o19+aJTzam8
0dDe0IFCf7N5V0PlkUZDnJLXMJHT68Xs3AbJP96BRj7rbVRSCknGnoEeNTJzcO7wMtSN0rS/7TfoE2fVRZbZIWCanbCYUd8s9FugeJWHiYCs9FPH5hfTtTmck9UQEwZwFas/SiFiPG8snxlpG+fFgV4Zec6CcsFGpdV3/UCv9WmEv1b9weKIoXcekcWR/kC6ORVCu5tI9kJYXOxy8wrklqA0z/09F6AWshmsKblDivkU1Qu9B+PjW2kaRaAqrqFzZCTyjVqWfLIGb9wGlHTdgMqNqyc3IWuu201bHuptz2oK+RiTZ+c2pZd92qmt
AZrimdtmPbOq+FDtELbq+QyWxxoKVKZa9MzR/CUay//VUbhuCEVDd5ASGbjrQWOHrdav0fsRDeI1Jibsn1OnNrmA2qGuQ65s65MIUITrAWy59jQw0CzRYYGeMgJ5Ll5q3lbJj22IGZwCFCWxoUUkaL0wcjiI97OZMY7pikV2RZP/ZsaLaLoK4GvQbcE9Vt3ZyTnl+OhjXaLQJmXgfNMelNO9U7Jy7S49AqvCEvhnAh1igIVkPasKR/d76egh+X2Zc9R1zjnYV2xkIvDrfEKH+ZJd1SPcV44TYSvmpTaO5KcLFI/e27CC/lNcbstfDL73b5cr/o19+aJTzam8
0dDe0IFCf7N5V0PlkUZDnJLXMJHT68Xs3AbJP96BRj7rbVRSCknGnoEeNTJzcO7wMtSN0rS/7TfoE2fVRZbZIWCanbCYUd8s9FugeJWHiYCs9FPH5hfTtTmck9UQEwZwFas/SiFiPG8snxlpG+fFgV4Zec6CcsFGpdV3/UCv9WmEv1b9weKIoXcekcWR/kC6ORVCu5tI9kJYXOxy8wrklqA0z/09F6AWshmsKblDivkU1Qu9B+PjW2kaRaAqrqFzZCTyjVqWfLIGb9wGlHTdgMqNqyc3IWuu201bHuptz2oK+RiTZ+c2pZd92qmt
LhUQLtvuC9A75IzkMmFrrrmtB+D0ALkbPizSHiD30f0QvVh+OG8k1wpKi9Vo50YoGXYpJ8CaLe3l8rGOHfx4t/G36PMT9tBfIbyBRSjnnkMe2eh7iXXCIz+SZRdLIgG0z1Eg2zWtD5CFtUZfsKjzJ7n6hw56NxqzD2kNy/PZGHXffgT+J54TmSGdVqPDcWJzkE1njg45wbJHBUfSdqI/eWSLXYQQ2u7QehKlRtJORjjJzRt75k4EtTqpL+88oVK5LY0B7wWDX1YTwLwiF+uC6DS9fPp6qjBDCsZC2GsYTOENl/HtjbbtQU1+vCF5sux1niPBi3D9oVHMqbs=
0dDe0IFCf7N5V0PlkUZDnJLXMJHT68Xs3AbJP96BRj7rbVRSCknGnoEeNTJzcO7wMtSN0rS/7TfoE2fVRZbZIWCanbCYUd8s9FugeJWHiYCs9FPH5hfTtTmck9UQEwZwFas/SiFiPG8snxlpG+fFgV4Zec6CcsFGpdV3/UCv9WmEv1b9weKIoXcekcWR/kC6ORVCu5tI9kJYXOxy8wrklqA0z/09F6AWshmsKblDivkU1Qu9B+PjW2kaRaAqrqFzZCTyjVqWfLIGb9wGlHTdgMqNqyc3IWuu201bHuptz2oK+RiTZ+c2pZd92qmt
43A3EjA72WyjhnN1rYU1DYDwVTDmIvfmCaMfKWpxSmWWVP8ZmiUM4eHsVktm0KRaxAxsEBnbWUK/KmjHR/x+es219AC65m8fbuvP8jDE0M22e0ZsGop/TLeZZOXPuvP30JBiyJgwjiOhbH3dFHXVh+HR511i+nW105HvFxbsQA1CcAUUHbvK15dL6dhBab2JU6T1PhnIF/yEEvDbnNLH6bKtVVP8R06DARvmlVYeJLcrZA8u+6DCbrNsa/m/nf7nT2erjq1tOTIz/amM
FwzBClPI9rSHW+pEsFubBLcQFzSvtOLUXVP3jr/B3Y0r+moOJiIxi1hjrWKWA/bBa2ON03qhase2aIdMDQMm/0tqLa/EMq4YdxVi7c/wNMrYN6pNVn7ulEdm239Ex+vUG63sRhI6zA5WaW0qPR9Qu509Pac3D9YkDV9/Nw918kLolz7mtaaJxVJdG81pWsXnNfPPEmWsbVavVmh0UHk4PK8zDvulISj5FklN3SbXklDsjXeSX/zP/joEn0oLG9uz1v2zcZu8uZMhOD/7qY4=
0klhWxW27wJM8iP2vkQMwsZXpfVrSI23DVYHlyCKI+3Sn7S0ikNy7IVPSzaqFWlO1jR2xIDsPH7eB+DSrNdi6vykJkyJMJ3zmuBsT3OyR1SwMPTO9WAB8/kp7vR0fSmHGkYv+qFyqzKGz4vdfLYWMdpHfo+kOFHZ4C3GX6ZEHxTA9C/9XdcAlhLZjCmZgyp5tBVrvecjg9uJWiWgCu4B88Rk0o161pwyZi88BvS0PQCqTYsnF+HLLnuNexsIra7q6rl4k4enliU3PfqpjQ==
Z6oAJcszNO6aJ3hr0D5AUMZXpfVrSI23DVYHlyCKI+3Sn7S0ikNy6oVPSzasFWlO1jR2xIDsPH7eB+DSgMBi4+CqMUyJMJ3zmuBsT3OyR1SwMPTO9WAB8/kp7vR0fSmHGkYv+qFyqzKGz4vdfLYWMdpHfo+kOFHZ4C3GX6ZEHxTA9C/9XdcAlhLZjCmZgyp5tBVrvecjg9uJWiWgCu4B88Rk0o161pwyZi88BvS0PQCqTYsnF+HLLnuNexsIra7q6rl4k4enliU3PfqpjQ==
TlQMsGpOubhQeR7cQ106CNXiR7F9c2m0NQD1eaV9kXxAADjHb61HgSU0hgvHZ3had9mb41G9NNtRDKC71L+Tpojo3LtWXLskl/uQ5G5PcbZNXLokxt6HdCvbE03M1FaZQ68wEt2qk6bh+syLSZ2+8lz5kJPM31Zs+3GKyWT/BCD1vGpgXW3vQ4oemF0OqRsHoPE+gdktlbcpc2M+hwCoCmtbbjAg3cgC1vosa/5GNvB3yOCZuXflteEGEWlZOyrJRMLArQqDtbOcLT05+KmP
HwO8wGPGOlqliCQBYFnTl8ZXpfVrSI23DVYHlyCKI+3Sn7S0ikNy6oVPSzasFWlO1jR2xIDsPH7eB+DSrNdi9OGlLEyJMJ3zmuBsT3OyR1SwMPTO9WAB8/kp7vR0fSmHGkYv+qFyqzKGz4vdfLYWMdpHfo+kOFHZ4C3GX6ZEHxTA9C/9XdcAlhLZjCmZgyp5tBVrvecjg9uJWiWgCu4B88Rk0o161pwyZi88BvS0PQCqTYsnF+HLLnuNexsIra7q6rl4k4enliU3PfqpjQ==
SIcbGI1VSYeJ7x5fA74GeNXiR7F9c2m0NQD1eaV9kXxAADjHb61HhyU0hgvBZ3had9mb41G9NNtRDKC7xbmRs4z83LtWXLskl/uQ5G5PcbZNXLokxt6HdCvbE03M1FaZQ68wEt2qk6bh+syLSZ2+8lz5kJPM31Zs+3GKyWT/BCD1vGpgXW3vQ4oemF0OqRsHoPE+gdktlbcpc2M+hwCoCmtbbjAg3cgC1vosa/5GNvB3yOCZuXflteEGEWlZOyrJRMLArQqDtbOcLT05+KmP
vDY/XNQIXJUUXnIZH0wrgoDwVTDmIvfmCaMfKWpxSmWWVP8ZmiUM5/C0Dltw2/AFww95OV+4HgCocn+HQ855bNio9AC65m8fbuvP8jDE0M22e0ZsGop/TLeZZOXPuvP30JBiyJgwjiOhbH3dFHXVh+HR511i+nW105HvFxbsQA1CcAUUHbvK15dL6dhBab2JU6T1PhnIF/yEEvDbnNLH6bKtVVP8R06DARvmlVYeJLcrZA8u+6DCbrNsa/m/nf7nT2erjq1tOTIz/amM
qcpQ3YWbH6D8PbIq70eRV4DwVTDmIvfmCaMfKWpxSmWWVP8ZmiUM5/C0Dltw2/AFww95OV+4HgCocn+HSt1zcdiq9AC65m8fbuvP8jDE0M22e0ZsGop/TLeZZOXPuvP30JBiyJgwjiOhbH3dFHXVh+HR511i+nW105HvFxbsQA1CcAUUHbvK15dL6dhBab2JU6T1PhnIF/yEEvDbnNLH6bKtVVP8R06DARvmlVYeJLcrZA8u+6DCbrNsa/m/nf7nT2erjq1tOTIz/amM
otfsAK7sPWRKjKImlxnzqbdYHG2maDVWLZ/aXD+O3IplyiwYMmOEDaS+3Qc+thX0QsBJXg7Wcyzdp8Zbxek0DM9wFC8/uAv0JC6WBAcJWvHP7AzWqCuSUbYi1kg3uuMjhJtTCGtxVBrypnSSJvXVtr2D6CftoYU711Nu+H2Dx2vPKcqemEsGulW6sdkiQSPRaUb9+0Xv9w6F8FWK34pQKJAlgODf77anRb2QZWbV9UGmSyrMnBHPDr+gdyJK2CcWy0fjb6Yhiy17oIGPUSQH56mS
+TnaVwqqYx+2Mk28dL5F+n0pOx2/MjCr6gkJ2W9eGtCMLYKqyuX+wgMk0vKb2Cm05/uOm8dzC6IVqenu2wmpAA==
QPummhQd8PygRxFktct8h2sWx7IXWwJ7z4XtWadIz262IBCa0s1ZBQeqmlwUiTIWArEervsgwu6z7Gl4vx/+Z0/nqw6t7TmyM32pDA==
8Ya7nGgrlsvzp0vIaKNeva+M4hj8kiQopo2VHmMCdY27smUqNhZ4k2iPSBfjbO0tlbveFBA9FgXbumtaXI6NiDiGUa1tNo2B7XlfYVoyzDV+I2FLUH1BEWypGw==
erFMibqvBKGZEBu3q63kckpkJH2bwH6ZnVKJ9N5L/lndDXPi8Yq3g8zA0aqzUAZ/KjUVzMTaXP44yRJz06xdTSU7TnRA/cYlq7qbegzOXWioBuFN3Xa9Yf1+TkGqcryVjqPx64C9EXFcqSs=
pAuNqFnf72mHZ7pvpSnF2FJx9r6GWrpp0FfJROc5t+scQLq1nKEJ+rl+Voan3PrW8znnnifFP15MZXAaBmHcs+Pf+jWLNX6pCQ==
nWe6hPr4y7BJg2Lh7rBqeq+M4xj8kiQopo2VHmMCdY27smUqNhZ4k2iPSBfjbO0tlbveFBA9FgXbumtaXI6NiDiGUa1tNo2B7X5eYVoyzDV+I2FLUH1BEWypGw==
NGmg4cOBN78s4/WGJ7Z/OEpkJH2bwH6ZnVKJ9N5L/lndDXDi8Yq3g8zA0aqzUAZ/KjUVzMTaXP44yRJz06xdTSU7TnRA/cYlq7qbegzOXWioBuFN3Xa9Yf1/TUGqcryVjqPx64C9EXFcqSs=
EuLQ1juAyDatWKbypvJVMFJx9r6GWrpp0FfJROc5t+scQLq1nKEJ+rl+Voan3PrW8znnnifFP19JZXAaBmHcs+Pf+jWLNX6pCQ==
PMCjhLf8qBDHKLbLnsz8mK+M4hj8kiQopo2VHmMCdY27smUqNhZ4k2iPSBfjbO0tlbveFBA9FgXbumtaXI6NiDiGUa1tNo2B7X9bYVoyzDV+I2FLUH1BEWypGw==
qWHAL0doocRFNHnZ6iY1eVJx9r6GWrpp0FfJROc5t+scQLq1nKEJ+rl+Voan3PrW8znnnifFP11JZXAaBmHcs+Pf+jWLNX6pCQ==
FImFkE/rDLbrQthNyC94Uq+M4xj8kiQopo2VHmMCdY27smUqNhZ4k2iPSBfjbO0tlbveFBA9FgXbumtaXI6NiDiGUa1tNo2B7X1bYVoyzDV+I2FLUH1BEWypGw==
865XXrZYjC2tUV6DBfS9QpcBvR3SSuonovc+c4uISPXl7yg6kSUYe15Heb1lFrVRlfLiMadTxCUW48n72B2ZIXSpAw==
0IA8D0QmjVHAJvR/EckPjjYhPAqwJDDm9gMU2HBjGo/KPpSxy//twgMk0vKb2CKx5/6Pm8dzC6IVqenu2wmpAA==
EX+15U5ODU7fuGCVTy927M7RUkHLkaU+ij8oliEVVX1vSIfaqgD3PkJrszDHWftFO4gxt/H81w+peg==
PIPiBE7pGmGid4/h+/s7vI9d8kREad3BNHTEIZs7jcWZZlk5QbI2mQvjeJ2iQ50jhM31yQCpdw==
EHi+maBplTf0lgutvIMbg8vM6Du3WBFYCoHcQ2KnBJ+LpvyqBUtlblEubw4zcWeMLeV5mh8lfRfMzwhRgNdCcdCKdK0hRbPof2/tSALMQTGlu7XE4NVlXlGNdJzgDOcar5cROYd+exGFyoCAAC9+tGVcNX2XavPuSvkxKAacVhCT0qEov/xvPOBp79k6xeD/7Kf0ER/A19eM33LT8JIe9sx0gtyZm/bg0Y9GVmxgvl9bMPB8n96jr/1k9//vNckxp2V7wGpoj55o/jDOQ/Afh2YVPNK3DN3oj6wEsl7mc3/gstRea992/91FNb8ZjPeh98FP75bMEiXQGUhBbwQ4czlKdhKf+lwb/per5gLO7uMKmtOj5fOJfLielZiWEWwdxr2J3s2CA8TVO4XnVcJMJaXQzIglyugldlb/A0Potou2L75lopiMsUo/7p51HtktMvWrlWkCdU9VG5+qpdS9/g++GKzQIchUD5teA+WZ+JH24f0FJg8i+AzlpyofBJ9WmmxvEovCq113VWMJWwTpe0GQj6Op1g==
f8YDvvLsh+Ivm2HOSwJBY8+rsW81NyE3CD7lapHJyvKocJ/14H7QAFyIyGcFKjRiVnL2HRouB+9SQzflmcdoNACRqqVY3ZRkzTZ08X7VzWNg10kK368MwexnDaCeM4u9Mh4NeI9Zlzsw84D3Jb3UuaXaoegccKlhqwcUt0EF2wam+9m+/8i9Z1UjsS8HyVm8phUYcpbOAsiw5hgfy8HCoCBYgqhR4DuYEyAlKQBwZS0g3DfEk3ACHwcCVf+1lVrxe/3OFxaXXJOiuZk602k79HGKT8tjcTqCwm6bd8cLveOT7qNG5U1y9JW2Z5sEMLphqu8ecT95PHO2/QY2Z2SQHMYCMFfnJl5NTXQLj4F6/iLY0afKHUCerg1BKmV4H+kU4T9JTlISUBJaq6f9mQXBqRSfBn2xAvhhZ74hxSFeUPrJdbI7S2hmAmj8vHKj6pRWMNSffQ03EFaieVwpSSOauaT1Oz1XA3ObGfoVoHoOkTP0BCINqvaM8hbPbAYk1M1Aum3bp2cB+27r7YsbOQ04K5qZyBNXx4Zlh52qqd0=
VPqZGpZVF29AbKfV6h0TiPctNglVOD0TPI8UR9ypi1QRI7M1QvbE406zandPkbNOUz1znQFdQEvSCSDT//fOBZ8tcqkF
3RO9XEDAL2HltPqrTfQgqvo9rNjSIJz2Symh8hiI68Cfll636uyamYxM28khBVJSqCfetjV2qbWSTXt9aeql9/WD78Ll/I3m70bIBFCJmCxvg24rJXEICVZZrW0mZ3JArH1Xwt8sr076FD+6DWp7pZdNUyEbbJnj4ShfS6k+
bp2fLkIX9PAVx6hwa+mQb/rAoBn2jzM/4JazGXkAHcm/smU4IR0iiWTBSwTja+IzireCFVUsDx/t9RxKWpuQjzSHUa1tNo2B7X1fYV4zzDV+I2FLUH1BEWypGw==
Cy0RABRn1mSgmCfiU3pvseAhp0FhtEEthJFmFjWV/5iLRUkCE5S3hYRlwqHt6EUzNJ/8B3RZA/TJU6s1WgacQ8bDwrcngbtuq23LHXmNeCvaGQgTl0dGZUcdaqkd
ESN/QXLiFOT48cJ2gMn8cckSiGRQhmA3s5FmFjWV/5iLRUkCE5S3hYRlwqHt6EUzNJ/8B3RZA/TJU6s1WgacQ8bDwrcngbtuq23LHXmNeCvaGQgTl0dGZUcdaqkd
5QuH6DYOHMup8ziEPT7aaCy9lQathGIWMZ3jiGd9LSL3zJt1uC0GYamguYNYR1hn0KGvZFXbL7XejgDTartmV4PZV97XpQ9dPUVEW/bBbDNzfyp1WxVuqRk=
IhA71EakR41GXB0qrG0LsjHe5PvT8cM9bd3TNrhiRmGEUl4WDWXH+KO1gUJbRB/lHPVaIXV43ZNcTzRHPGnr1LFjUzUiNmRjrvMKd2/RU84z/VOd4R3gy3JJwNPfN26Ff21SqSU=
PU5bL2Yg/hiZM7nQBN5b+pyzTw1KpHa8NZdfPKyFLM6+mdZMJwQ87vO+ipIeRCnpyy1xpKqO52G5Gx9lQwDo1E201QNUR4eDlRVfhuso4ibjRO3Q79Pfb1/P66Y9ZZl6Y1WpJA==
uDko10cOq9LExx5/qM2fKD3aZQhjYmkb4zwOMwxOxZf8bSFcVxOtwBBoiAKCsUyX0Yf0V3m4Qdnfm/EABEJtcG5QYd3SUXww3RzyEFUtZ5Py/jDt1qnDtwgRRlFRbZ3HsdNLLv+AEBqDO/YAKB1A0u7axBsmRm4AH+jYyTE37YV55nl54b3T2WpjWF0CQz3jZE2ViaCp1w==
pUUyE02IWYMFFDKj0TfqRQl+bz9ce25+TeGGoEQFOva3uedQLrXOPFEuKcXx5ApvievfN0sw48mJ2Sxxv2yiBHlox3oq4LceTU5zUUf5O2U7aHFXcVwXb6ka
4K0RVNogqVTWuofpX2XKZ9PLyRgQhfdiZRSKLEWD28NihRGnB0Eb7sut6x2ZzdirutloE7cHpuXn3QqpfQ==
4K0RVNogqVTWuofpX2XKZ9PLyRgQhfdiZRSKLEWD28NihRGnB0Eb7sut6x2ZzdirutloE7cHpuXn3QqpfQ==
0RRJfzCcC64XQmMpH5xvw9IGpKZDWOgDVjE7XGM547vbQSj1PkilT4+FWiri9uYMYxEyI90ovseKiYwXqp+CvuDjcuEqVCVohY/aGx8P6YT5vc2l+8AVAkE8R/BMljDH5EZ3hVoJ9a/k897PCd9mSW5K1BsDgG+SI9QS4vtoLWRHj88LJ0OL8jVZKf67uanQ
