qX/Ra0Y845LMEctMwGCrb9FZMP7an4n1pM/P0aiT1HXsxB6U4c0oKSC9yEBXhnM9rO7YB5HmsNw8WOR4LtLxrq6+KuCdbS/Dyh7Y3c6p24fg8X4BGS1VN2lzI75HAOiKK1uusODdiIKW+uzrPkZ2cDfIIBl5d6U1oQbR6Zk9a0mFwAAtSoP1M1wt/bm4qc8=
tCGXdcYekZ4WV6UiqzPqCx17bEUmOpy05/sVGMslVGXXCz7yZ4SucJiW0vrpPN+ys8wwKP9hTLGijINk7CxL3XmvrIZuUUgpXQtWaRhtT52D+6+rFZIhYI6mHUOovPbtnu7woton+IawvIGQRnXvxzO5J55nRf9dDeUzGMbhnLOjXzo1y7W+qck=
I+fXzpqcwa4dlVky1BYq8DMxitYmsbOGGnA1o7245kdhVAtqw9HMT9YdLVl9WQHk37mUh5umq3MLJv6n3HPjM9U4lPM6V2fie8zK8HxezuogwVnS99Q8GIPpqHGGhL+UYLQP/X2X4BbymWwpecPK+VRVS73HYyNbKZoFoGouYXOkpLKNGhY8ssbvHAbU9J2ACg1rJ/ehK66bzZsdKe0PaEp5WJOnZ/alV/2aqe0=
YbYkFp2MTgPZz3c/npY/lp6J9Rkkj1A1L9dYebbYNgeQc2AvdmeiTwoQYmV8sCM14fmqrljbJkrVilFJYrGDgWkWXQsFfxc+BQB1Gh+6MPiQdWDQn3+W18WN8PWmpVWRppuKvFyBrz4/0FeyCujHRs2Wg15ksavd+5BhHxHUp7epwg==
aLPPuWBuz67UixJEQSGHto3uWxVO/DwBWSZBGhBLJyt9xkhVT6YMFAZ0rosQ//iDxiL7I2p8emlMnPv5ITVyAuhXvia15gkFUp2bjWkaRSc1M09SZWztlq8W6DRQubj8r3OOu6XhqLkWCc0dJhcSEOzN91JfvE++OsQfig1aW/LUPTOxm/w5UyH4v7upzg==
h/my6LOoEdCMzwIwIq+GzI3uWxVO/DwBWSZBGhBLJyt910BbSakNRgZ0rosQ//iDxiP7I2p8emlMnPv5ITVyAuhXvia15gkFUp2bjWkaRSc1M09SZWztlq8W6DRQubj8r3OOu6XhqLkWCc0dJhcSEOzN91JfvE++OsQfig1aW/LUPTOxm/w5UyH4v7upzg==
RQmhvDcsC9Em41W481m+kZgRqrpkBHcBrrWrI/ePpID42vQZPQLDmS6w5O1tOldw0OO0pYw73VB75EGqNjj2J5BToM/2zOMvCjCihfwQY1XhGWoO2LtmatVqkeni0cOhaTYda4Xf194FIDV6nxrwGJAVIHAfn1b3xe2wVSZFlbGmu0pc3CHvXj/wl1KKSIcmzXZD/uTR6/37cKG/kbTnl6ni
nTt/VJ1/B4lp8EFpLZZAlyvw9Id4spTlu6WZ9PW4SLNx5PXzc+fjYhsMKvAcHi5qRoF60teUnJgjqYhxZsTfFIB0b/2dV0CWUllMKVkDann0lau9p6PD20na5aBKbsHzBOSSjTpWXDImr3wGNDT9AOrNSyfXYYsuOw27HUkt7+gqObiTxydWJfe9uqnN
n/1Kvq4Xczo85nGLHL+nZb2wzlb76gwRpmkEXSpnf9PWk4UnQZrzkr4/4dp26BYXkGNAH7a6Q7+KoMI1PMBDJeHpSl6YC4b6VfoxGSKBo5FpBn07RS93ToWw1crfStDokGUAoN8vNmdFfRAlZpV1gaaLqoycUU/Ov2D34kqYp1bNhmOupGELbXvgAU9R5IenqdI=
qdKFTp4WAqtEwTbAtG5MPoxKOu7Gl4qmvs3RwbvUyFbsyR77h6NBMymq0UhosF5a5KKKVciCpcA2MMlNKtHEoLW8KuCdbS/Dyh7Y3c6p24fg8X4BGS1VN2lzI75HAOiKK1uusODdiIKW+uzrPkZ2cDfIIBl5d6U1oQbR6Zk9a0mFwAAtSoP1M1wt/bm4qc8=
OJpKC+DqqPpRCBmGAH+RF2eR1PWKDw9LVgt1z/447bi7TDEylsAmD5B7cDdWUJOHytiSnZwos71hcTo2OKNWApXCYXFCqZOJaR5NEyVHJ3ZFSAVifyKgcBD98Eh/h2YfBUXAzYa9RZmmk5qkfLmf9v8Yp0rqcFfOTR4TxgTJ25W72FEnMcy3v6nK
yb2+svWsVD/Mp8RdobdglhlDAzpYTf3VAprg5gxlWoLzHCLwFA5GCh/QQhIPZGR4ixkA8e60t7Q4xLc9ZYeYtnpJRClRE0JZLEVTfX8Te3shqm0gwt5pE/wUSk0CBgRSTr90BjwkFeAyHXNnjxHzTpO9M53B3QdIkong0793DgXfrbKpxQ==
7gQ0v17AgKxK2YC9E8KkaCfx+Iph892tpLLA+bnnF+Fz/bTzc+fjYhsMKvAcHi5qQYB60teUnJgjqYhxZsTfFIB0b/2dV0CWUllMKVkDann0lau9p6PD20na5aBKbsHzBOSSjTpWXDImr3wGNDT9AOrNSyfXYYsuOw27HUkt7+gqObiTxydWJfe9uqnN
kjKd4bJI2m5S+iluqmwVOI+o1iKfURqigngR3hyFzndXIHDtbJrE6OID/3/ywQkyH4Lk7PJnH4zLchd88UNk4n556mGf3CGWSbiXDaHLze0nNieWQiuhR+ds5EHDnSfAikamj5Hb6tfuR2yUERoFMLQwAqKwEl08JSKJKELg/RXWkfh4wWweSHENA2ue7oxlEqkHP7QBKqk1TbmfXaNXZntAFNIfi9pYzH1k6kJKuBNixqoI43h08RXXiV1VVuUx5f1XEXGQNIUmY9mbiF0pAeSpkw==
RAHtUFT/WRVj+W1AKWsNv2vo9wEkhcui7diHf5p1j9ilZPrQwp+8CB4KDdArh0lNf33e7lYQBh+Qa1Dnlu4y9kpocm1ceNOtYWHa5njTNrIVMsHBAvmzmWkObUNl94eGxfhlEj/yQGAQ7ZAYv3eGr4U1YH1GbWWJpoO6dLwJP4Z/qEe6KiA33k0O8xZEubslOyjxl3Gcl6+p2g==
8QuHyUN38vTQakmyp7I0gJx5Dh5LjN8VNJHDpu3cj2uKYae8hYDShJJLdExeTsUEe9Phqd8ZdnrGhI6bEO/YcwZ6mpLqjNo5DKwb6SElEjIohx5WNVbp1RLtu51pCmVXdeOv4uUcTUZvJogkUKlYzO8jLkslUcjp1vntDSYHMuAsnZfi30zv7nr0/5oNSjvCFO2TwRtM2YNhiJ+rqd4=
K35ELaqpx8m1O6zW7zNyCQkE75aL0wVVmrgURSVtXQ3sDuwpNw0ZSBsO3uLfzj9388+uX1JncNyVauEoeLBOutTi1/Q5AjWghvAZbVrR9EBl/FpADe2fo5reKP3eqcunEDEuYamtxZcZM/NedwCYqvubHtBwXXgixrrcCy5GZhAHCPC5Cfc11RFGgclpPVsp1QDwjdoDRdOMbY2ZqKnf
zLR7iSpttw52rJ7zE1Cl/9OFiWcQA1uC0x88l8ek7eLzUXJX0451rr6uem0Qbr6QmV6jBbX7D9c6MA5CytnQEWQJvowu4FpidlOkSr+LgbuOqLARisSl2GVfmms/H+m0me0NVVtQlbKh7AeAbIYw94QWt3X6mXUfBCOevynPZnkOGhTroxDvIsMEUpLbeC1UJ9gM+4fTC0LViWmOm6mp4A==
DasL26obFL2rFUNaqyCjDDRIkjIk0thnlJqgvc3rt2AEaeKxBYoQB9FaBdKPdLZwgOa62tjrF3J7fGhIl/H0MVocK8S0XAOdsX9UZkZhUClFO36J4L2H3cuL9wu9AtngNjZ1I/AMPi1WPsiCslfghqhMabB+JaeHewn/fo/VR911dZu4HhFUc+sPQlXjhaap0Q==
HoaeEioIBGOrOLpW4rhySSJsHvmadSwTJ243cTyV0RxtCS7OSBzevmJNUL28zY6ZIdu6rs43NPZXX8HXlqxAzcKwBVSd+8oXFwvpmMGpvcnT5PX+mQgXvATS8BsckscpMm1VE3wHTkOBW+bV1t4k96skD+57YMIuM6xtOD/c/CfPp6vOLS058rO9qcw=
hQrIlxh96Q//Hl7oy2bNGIVxf+BhBz+2NTyO4go50DEkaT4m6Q9aQjYzJOp/a4GbzsgwsUokpfglPxrL///plNmNjfWbsJWS4YyHIKxmMNfEdjfVOnl1P0RDHh/pL2ZZTnqUS2Pw7wKDZNIyG5gtdGe4jFtHMwtilenpLltJqcA=
b2a3t/+VKAoYEtzTzkS6cBwTmgh4S9FTWeqBaFiwbno0YnyzVgIVYGZwuS060dSAhXz6AG3tv2N6Xoi9vqmr57CxzqGJraXXubMTnlcA+OpbG/4QUF0YYmY6PMsORkZQZ4hQeen3FZVxxiEJiT17abWAUE06A2WT7O0tWUipPw==
ZrpAlHd/1BDELTkXBbgPEodxf/FjETu2NTyO4go50DEkaT4g6Q9aQjYzJOp/a4GbzsgwsUokpfglPxrL///plNmNjfWbsJWS4YyHIKxmMNfEdjfVOnl1P0RDHh/pL2ZZTnqUS2Pw7wKDZNIyG5gtdGe4jFtHMwtilenpLltJqcA=
nrW09cQ+MIS0bJnoQLCbXBwTnB5kVtFTWeqBaFiwbno0YnqzVgIVYGZwuS060dSAhXz6AG3tv2N6Xoi9vqmr57CxzqGJraXXubMTnlcA+OpbG/4QUF0YYmY6PMsORkZQZ4hQeen3FZVxxiEJiT17abWAUE06A2WT7O0tWUipPw==
GIiIPxGFo/oP4RLDe8/FphwTnQh2U9FTWeqBaFiwbno0YnmzVgIVYGZwuS060dSAhXz6AG3tv2N6Xoi9vqmr57CxzqGJraXXubMTnlcA+OpbG/4QUF0YYmY6PMsORkZQZ4hQeen3FZVxxiEJiT17abWAUE06A2WT7O0tWUipPw==
Cb5+4fP8h9cIjzv0SfHNLmsRwSEuzN9igtPuudHt8WYEZ7LiE4ILFNBdJ9KPdLZwgOa62tnqGXJ7fGhIl/H0MVocK8S0XAOdsX9UZkZhUClFO36J4L2H3cuL9wu9AtngNjZ1I/AMPi1WPsiCslfghqhMabB+JaeHewn/fo/VR9N1dZu4HhFUc+sPQlXjhaap0Q==
EieQ2iOL523Jo1RNPOmvr9Lb4Z9YEdHudwppfmkF5AfbXn4LFFF/EDuT/qfAftbmCoYRIaITwCIr7DrwDH4eqpEj5VJndGxYc8m4cZbkj1Qw1J99DTcQVqJ5XClJI5q5pPU7PVcDc5sZ+hWgeg6RM/QEIg2q9ozyFs9sBiTUzUC6bdunZwH7buvtixM5DT8ompnIE1fHhmWHnaqp3Q==
QQzGT8yrM0IuNX6+kXC3nIzefQtx1FnJTpyPlT4K80D2OudCNBddaVouxtHzVq6vc+/CnhZ0LfGep7W3eDpxfUX+mGjDXTUFnu84MFc87dlgIHDWeJRosvdCeOZMbGvdWe/MBo6RaCl9y7bpeC1vnaO7Dyv1UkFgrma9w8h8Fu3+rlAiemeYhlB8IRDmtQ/HU/nHHscF31PtpVOYZiG8s4Of2rWr9Z6p6Q==
QQzGT8yrM0IuNX6+kXC3nIzefQtx1FnJTpyPlT4K80D2OudCNBddaVouxtHzVq6vc+/CnhZ0LfGep7W3eDpxfUX+mGjDXTUFnu84MFc87dlgIHDWeJRosvdCeOZMbGvdWe/MBo6RaCl9y7bpeC1vnaO7Dyv1UkFgrma9w8h8Fu3+rlAiemeYhlB8IRDmtQ/HU/nHHscF31PtpVOYZiG8s4Of2rWr9Z6p6Q==
NrITCpS+J5C6NbOYFn3LzeU4mFy9PI8dpj+7XLQTvPkfPmtFxnFvtJX1HY5bvYpTeaI7PRdkCEpDD8kKLTManKTvcGIms25AMytRjjqCmWat5R994tv/idwPrr3Z8rDB/875xXmuyFoBBVp74/guIlCsRPIbOuy2eER3PSUHWLY6yYQpkZMCWezFE32/kzt7YSqtIIJeqRO8lIpNQoZEUo4/NAb8pFXg8p2zZ8+RM07TPfObgF3HSFIJoNN/904FHy3yqYU=
p2ULGt6/8Ifg9wWQb5O84frhJv632qFGNgrfPEJkzDrlWoTe8JEIi3FL9R4IQKWzuzAAPGvuBsYPLY8IZGANMn4HTloh6tJg8U0wBXn74rMZ0ZR61QKmB5CeGrzDJK2jIZAtZYEtxTRQBw2+OJLlTKTXLuhbabO+Ckm+4Srfgv5gI3IhqhQlKAVP2tufT+nEeX3NZXuAFULB/EcwzNYwh2SGd0XaSfXvZDPeD4mfZgnuitTbg8Bv0qMUEiJ7KCslx0jMy6cDi7K1mSk+O/mpkA==
X/XrXOsCHSm/WFAp3feQ8GciLFTLKC/LI3C0jpWQ4UBUWm4b0dXrWj9KozK9F0jf/TjFUWMIGbljIsmoguA9lZaRuPiBbN7IsQ1D697uzOXSqce/9AFqKXVNeR+doxfmO0BUUt+LGtiMfSRqAkp4k6LG6oijeLRx1ddJ3RVWpbEl+5aRsZB0BWZjGRtIXemBpKnT
3LktLlpYtuuXwDzmBoh01txM7+AQWPMNEHQ0Rio56r3tCGm0GHqCaPyMQz+FwNgmd0pvdot22tKWg+Q6n5uBi+74cOEqVCVohY/aGx8P6YT5vc2l+8AVAkE8R/BMljDH5EZ3hVoJ9a/k897PCd9mSW5K1BsDgG+SI9QS4vtoK2VHiMwLJ0OL8jVZKf67uanQ
9i/u0IBMLlImkAhWr6qI1RHwceNAc3KpuDEXxJ2rN7XGfkhz0iuOF6vpTz6fdbffxBWLeO4xBPPb79IVkyV2qQE=
LJCEBKXGx9AC/SVGZfgiC2Ps+wkhsZi44+XIb4A87Nr2Xsb+84qvGh1PS889xANNd2nVzTtJVjmkRkqe47FoqBZoa3wRZeapYlTU/XrTNrIVMsHBAvmzmWkObUNl94eGxfhlEj/yQGAQ7ZAYv3eGr4U1YH1GbWWJpoO6dLwJP4Z/qEe6KiA33k8P8xZEubslOyjxl3Gcl6+p2g==
txjC7Cn72BbUxyRItv5Lx6gYI3yLrPX5ec+lHswmd+J3uIFER3wz0mW8btjMmqL8V7gQLYUeCHhJSwumI6tuAT1kG4quR0q8/UWJn9EFjsfkPtl3VmZ4RdUae/DocH128fUwNWTLnp3ybBMk/MybXclPnMbesXgpbevmKSiN/x1TG7/rhXJxYF4GjQO4nKZtbs6A4iqHiIZAHPFQtlWfR+OZN1735a9e3IWj2NaBzDMTPwr1e9WOqfk=
PPfXl0qRqwAlCeTY2nbE2yld1vo8sT8wEDoMD3CO6dQUHX2Wli7e34zSDVJ/wTfc/9gnCuow1w5OX5MGBAlb1bsY0ecxjDd/qQo=
6DLHEo6FRFnUZWfawtJfu5yzTw1KpHa8NZdfPKyFLM6+mdZMJwQ87vO+ipIeRCnpyy1xpKqO52G9GRFlQwDo1E201QNUR4eDlRVfhuso4ibjRO7R79Tcb1/P66Y9ZZl6Y1WpJA==
2ZAQuKnz0rC5bQhfNbQYjTHe5PvT8cM9bd3TNrhiRmGEUl4WDWXH+KO1gUJbRB/lHPVaIXV43ZNcSzZJPGnr1LFjUzUiNmRjrvMKd2/RU84z/VOe4B3nyHJJwNPfN26Ff21SqSU=
g3i0phXfEy1I/EoLPury7iy9lQathGIWMZ3jiGd9LSL3zJt1uC0GYamguYNYQ1pp0KGvZFXbL7XejgDTartmV4PZV97XpQ9ePEVDWPbBbDNzfyp1WxVuqRk=
mBrg1PoYpKQS6l9sUgPbJ8kSiGRQhmA3s5FmFjWV/5iLRUkCE5S3hYRlwqHt6EUzNJv+CXRZA/TJU6s1WgacQ8bDwrcngbtuq23LHniNfyjaGQgTl0dGZUcdaqkd
99wHxOnYQ6CM+7WbP9YSZuAhp0FhtEEthJFmFjWV/5iLRUkCE5S3hYRlwqHt6EUzNJv+CXRZA/TJU6s1WgacQ8bDwrcngbtuq23LHniNfyjaGQgTl0dGZUcdaqkd
arhvaXJViWm55WKh20RcU/rAoBn2jzM/4JazGXkAHcm/smU4IR0iiWTBSwTja+I3iLmCFVUsDx/t9RxKWpuQjzSHUa1tNo2B7X1eYVkwzDV+I2FLUH1BEWypGw==
HMCc/ukswCKThBaDIC/N9IzefQtx1FnJTpyPlT4K80D2OudCNBddaVouxtHzVq6vc+/CnhZ0LfGep7W3eDpxfUX+mGjDXTUFnu84MFc87dlgIHDWeJRosvdCeOZMbGvdWe/MBo6RaCl9y7bpeC1vnaO7Dyv1UkFgrma9w8h8Fu3+rlAiemeYhlB8IRDmtQ/HU/nHHscF313spVOYZiG8s4Of2rWr9Z6p6Q==
v3+fjNFAcVyvVQeToiyP6Cld1vs8sT8wEDoMD3CO6dQUHX2Wli7e34zSDVJ/wTfc/9gnCuow1w5NX5MGBAlb1bsY0ecxjDd/qQo=
uMfUr3xxDX9XHS4MxIy+CucyidaljCz+15geujjjmhA2g6t2elnpptg9F2cJyWsY+jtMkQqojxtw3alaZ/fZJl0LW9PDW47LZ3qRc8J5gvuDIBCv5QX8wkMIoUV5Az7vrhcL4ZoBSwYPmJLsJ9nFW9p3j1m1Pqjn187RFFNfG38fz6lV1wRIibYC2BLM8N76Fh/F3ayY7oTM2P981SCdvIvJriwrFc4AGbSdbAwnaV6bP3vJNEn1YUBnuEuyK+zlt9r9dTXMn5Zhuy2t9Dqs8hX3SZfTW10y7TbLUZzMm6pJeyps9NlEM7ABseWyy9ihyPapOP4kyB4+J8n6sHUDKKVvL+ZwmjZNCbpTnFCWY10kZXYDhywv4wc+/I6+qtQ3CR03WY+R+kMoDb8e9lkJ4u8F7wI+QkfpPEvltIi6JqCSko32mm7eyLENQ+ve7szl0qnHv/QBail1TXkfnaMX5jtAVFLfixrYjH0kagJKeJOixuqIo3i0cdXXSd0VVqWxJf2WkbGQdAVmYxkbSF3pgaSp0w==
1nEaMO3K4nTFPp9rNG3itMvM6Du3WBFYCoHcQ2KnBJ+LpvyqBUtlblEubw4zcWeMLeV5mh8lfRfMzwhRgddCcdCKdK0hRbPof2/tSALMQTGlu7XE4NVlXlGNdJzgDOcar5cROYd+exGFyoCAAC9+tGVcNX2XavPuSvkxKAacVhCT0qEov/xvPOBp79k6xeD/7Kf0ER/A19eM33LT8JIe9sx0gtyZm/bg0Y9GVmxgvl9bMPB8n96jr/1k9//vNckxp2V7wGpoj55o/jDOQ/Afh2YVPNK3DN3oj6wEsl7mc3/gstRea992/91FNb8ZjPeh98FP75bMEiXQGUhBbwQ4czlKdhKf+lwb/per5gLO7uMKmtOj5fOJfLielZiWEWwdxr2J3s2CA8TVO4XnVcJMJaXQzIglyugldlb/A0Potou2L75lopiMsUo/7p51HtktMvWrlWkCdU9VG5+qpdS9/g++GKzQIchUD5teA+WZ+JH24f0FJg8i+AzlpyofBJ9WmmxvEo3Dq1p0VWMJWwTpe0GQj6Op1g==
LUnFgOsOkVQ8oNLU75oCHJC8RlGWCoqn8aV0vWsQ1Mjjf2WocAeDauqhtXCmNRkax5ZluygjHiBUikhfb/7aap7zAOGi4hQpMjBS7Z2A7kljtMG/uxK9Jyp8B5UUb72qi3fQkcCPOaCq26ft7sZZ2Hvh64vcW9Q38dX4SZmilQhIKHWxx6/gNzWtN1b6Iw3eyzCBF3nL5W/TYTUMWq1s0kKWXhicjiwf/6nucHwAVgglWMcof4jxaVSYSV0cJAOkR6heT+uqIX9BPTYhp6Wa9yLvYGOO0U36h8HXRA0yu2s3qebS7oavd/PjkbNPNvfmEfUORHkeM1vQWJaRlpcqkWsh4KPaVfK2E8x8TJra5DfT3mI9YZxfz1XSkpIkadNqyRjCfiEpHmVMd8XEvWed7iaqrKI2A3O9ze3t2ShnMh1l2qQxixZVRdX2PCoVLebbfxBa8kSUaLL3QnjmTGxr3VnvzAaOkWgpfcu26Xgtb52juw8r9VJBYK5mvcPIfBbt/q5QInpnmIZQfCEQ5rUPx1P5xx7HBd9d7KVTmGYhvLODn9q1q/Weqek=
w2Umpdj8NVBLr9085Y53+LwgN/6gRZQ1Z2BVznrkrV5ADvXhZ/CAX/4mczL8IPSk1Ug09yjLhIiS80/EvLUUI4IEFr/FDUF93pRQ/V/iKjcxyGqsC2xADPd5yvLJW5X04nA5jVWHzfjg6R1ioTEMIACwnyZfq2kFR8IDrXV2+LzgEwaIleBNwRfWi1K6xUkU5qAurGNu2ZR/wBcAEFWXZdp5mEMcm4wtH/yv63xjCm8QLmbKPEj64FknjlwhMz5qjFzGY6uMiMAfYtsTDViPww8JsY1X2QN8qlT3opjCSHKjTGc7lilE7rcwpdR/EHwOvloLQxCOrGKrYw5DLflNg/mwj50HfTdTFnBqmSAlMH2POEDPyfYOrl/GJCcOq9Na4nKWX/qmq5/lz/FASCLtJHatFCE2gfHiDT57eCWH/du1/jQZVWy0NKV2kJmGaoc/o9TON0aTxtlipPSNugOWIpWioZHCydOpaT4Nc6Wn5xZFaMXC/4JgkBCdsOj/JyY/BaWArQZdhbmms1pE/NnfFv845+pq0BeuTf/TZoRpG7W7uJHHsaz3n6nq
9tiQNIG2YqMXcGFUC9J5xaGW7p5HQQJuNSdchFRluZigtafz1wW2RIukhaRXS/EDDGx80ZGGhkpxnFeFVYrTHzX2WtGgqa6tX6KBzTGZd4h6febI3d3bN5E6b77yV0KDF2kV+6u5kMU3vizuL/4rSdkd7vO7UWpjeI3P/oaZGUJfBV+iLgK3iczLNZQY+hYAwpLdFuquTijhjXPLbq7chSKpN9/kQdoJRc0p/w1jZwZrQATy78uK+Fz91AryCmgzEsZaKLO4xJGlVxn9hZaVEfX9RvFB0ORltuMpO/id+WHUqaM=
r2FH7AnXBN7FEKpwxJVDbmCd7nT4dSBz7JjXBrZ02+HtO2iYQSuaxaVPauArBO/gOjwEVM6A6IctPjT3crK7l1q9+gxGDNPkSiinpgXqHunNF3qiaS65GqL2JHXbzwWU6ZR5JD0VW6w2pWTYQlb/Ko1/YSTF/w3TdXaEIXW0JPylvgBBplI3t2PcPk+my9aR4mzkVdr75irVKhGp4pFD4Wl2nSuFn1eeBWC1Op9acFiQ1aCwH1/WN8UtMJUmhRVxpnvKnNzhb54/MBeSiogH5s03w77kkWu9+zAh/5H0Z9epog==
GrUQERPrNShQbYSrFN1zC3gvVA8xVSLDRMw4k/ABfdIN9uC5IGyBbSL6bJpaGZ7DlFrSSeZQBm35OgN8QNaT/XRlJqN3bD8DV74Mro9+S4n5HQW2HNEKI5iN7z7mGbkCvwU/Yo6CV8nsy1VU+Hq2wKKS/VYKLu7owY2Ti84uvEUCqRcfhMF6SaXNCT+t44dGS0BkMk9Lajg8/fRKEorI83LGumgTOKRRhVf5veUWNVEV/GYxIVBEJZbjSftYHRkh9KmD
1OBCrAJELrZcU8RJRqocxh6xsbMxk8X0llc8/2MlUXl3fXP9THkp7egC7kp9dG9cOznVK8yPX5lxa4nLsdMMWMnZKbw5TJ+y59rgqOpUivZxYuZWuJumkslJNExlzJKMAJvD3QmS6Z5tOhX3Z9pmf6CXLusNjC0c1NpNfZFFhczgj61maLrldNQfznDLgXPGOkGeufp3AkaQaxI5unxl0LXHegPPZ+n8CbUt/eto1Trx9GdoHH6wP5TOF13KIbUX1Lt+19m3ZjGeQjRDEyivqpMcMnqrgKydNwCs07dry0oFEYnma9GpqA==
GSc+AVJZRk9OWU3Y5oECxB6xsbMxk8X0llc8/2MlUXl3fXP9THkp7egC7kp9dG9cOznVK8yPX5l2aYnLsdMMWMnZKLw5TJ+y59rgqOpUivZxYuZWuJumkslJNExlzJKMAJvD3QmS6Z5tOhX3Z9pmf6CXLusNjC0c1NpNfZFFhczgj61maLrldNQfznDLgXPGOkGeufp3AkaQaxI5unxl0LXHegPPZ+n8CbUt/eto1Trx9GdoHH6wP5TOF13KIbUX1Lt+19m3ZjGeQjRDEyivqpMcMnqrgKydNwCs07dry0oFEYnma9GpqA==
5EEC9SrKroPcDmsK5DWqaB6xsbMxk8X0llc8/2MlUXl3fXP9THkp7egC7kp9dG9cOznVK8yPX5lxa4nLsdMMWMnZJ7w5TJ+y59rgqOpUivZxYuZWuJumkslJNExlzJKMAJvD3QmS6Z5tOhX3Z9pmf6CXLusNjC0c1NpNfZFFhczgj61maLrldNQfznDLgXPGOkGeufp3AkaQaxI5unxl0LXHegPPZ+n8CbUt/eto1Trx9GdoHH6wP5TOF13KIbUX1Lt+19m3ZjGeQjRDEyivqpMcMnqrgKydNwCs07dry0oFEYnma9GpqA==
aLIF+uxm7Nf6OY+T41MRbR6xsbMxk8X0llc8/2MlUXl3fXP9THkp7egC7kp9dG9cOznVK8yPX5l2aYnLsdMMWMnZJrw5TJ+y59rgqOpUivZxYuZWuJumkslJNExlzJKMAJvD3QmS6Z5tOhX3Z9pmf6CXLusNjC0c1NpNfZFFhczgj61maLrldNQfznDLgXPGOkGeufp3AkaQaxI5unxl0LXHegPPZ+n8CbUt/eto1Trx9GdoHH6wP5TOF13KIbUX1Lt+19m3ZjGeQjRDEyivqpMcMnqrgKydNwCs07dry0oFEYnma9GpqA==
Oe+fYDGAiyzH01vNtHkJeR6xsbMxk8X0llc8/2MlUXl3fXP9THkp7egC7kp9dG9cOznVK8yPX5lxa4nLsdMMWMnZJbw5TJ+y59rgqOpUivZxYuZWuJumkslJNExlzJKMAJvD3QmS6Z5tOhX3Z9pmf6CXLusNjC0c1NpNfZFFhczgj61maLrldNQfznDLgXPGOkGeufp3AkaQaxI5unxl0LXHegPPZ+n8CbUt/eto1Trx9GdoHH6wP5TOF13KIbUX1Lt+19m3ZjGeQjRDEyivqpMcMnqrgKydNwCs07dry0oFEYnma9GpqA==
5Tk7+6bIpsFoz7iok2UlsB6xsbMxk8X0llc8/2MlUXl3fXP9THkp7egC7kp9dG9cOznVK8yPX5l2aYnLsdMMWMnZJLw5TJ+y59rgqOpUivZxYuZWuJumkslJNExlzJKMAJvD3QmS6Z5tOhX3Z9pmf6CXLusNjC0c1NpNfZFFhczgj61maLrldNQfznDLgXPGOkGeufp3AkaQaxI5unxl0LXHegPPZ+n8CbUt/eto1Trx9GdoHH6wP5TOF13KIbUX1Lt+19m3ZjGeQjRDEyivqpMcMnqrgKydNwCs07dry0oFEYnma9GpqA==
LTOAnNf7+TCoeQkk+EDO7h6xsbMxk8X0llc8/2MlUXl3fXP9THkp7egC7kp9dG9cOznVK8yPX5lxa4nLsdMMWMnZI7w5TJ+y59rgqOpUivZxYuZWuJumkslJNExlzJKMAJvD3QmS6Z5tOhX3Z9pmf6CXLusNjC0c1NpNfZFFhczgj61maLrldNQfznDLgXPGOkGeufp3AkaQaxI5unxl0LXHegPPZ+n8CbUt/eto1Trx9GdoHH6wP5TOF13KIbUX1Lt+19m3ZjGeQjRDEyivqpMcMnqrgKydNwCs07dry0oFEYnma9GpqA==
1JjcMgZAvguGgAte+vzEcB6xsbMxk8X0llc8/2MlUXl3fXP9THkp7egC7kp9dG9cOznVK8yPX5l2aYnLsdMMWMnZIrw5TJ+y59rgqOpUivZxYuZWuJumkslJNExlzJKMAJvD3QmS6Z5tOhX3Z9pmf6CXLusNjC0c1NpNfZFFhczgj61maLrldNQfznDLgXPGOkGeufp3AkaQaxI5unxl0LXHegPPZ+n8CbUt/eto1Trx9GdoHH6wP5TOF13KIbUX1Lt+19m3ZjGeQjRDEyivqpMcMnqrgKydNwCs07dry0oFEYnma9GpqA==
s8/EYWxnq+gwgmiqz7Jshh6xsbMxk8X0llc8/2MlUXl3fXP9THkp7egC7kp9dG9cOznVK8yPX5lxa4nLsdMMWMnZIbw5TJ+y59rgqOpUivZxYuZWuJumkslJNExlzJKMAJvD3QmS6Z5tOhX3Z9pmf6CXLusNjC0c1NpNfZFFhczgj61maLrldNQfznDLgXPGOkGeufp3AkaQaxI5unxl0LXHegPPZ+n8CbUt/eto1Trx9GdoHH6wP5TOF13KIbUX1Lt+19m3ZjGeQjRDEyivqpMcMnqrgKydNwCs07dry0oFEYnma9GpqA==
FyUMz6gXV76MZhlUtd6nVx6xsbMxk8X0llc8/2MlUXl3fXP9THkp7egC7kp9dG9cOznVK8yPX5l2aYnLsdMMWMnZILw5TJ+y59rgqOpUivZxYuZWuJumkslJNExlzJKMAJvD3QmS6Z5tOhX3Z9pmf6CXLusNjC0c1NpNfZFFhczgj61maLrldNQfznDLgXPGOkGeufp3AkaQaxI5unxl0LXHegPPZ+n8CbUt/eto1Trx9GdoHH6wP5TOF13KIbUX1Lt+19m3ZjGeQjRDEyivqpMcMnqrgKydNwCs07dry0oFEYnma9GpqA==
UaSi91giejwteHuzKKEy2x6xsbMxk8X0llc8/2MlUXl3fXP9THkp7egC7kp9dG9cOznVK8yPX5lxa4nLsdMMWMnZKb05TJ+y59rgqOpUivZxYuZWuJumkslJNExlzJKMAJvD3QmS6Z5tOhX3Z9pmf6CXLusNjC0c1NpNfZFFhczgj61maLrldNQfznDLgXPGOkGeufp3AkaQaxI5unxl0LXHegPPZ+n8CbUt/eto1Trx9GdoHH6wP5TOF13KIbUX1Lt+19m3ZjGeQjRDEyivqpMcMnqrgKydNwCs07dry0oFEYnma9GpqA==
IHTRtAGkiK+jAZZn9J3Yxh6xsbMxk8X0llc8/2MlUXl3fXP9THkp7egC7kp9dG9cOznVK8yPX5l2aYnLsdMMWMnZKL05TJ+y59rgqOpUivZxYuZWuJumkslJNExlzJKMAJvD3QmS6Z5tOhX3Z9pmf6CXLusNjC0c1NpNfZFFhczgj61maLrldNQfznDLgXPGOkGeufp3AkaQaxI5unxl0LXHegPPZ+n8CbUt/eto1Trx9GdoHH6wP5TOF13KIbUX1Lt+19m3ZjGeQjRDEyivqpMcMnqrgKydNwCs07dry0oFEYnma9GpqA==
5cepOSnWFpgr86YPlReGgx6xsbMxk8X0llc8/2MlUXl3fXP9THkp7egC7kp9dG9cOznVK8yPX5lxa4nLsdMMWMnZJ705TJ+y59rgqOpUivZxYuZWuJumkslJNExlzJKMAJvD3QmS6Z5tOhX3Z9pmf6CXLusNjC0c1NpNfZFFhczgj61maLrldNQfznDLgXPGOkGeufp3AkaQaxI5unxl0LXHegPPZ+n8CbUt/eto1Trx9GdoHH6wP5TOF13KIbUX1Lt+19m3ZjGeQjRDEyivqpMcMnqrgKydNwCs07dry0oFEYnma9GpqA==
JeG0NU8aHzBLVHiAVrxXxx6xsbMxk8X0llc8/2MlUXl3fXP9THkp7egC7kp9dG9cOznVK8yPX5l2aYnLsdMMWMnZJr05TJ+y59rgqOpUivZxYuZWuJumkslJNExlzJKMAJvD3QmS6Z5tOhX3Z9pmf6CXLusNjC0c1NpNfZFFhczgj61maLrldNQfznDLgXPGOkGeufp3AkaQaxI5unxl0LXHegPPZ+n8CbUt/eto1Trx9GdoHH6wP5TOF13KIbUX1Lt+19m3ZjGeQjRDEyivqpMcMnqrgKydNwCs07dry0oFEYnma9GpqA==
EUJYWSHdx+pL/SVRvv04+rmtB+D0ALkbPizSHiD30f0QvVh+OG8k1wpKi9Vo50YoGXYpJ8CaLe3l8rGOHfx4t/G35Pga9ttaIr2BRSjlmkEb3ut8iH3CIz+SZRdLIgG0z1Eg2zWtD5CFtUZfsKjzJ7n6hw56NxqzD2kNy/PZGHXffgT+J54TmSGdVqPDcWJzkE1njg45wbJHBUfSdqI/eWSLXYQQ2u7QehKlRtJORjjJzRt75k4EtTqpL+88oVK5LY0B7wWDX1YTwLwiF+uC6DS9fPp6qjBDCsZC2GsYTOENl/HtjbbtQU18viF5sOx1niPBi3D9oVHMqbs=
K9GzLb/bg8TNCMNfe48lWR6xsbMxk8X0llc8/2MlUXl3fXP9THkp7egC7kp9dG9cOznVK8yPX5l2aYnLsdMMWMnZJb05TJ+y59rgqOpUivZxYuZWuJumkslJNExlzJKMAJvD3QmS6Z5tOhX3Z9pmf6CXLusNjC0c1NpNfZFFhczgj61maLrldNQfznDLgXPGOkGeufp3AkaQaxI5unxl0LXHegPPZ+n8CbUt/eto1Trx9GdoHH6wP5TOF13KIbUX1Lt+19m3ZjGeQjRDEyivqpMcMnqrgKydNwCs07dry0oFEYnma9GpqA==
DiR0eRC7YM2dlY2+z/gH5pLXMJHT68Xs3AbJP96BRj7rbVRSCknGnoEeNTJzcO7wMtSN0rS/7TfoE2fVRZbZIWCanbCYUd8s9FugeJWHiYCs9FPH5hfTtTmck9UQEwZwFas/SiFiPG8snxlpG+fFgV4Zec6CcsFGpdV3/UCv9WmEv1b9weKIoXcekcWR/kC6ORVCu5tI9kJYXOxy8wrklqA0z/09F6AWshmsKblDivkU1Qu9B+PjW2kaRaAqrqFzZCTyjVqWfLIGb9wGlHTdgMqNqyc3IWuu201bHOhtz2gK+RiTZ+c2pZd92qmt
EUJYWSHdx+pL/SVRvv04+rmtB+D0ALkbPizSHiD30f0QvVh+OG8k1wpKi9Vo50YoGXYpJ8CaLe3l8rGOHfx4t/G35Pga9ttaIr2BRSjlmkEb3ut8iH3CIz+SZRdLIgG0z1Eg2zWtD5CFtUZfsKjzJ7n6hw56NxqzD2kNy/PZGHXffgT+J54TmSGdVqPDcWJzkE1njg45wbJHBUfSdqI/eWSLXYQQ2u7QehKlRtJORjjJzRt75k4EtTqpL+88oVK5LY0B7wWDX1YTwLwiF+uC6DS9fPp6qjBDCsZC2GsYTOENl/HtjbbtQU18viF5sOx1niPBi3D9oVHMqbs=
DiR0eRC7YM2dlY2+z/gH5pLXMJHT68Xs3AbJP96BRj7rbVRSCknGnoEeNTJzcO7wMtSN0rS/7TfoE2fVRZbZIWCanbCYUd8s9FugeJWHiYCs9FPH5hfTtTmck9UQEwZwFas/SiFiPG8snxlpG+fFgV4Zec6CcsFGpdV3/UCv9WmEv1b9weKIoXcekcWR/kC6ORVCu5tI9kJYXOxy8wrklqA0z/09F6AWshmsKblDivkU1Qu9B+PjW2kaRaAqrqFzZCTyjVqWfLIGb9wGlHTdgMqNqyc3IWuu201bHOhtz2gK+RiTZ+c2pZd92qmt
EUJYWSHdx+pL/SVRvv04+rmtB+D0ALkbPizSHiD30f0QvVh+OG8k1wpKi9Vo50YoGXYpJ8CaLe3l8rGOHfx4t/G35Pga9ttaIr2BRSjlmkEb3ut8iH3CIz+SZRdLIgG0z1Eg2zWtD5CFtUZfsKjzJ7n6hw56NxqzD2kNy/PZGHXffgT+J54TmSGdVqPDcWJzkE1njg45wbJHBUfSdqI/eWSLXYQQ2u7QehKlRtJORjjJzRt75k4EtTqpL+88oVK5LY0B7wWDX1YTwLwiF+uC6DS9fPp6qjBDCsZC2GsYTOENl/HtjbbtQU18viF5sOx1niPBi3D9oVHMqbs=
DiR0eRC7YM2dlY2+z/gH5pLXMJHT68Xs3AbJP96BRj7rbVRSCknGnoEeNTJzcO7wMtSN0rS/7TfoE2fVRZbZIWCanbCYUd8s9FugeJWHiYCs9FPH5hfTtTmck9UQEwZwFas/SiFiPG8snxlpG+fFgV4Zec6CcsFGpdV3/UCv9WmEv1b9weKIoXcekcWR/kC6ORVCu5tI9kJYXOxy8wrklqA0z/09F6AWshmsKblDivkU1Qu9B+PjW2kaRaAqrqFzZCTyjVqWfLIGb9wGlHTdgMqNqyc3IWuu201bHOhtz2gK+RiTZ+c2pZd92qmt
EUJYWSHdx+pL/SVRvv04+rmtB+D0ALkbPizSHiD30f0QvVh+OG8k1wpKi9Vo50YoGXYpJ8CaLe3l8rGOHfx4t/G35Pga9ttaIr2BRSjlmkEb3ut8iH3CIz+SZRdLIgG0z1Eg2zWtD5CFtUZfsKjzJ7n6hw56NxqzD2kNy/PZGHXffgT+J54TmSGdVqPDcWJzkE1njg45wbJHBUfSdqI/eWSLXYQQ2u7QehKlRtJORjjJzRt75k4EtTqpL+88oVK5LY0B7wWDX1YTwLwiF+uC6DS9fPp6qjBDCsZC2GsYTOENl/HtjbbtQU18viF5sOx1niPBi3D9oVHMqbs=
DiR0eRC7YM2dlY2+z/gH5pLXMJHT68Xs3AbJP96BRj7rbVRSCknGnoEeNTJzcO7wMtSN0rS/7TfoE2fVRZbZIWCanbCYUd8s9FugeJWHiYCs9FPH5hfTtTmck9UQEwZwFas/SiFiPG8snxlpG+fFgV4Zec6CcsFGpdV3/UCv9WmEv1b9weKIoXcekcWR/kC6ORVCu5tI9kJYXOxy8wrklqA0z/09F6AWshmsKblDivkU1Qu9B+PjW2kaRaAqrqFzZCTyjVqWfLIGb9wGlHTdgMqNqyc3IWuu201bHOhtz2gK+RiTZ+c2pZd92qmt
EUJYWSHdx+pL/SVRvv04+rmtB+D0ALkbPizSHiD30f0QvVh+OG8k1wpKi9Vo50YoGXYpJ8CaLe3l8rGOHfx4t/G35Pga9ttaIr2BRSjlmkEb3ut8iH3CIz+SZRdLIgG0z1Eg2zWtD5CFtUZfsKjzJ7n6hw56NxqzD2kNy/PZGHXffgT+J54TmSGdVqPDcWJzkE1njg45wbJHBUfSdqI/eWSLXYQQ2u7QehKlRtJORjjJzRt75k4EtTqpL+88oVK5LY0B7wWDX1YTwLwiF+uC6DS9fPp6qjBDCsZC2GsYTOENl/HtjbbtQU18viF5sOx1niPBi3D9oVHMqbs=
DiR0eRC7YM2dlY2+z/gH5pLXMJHT68Xs3AbJP96BRj7rbVRSCknGnoEeNTJzcO7wMtSN0rS/7TfoE2fVRZbZIWCanbCYUd8s9FugeJWHiYCs9FPH5hfTtTmck9UQEwZwFas/SiFiPG8snxlpG+fFgV4Zec6CcsFGpdV3/UCv9WmEv1b9weKIoXcekcWR/kC6ORVCu5tI9kJYXOxy8wrklqA0z/09F6AWshmsKblDivkU1Qu9B+PjW2kaRaAqrqFzZCTyjVqWfLIGb9wGlHTdgMqNqyc3IWuu201bHOhtz2gK+RiTZ+c2pZd92qmt
EUJYWSHdx+pL/SVRvv04+rmtB+D0ALkbPizSHiD30f0QvVh+OG8k1wpKi9Vo50YoGXYpJ8CaLe3l8rGOHfx4t/G35Pga9ttaIr2BRSjlmkEb3ut8iH3CIz+SZRdLIgG0z1Eg2zWtD5CFtUZfsKjzJ7n6hw56NxqzD2kNy/PZGHXffgT+J54TmSGdVqPDcWJzkE1njg45wbJHBUfSdqI/eWSLXYQQ2u7QehKlRtJORjjJzRt75k4EtTqpL+88oVK5LY0B7wWDX1YTwLwiF+uC6DS9fPp6qjBDCsZC2GsYTOENl/HtjbbtQU18viF5sOx1niPBi3D9oVHMqbs=
DiR0eRC7YM2dlY2+z/gH5pLXMJHT68Xs3AbJP96BRj7rbVRSCknGnoEeNTJzcO7wMtSN0rS/7TfoE2fVRZbZIWCanbCYUd8s9FugeJWHiYCs9FPH5hfTtTmck9UQEwZwFas/SiFiPG8snxlpG+fFgV4Zec6CcsFGpdV3/UCv9WmEv1b9weKIoXcekcWR/kC6ORVCu5tI9kJYXOxy8wrklqA0z/09F6AWshmsKblDivkU1Qu9B+PjW2kaRaAqrqFzZCTyjVqWfLIGb9wGlHTdgMqNqyc3IWuu201bHOhtz2gK+RiTZ+c2pZd92qmt
EUJYWSHdx+pL/SVRvv04+rmtB+D0ALkbPizSHiD30f0QvVh+OG8k1wpKi9Vo50YoGXYpJ8CaLe3l8rGOHfx4t/G35Pga9ttaIr2BRSjlmkEb3ut8iH3CIz+SZRdLIgG0z1Eg2zWtD5CFtUZfsKjzJ7n6hw56NxqzD2kNy/PZGHXffgT+J54TmSGdVqPDcWJzkE1njg45wbJHBUfSdqI/eWSLXYQQ2u7QehKlRtJORjjJzRt75k4EtTqpL+88oVK5LY0B7wWDX1YTwLwiF+uC6DS9fPp6qjBDCsZC2GsYTOENl/HtjbbtQU18viF5sOx1niPBi3D9oVHMqbs=
DiR0eRC7YM2dlY2+z/gH5pLXMJHT68Xs3AbJP96BRj7rbVRSCknGnoEeNTJzcO7wMtSN0rS/7TfoE2fVRZbZIWCanbCYUd8s9FugeJWHiYCs9FPH5hfTtTmck9UQEwZwFas/SiFiPG8snxlpG+fFgV4Zec6CcsFGpdV3/UCv9WmEv1b9weKIoXcekcWR/kC6ORVCu5tI9kJYXOxy8wrklqA0z/09F6AWshmsKblDivkU1Qu9B+PjW2kaRaAqrqFzZCTyjVqWfLIGb9wGlHTdgMqNqyc3IWuu201bHOhtz2gK+RiTZ+c2pZd92qmt
DiR0eRC7YM2dlY2+z/gH5pLXMJHT68Xs3AbJP96BRj7rbVRSCknGnoEeNTJzcO7wMtSN0rS/7TfoE2fVRZbZIWCanbCYUd8s9FugeJWHiYCs9FPH5hfTtTmck9UQEwZwFas/SiFiPG8snxlpG+fFgV4Zec6CcsFGpdV3/UCv9WmEv1b9weKIoXcekcWR/kC6ORVCu5tI9kJYXOxy8wrklqA0z/09F6AWshmsKblDivkU1Qu9B+PjW2kaRaAqrqFzZCTyjVqWfLIGb9wGlHTdgMqNqyc3IWuu201bHOhtz2gK+RiTZ+c2pZd92qmt
Wo+vZJHurFZ4m8mpYY/Amwpgbw7s28GSlPIoFw7KmfqPaTim5TsGppDP69eu2ZDnp1A+RQoeM2cBwB/BHCb0uYvHAuj7l/jdeSNarhR8BaWcUrvgE3uF9QGGcSm5MomJZUDg7aqDFfO8rR15WKkv
hIx+LsQymZ1xSjSABIYAVumycBh4/4OZ5dGPviA0wkMuw0rN+1NKyZRAoqh6a3ObND0ebGcHvBz/PQBoeYx2mPlNC9s2DtTVyqnfj+zhghk9DTFPNUPvdoPALMJnK/IIRD1sGipqYGO6xvL4u1icgR0XAY199h0h3XItAcnw3NWuo9ErID3xsbypyw==
Zu8vHlxdjK6e4sZRkwAWxtFWJ+XfipjIpM/P0auV1HXsxB77iqMuVUfDxkEQwCYg9vvPA9DdutQ7d/BUO/3EoLW8KuCdbS/Dyh7Y3c6p24fg8X4BGS1VN2lzI75HAOiKK1uusODdiIKW+uzrPkZ2cDfIIBl5d6U1oQbR6ZkyaUmFwAAtSoP1M1wt/bm4qc8=
XTVJpb1ZJObPbYBiFHVsUKgYI3yLrPX5ec+lHswmd+J3uIFER3wz0mW8btjMmqL8V7gQLYUeCHhJSwumI6tuAT1kG4quR0q8/UWJn9EFjsfkPtl3VmZ4RdUae/DocH128fUwNWTLnp3ybBMk/MybXclPnMbesXgpbevmKSiN/x1TG7/rhXJxYF4GjQO4nKZtbs6A4iqHiIZAHPFQtlWfR+OZN1735a9S34Wj2NaBzDMTPwr1e9WOqfk=
zkuV/oCiDVJRXLlAn6Svi5erYUQX6XUbUzpHGAVFB3twgwURG4c/KG9jp/Ngh4KRn2KtOzVjbmQLpeLoDTVyAuhXvia15gkFUp2bjWkaRSc1M09SZWztlq8W6DRQubj8r3OOu6XhqLkWCc0dJhcSEOzN91JfvE++OsQfigJYW/LUPTOxm/w5UyH4v7upzg==
mHRFvoJDt8DofieBKkP3PYzecwN1ilzOU8vbmnFz0mjMEtRtBz5daFZvida2Rbe4bu7Clxk9LfWSmfrceDd8E1j5gRvQTTYAgKxgIwkvpu1MGF3vZrh9ncJMY+RMbGvdWe/MBo6RaCl9y7bpeC1vnaO7Dyv1UkFgrma9w8h8Fu3+rlAiemeYhlB8IRDmtQ/HU/nHHscF31LvpVOYZiG8s4Of2rWr9Z6p6Q==
MOkG/b8BGLz30/QivWXbuXd4crw2UT9jf071BAAvHTfzmhJXSV099YK5Khwol+yTKFlx26BtxgDwjJBjeY9Wbdy4ja82mG2d0qyzpByM+13pD3xGvnFYKU0rhqnIzd8dM1tfayWyUWC+Ru2DGNyGbQ4OIGKKR+iGoFxR0BYVf0fDWZfeFyXPUv/FA1i2QSwzM/9qdZuVrqnZ
/dDxKIWgmXXXq5JKMw/M2DOHLkUqemMWtzYfNRdK0Jj8bydBExWs5UQkxkvC42aFv+PuMQjAPtDe27dTGB1yZGMXWMTDfXww3RzyEFUtZ5Py/jDt1qnDtwgRRlFRbZ3HsdNLLv+AEBqDO/YAKB1A0u7axBsmRm4AH+jYyTE37YV55nl54bLR2W1gWF0CQz3jZE2ViaCp1w==
A2s34kXcWRUJBxHpgPqc5CYziATcsfy14eDQY1E31oqTlEAPOuvCCKCgv1OUcUmK3L7RR2B9Duk+jd5WYG5wvPYmjz6bkAKek/xiap9sPNcvdyueTV15QhNtqRw=
EtygsI0yELBq/qWGCLEkrxZw7a/PDsAv1g6ODbsytelaErqigLg+vqMqQYS9yP3H8znnnifFP1JPZXMYBmHcs+Pf+jWLNX6pCQ==
RL8nFNhBk/MxG/2QJBr4cBdw7a/PDsAv1g6ODbsytelaErqigLg+vqMqQYS9yP3H8znnnifFP1JPZXMYBmHcs+Pf+jWLNX6pCQ==
bSOZcneolpzQUBL8aJNuGBRw7a/PDsAv1g6ODbsytelaErqigLg+vqMqQYS9yP3H8znnnifFP1JPZXMYBmHcs+Pf+jWLNX6pCQ==
REKoPrx/qeVrDmP5QzdYb6ICD28adnpdb5oJScb6zlIUILI+L7LV9EmgYWdPkbNOUz1zkgNdR0jSCSDT//fOBZ8tcqkF
i0wC/Uy9+RHnIfhh7NLE9qMCD28adnpdb5oJScb6zlIUILI+L7LV9EmgYWdPkbNOUz1zkgNdR0jSCSDT//fOBZ8tcqkF
sf0Hpks8hMmc+ndv/5Vcv6ACD28adnpdb5oJScb6zlIUILI+L7LV9EmgYWdPkbNOUz1zkgNdR0jSCSDT//fOBZ8tcqkF
qkEPU7pBFm7XWlsVj1A0B6ECD28adnpdb5oJScb6zlIUILI+L7LV9EmgYWdPkbNOUz1zkgNdR0jSCSDT//fOBZ8tcqkF
iFYaYnevRk+OrdPxzSjqwaYCD28adnpdb5oJScb6zlIUILI+L7LV9EmgYWdPkbNOUz1zkgNdR0jSCSDT//fOBZ8tcqkF
FF3NYCibcheyIe4eKw6VOqcCD28adnpdb5oJScb6zlIUILI+L7LV9EmgYWdPkbNOUz1zkgNdR0jSCSDT//fOBZ8tcqkF
clhp9elsBUQzBRROxwicuaQCD28adnpdb5oJScb6zlIUILI+L7LV9EmgYWdPkbNOUz1zkgNdR0jSCSDT//fOBZ8tcqkF
VkH714L0kd0BNAYxNrJX/KUCD28adnpdb5oJScb6zlIUILI+L7LV9EmgYWdPkbNOUz1zkgNdR0jSCSDT//fOBZ8tcqkF
Uy6lh1T7AwN8DBRFxvQSZaoCD28adnpdb5oJScb6zlIUILI+L7LV9EmgYWdPkbNOUz1zkgNdR0jSCSDT//fOBZ8tcqkF
5Y+m09KjAgdLeMaL6Au1Fxdq66/TFsEv1g6ODbsytelaErqigLg+vqMqQYS9yP3H8znnnifFP1JPZXMYBmHcs+Pf+jWLNX6pCQ==
kTLSh7V6rgEtb5IjbN844RRq66/TFsEv1g6ODbsytelaErqigLg+vqMqQYS9yP3H8znnnifFP1JPZXMYBmHcs+Pf+jWLNX6pCQ==
Bt1+rHbg64SiT4sxovT5ZxVq66/TFsEv1g6ODbsytelaErqigLg+vqMqQYS9yP3H8znnnifFP1JPZXMYBmHcs+Pf+jWLNX6pCQ==
j+8pxgTqbjdeGLoJu9G6Hy4Njiw519hrgMm6t9HttXUKSbK8QMdUU/BpGbuYfc4A+Jyog5G/Di1kaGUPrujlHVocK8S0XAOdsX9UZkZhUClFO36J4L2H3cuL9wu9AtngNjZ1I/AMPi1WPsiCslfghqhMabB+JaeHewn/fo/VR9J3dZu4HhFUc+sPQlXjhaap0Q==
AgEw9QOkPb9RQH+SyXCH+mlibROfPSjQJ220ytCf+wlXVWgtmJSqE2YDgj3Tc1K5jEC6WGJLW+t8fda8j6cEjIe9uPiBbN7IsQ1D697uzOXSqce/9AFqKXVNeR+doxfmO0BUUt+LGtiMfSRqAkp4k6LG6oijeLRx1ddJ3RVWpbEl8pWRsZB0BWZjGRtIXemBpKnT
THxg7rv8TmkQbXr6i+0ok1a9xaz5459d+YSkssRfH3PzkreAhd1309Br1alb/28Aj4uX62Cfsnl/Sv1Dddu+jKsNknCNrYKqSD/unnUe2S0y9auVaQJ1T1Ubn6ql1L3+D74YrNAhyFQPm14D5Zn4kfbh/QUmDyL4DOWnKh8En1aabG8SgsCrWnRVYwlbBOl7QZCPo6nW
wzpx0uXqY8wy16eG6X0hKYKh4uyAHbSuCKjCIRtdC4ib5qX/kw34AYmfqy1bTtexWy0g3fbHt4BBFSVpamITV/7WbU8mNCCVcmjFjK2jqg8nE+mA8bHdkeM8NSYpUHcktEpwg6wKp3GCtZXLTF8uW7FD5s3mxkSvm/zPNss4oraDNOKij0Scf39/axYddVnqg6Wp1A==
hNBEIrvwsUzGvDRyuq1wR30pOx2/MjCr6gkJ2W9eGtCMLYKqyuX+wgMk0vKb2CK25/iMm8dzC6IVqenu2wmpAA==
G9tt7NYJiybBKanb9Oz3RGsWx7IXWwJ7z4XtWadIz262IBCa0s1ZBQeqmlwUiTIWArEervsgwu6z7GJ6vxz8Z0/nqw6t7TmyM32pDA==
+uWKb0iKBu/ZzOb0ixQE2380mtQ+kUwvSGtGfVD3wbxeJVsU2tjIlXrhDf8fva2Y6GyrCiNTZqPBv2t8Wg7wtzr8PvfODG+uerR/2gKIuwIULRMBG4xZQ2FIH2upHg==
dmlGdVd0+UsGRI0D3FEWllLG4MBbJiHUgnJZ44QNORkVEnDK38jzLUq5yYmPLhrArB3CeqoVflKjlBKie6gipsfIzEung4sytRkpvjt5qRA=
PlEkebavRqhUQul7wsFixryrs5WPCeepieN3WOANSxsJmPiUtDtxKT3k9quGiTiDmUvRJBjQ07bD7x4fMQMTwNqyiAvKQEZLLrAXEooIB2bCtMM+5BFrPfuwIX+RdGdXqSI=
HcZQyqKuViC8z4zwwOblc30pOx2/MjCr6gkJ2W9eGtCNLYKqyuX+wgMk0vKb2CK25/iMm8dzC6IVqenu2wmpAA==
u2rANILtZn5tho0aD3TmpWsWx7IXWwJ7z4XtWadIz262IBCa0s1ZBQeqmlwViTIWArEervsgwu6z7GJ6vxz8Z0/nqw6t7TmyM32pDA==
FsSvYBUkVA03bfCfVt7gEH80mtQ+kUwvSGtGfVD3wbxeJVsU2tjIlXrhDf8fva2Y6GyrCiNTZqPBv2t8Wg7xtzr8PvfODG+uerR/2gKIuwIULRMBG4xZQ2FIH2upHg==
SabrfavihEeEIWpLN2xxy1LG4MBbJiHUgnJZ44QNORkVEnDK38jzLUq5yYmPLhrArR3CeqoVflKjlBKie6gipsfIzEung4sytRkpvjt5qRA=
XHNDPIH970pPaOCDEnQEHryrs5WPCeepieN3WOANSxsJm/iUtDtxKT3k9quGiTiDmUvRJBjQ07bD7x4fMQMTwNqyiQvKQEZLLrAXEooIB2bCtMM+5BFrPfuwIX+RdGdXqSI=
xFESt0Z18sd5mUeQyb2QGlJx9r6GWrpp0FfJROc5t+scQLq1nKEJ+rl+Voan3PrW8znnnifFP1JPZXMYBmHcs+Pf+jWLNX6pCQ==
+uWKb0iKBu/ZzOb0ixQE2380mtQ+kUwvSGtGfVD3wbxeJVsU2tjIlXrhDf8fva2Y6GyrCiNTZqPBv2t8Wg7wtzr8PvfODG+uerR/2gKIuwIULRMBG4xZQ2FIH2upHg==
xFESt0Z18sd5mUeQyb2QGlJx9r6GWrpp0FfJROc5t+scQLq1nKEJ+rl+Voan3PrW8znnnifFP1JPZXMYBmHcs+Pf+jWLNX6pCQ==
+uWKb0iKBu/ZzOb0ixQE2380mtQ+kUwvSGtGfVD3wbxeJVsU2tjIlXrhDf8fva2Y6GyrCiNTZqPBv2t8Wg7wtzr8PvfODG+uerR/2gKIuwIULRMBG4xZQ2FIH2upHg==
xFESt0Z18sd5mUeQyb2QGlJx9r6GWrpp0FfJROc5t+scQLq1nKEJ+rl+Voan3PrW8znnnifFP1JPZXMYBmHcs+Pf+jWLNX6pCQ==
bwEfOLievhOsttypcEB2Jn40mtQ+kUwvSGtGfVD3wbxeJVsU2tjIlXrhDf8fva2Y6GyrCiNTZqPBv2t8Wg7wtzr8PvfODG+uerR/2gKIuwIULRMBG4xZQ2FIH2upHg==
H5+JXzJ4gqQ5ikrL1jvLnbyrs5WPCeepieN3WOANSxsJmviUtDtxKT3k9quGiTiDmUvRJBjQ07bD7x4fMQMTwNqyiAvKQEZLLrAXEooIB2bCtMM+5BFrPfuwIX+RdGdXqSI=
cNNNX+3A482s7RXe88OQLn0pOx2/MjCr8A8JxXdfGtCMN4Sq1v3/wgMk0vKb2CK25/iMm8dzC6IVqenu2wmpAA==
fhAUOv0AIrwGz6TC+TvCZ2sWx7IXWwJ7z4XtWadIz262IBCayMtZGR+rmlwUkzQWHqkfrvsgwu6z7GJ6vxz8Z0/nqw6t7TmyM32pDA==
hsJtAG+OP0BgKfcg7Orv5K6M4hj8kiQopo2VHmMCdY27smUqNhZ4k2iPSBfjbO0tlbveDhY9Ch3aumtaRoiNlCCHUa1tNo2B7XJdYVkwzDV+I2FLUH1BEWypGw==
kAyHx28Sq4+v9f1jPM4PBFJx9r6GWrpp0FfJROc5t+scWry1gLkI+rl+TICnwOLX8znnnifFP1JPZXMYBmHcs+Pf+jWLNX6pCQ==
JRRpF6X4NcunCuBgxDJr3K2M4hj8kiQopo2VHmMCdY27smUqNhZ4k2iPSBfjbO0tlbveDhY9Ch3aumtaRoiNlCCHUa1tNo2B7XJdYVkwzDV+I2FLUH1BEWypGw==
kAyHx28Sq4+v9f1jPM4PBFJx9r6GWrpp0FfJROc5t+scWry1gLkI+rl+TICnwOLX8znnnifFP1JPZXMYBmHcs+Pf+jWLNX6pCQ==
0heMUmp1vbAgEDgyIKG19KyM4hj8kiQopo2VHmMCdY27smUqNhZ4k2iPSBfjbO0tlbveDhY9Ch3aumtaRoiNlCCHUa1tNo2B7XJdYVkwzDV+I2FLUH1BEWypGw==
kAyHx28Sq4+v9f1jPM4PBFJx9r6GWrpp0FfJROc5t+scWry1gLkI+rl+TICnwOLX8znnnifFP1JPZXMYBmHcs+Pf+jWLNX6pCQ==
GCsCg9aeQts+HiWe5RyTJKuM4hj8kiQopo2VHmMCdY27smUqNhZ4k2iPSBfjbO0tlbveDhY9Ch3aumtaRoiNlCCHUa1tNo2B7XJdYVkwzDV+I2FLUH1BEWypGw==
kAyHx28Sq4+v9f1jPM4PBFJx9r6GWrpp0FfJROc5t+scWry1gLkI+rl+TICnwOLX8znnnifFP1JPZXMYBmHcs+Pf+jWLNX6pCQ==
CJ4EMUmiOd2Zx1B01EjMNqqM4hj8kiQopo2VHmMCdY27smUqNhZ4k2iPSBfjbO0tlbveDhY9Ch3aumtaRoiNlCCHUa1tNo2B7XJdYVkwzDV+I2FLUH1BEWypGw==
kAyHx28Sq4+v9f1jPM4PBFJx9r6GWrpp0FfJROc5t+scWry1gLkI+rl+TICnwOLX8znnnifFP1JPZXMYBmHcs+Pf+jWLNX6pCQ==
Sm0Tu/X6LWG/77rByG0oJ6mM4hj8kiQopo2VHmMCdY27smUqNhZ4k2iPSBfjbO0tlbveDhY9Ch3aumtaRoiNlCCHUa1tNo2B7XJdYVkwzDV+I2FLUH1BEWypGw==
9b1TlfnJfe9BXEPdL2l2M0s99s16Vvy+GMlyMzMsPY0FO26u5n06/cq6ezp2SP00kAfBDT323aEdcm2BCfAcVe6jEavgPbExfKkL
hNBEIrvwsUzGvDRyuq1wR30pOx2/MjCr6gkJ2W9eGtCMLYKqyuX+wgMk0vKb2CK25/iMm8dzC6IVqenu2wmpAA==
G9tt7NYJiybBKanb9Oz3RGsWx7IXWwJ7z4XtWadIz262IBCa0s1ZBQeqmlwUiTIWArEervsgwu6z7GJ6vxz8Z0/nqw6t7TmyM32pDA==
60LPyTz1GQGZ3OCnq9bI72C0dtQP5tgG4IQuAL6QtgN7GkiV35KBEkomtNssT4xfr5xRVTFbeoyMrZqNXzrv0tAeERCc5vVV0UZBSakymakVADANGgOFU0xtTRloqR8=
1yO8xKkX/kfZurubfTnE/y8LrTrWCUIXDQ6Magb2TITsokKbwtfco0dgEhcW1cnksIqIBvSJXssHfOkleZuy3NSNcr0nOhfiuD7JwNSmPaVpJunZMbIBOf2gSL3Sw80DlI1laVCpJw==
ZGHO8rZFMorUh/oLtow4gGSd2GKTp16BwrBFy7v/ORnTNnifx52JEmwKHFnN3+2+smV+u1SluaHlWhDSz6Cz1foxaVHfBhr43NUi4jr9viqTnDL6qwCiHjeArFO368vKBZGJZmtRqSg=
dmlGdVd0+UsGRI0D3FEWllLG4MBbJiHUgnJZ44QNORkVEnDK38jzLUq5yYmPLhrArB3CeqoVflKjlBKie6gipsfIzEung4sytRkpvjt5qRA=
xFESt0Z18sd5mUeQyb2QGlJx9r6GWrpp0FfJROc5t+scQLq1nKEJ+rl+Voan3PrW8znnnifFP1JPZXMYBmHcs+Pf+jWLNX6pCQ==
Q9vfRacv0cawzrlxpDVBHWG0dtQP5tgG4IQuAL6QtgN7GkiV35KBEkomtNssT4xfr5xRVTFbeoyMrZqNXzrv0tAeERCc5vVV0UZBSakymakVADANGgOFU0xtTRloqR8=
1Q54lMXt2NksDHdEOQDkPWSd2GKTp16BwrBFy7v/ORnTNnifx52JEWwKHFnN3+2+smV+u1SluaHlWhDSz6Cz1foxaVHfBhr43NUi4jr9viqTnDL6qwCiHjeArFO368vKBZGJZmtRqSg=
dmlGdVd0+UsGRI0D3FEWllLG4MBbJiHUgnJZ44QNORkVEnDK38jzLUq5yYmPLhrArB3CeqoVflKjlBKie6gipsfIzEung4sytRkpvjt5qRA=
xFESt0Z18sd5mUeQyb2QGlJx9r6GWrpp0FfJROc5t+scQLq1nKEJ+rl+Voan3PrW8znnnifFP1JPZXMYBmHcs+Pf+jWLNX6pCQ==
HcZQyqKuViC8z4zwwOblc30pOx2/MjCr6gkJ2W9eGtCNLYKqyuX+wgMk0vKb2CK25/iMm8dzC6IVqenu2wmpAA==
u2rANILtZn5tho0aD3TmpWsWx7IXWwJ7z4XtWadIz262IBCa0s1ZBQeqmlwViTIWArEervsgwu6z7GJ6vxz8Z0/nqw6t7TmyM32pDA==
2+04sxaI6QoaoMzerbj54mC0dtQP5tgG4IQuAL6QtgN7GkiV35KBEkomtNssT4xfr5xRVTFbeoyMrZqNXzrv09AeERCc5vVV0UZBSakymakVADANGgOFU0xtTRloqR8=
hNBEIrvwsUzGvDRyuq1wR30pOx2/MjCr6gkJ2W9eGtCMLYKqyuX+wgMk0vKb2CK25/iMm8dzC6IVqenu2wmpAA==
G9tt7NYJiybBKanb9Oz3RGsWx7IXWwJ7z4XtWadIz262IBCa0s1ZBQeqmlwUiTIWArEervsgwu6z7GJ6vxz8Z0/nqw6t7TmyM32pDA==
+uWKb0iKBu/ZzOb0ixQE2380mtQ+kUwvSGtGfVD3wbxeJVsU2tjIlXrhDf8fva2Y6GyrCiNTZqPBv2t8Wg7wtzr8PvfODG+uerR/2gKIuwIULRMBG4xZQ2FIH2upHg==
xFESt0Z18sd5mUeQyb2QGlJx9r6GWrpp0FfJROc5t+scQLq1nKEJ+rl+Voan3PrW8znnnifFP1JPZXMYBmHcs+Pf+jWLNX6pCQ==
bwEfOLievhOsttypcEB2Jn40mtQ+kUwvSGtGfVD3wbxeJVsU2tjIlXrhDf8fva2Y6GyrCiNTZqPBv2t8Wg7wtzr8PvfODG+uerR/2gKIuwIULRMBG4xZQ2FIH2upHg==
xFESt0Z18sd5mUeQyb2QGlJx9r6GWrpp0FfJROc5t+scQLq1nKEJ+rl+Voan3PrW8znnnifFP1JPZXMYBmHcs+Pf+jWLNX6pCQ==
+uWKb0iKBu/ZzOb0ixQE2380mtQ+kUwvSGtGfVD3wbxeJVsU2tjIlXrhDf8fva2Y6GyrCiNTZqPBv2t8Wg7wtzr8PvfODG+uerR/2gKIuwIULRMBG4xZQ2FIH2upHg==
xFESt0Z18sd5mUeQyb2QGlJx9r6GWrpp0FfJROc5t+scQLq1nKEJ+rl+Voan3PrW8znnnifFP1JPZXMYBmHcs+Pf+jWLNX6pCQ==
bwEfOLievhOsttypcEB2Jn40mtQ+kUwvSGtGfVD3wbxeJVsU2tjIlXrhDf8fva2Y6GyrCiNTZqPBv2t8Wg7wtzr8PvfODG+uerR/2gKIuwIULRMBG4xZQ2FIH2upHg==
HcZQyqKuViC8z4zwwOblc30pOx2/MjCr6gkJ2W9eGtCNLYKqyuX+wgMk0vKb2CK25/iMm8dzC6IVqenu2wmpAA==
u2rANILtZn5tho0aD3TmpWsWx7IXWwJ7z4XtWadIz262IBCa0s1ZBQeqmlwViTIWArEervsgwu6z7GJ6vxz8Z0/nqw6t7TmyM32pDA==
2+04sxaI6QoaoMzerbj54mC0dtQP5tgG4IQuAL6QtgN7GkiV35KBEkomtNssT4xfr5xRVTFbeoyMrZqNXzrv09AeERCc5vVV0UZBSakymakVADANGgOFU0xtTRloqR8=
oyvlgP36mJH8CFjbRlyrtmSd2GKTp16BwrBFy7v/ORnTNnifx52JEWwKHFnN3+2+smV+u1SluaHlWhDSz6Cz1foxaVHfBhr43dUi4jr9viqTnDL6qwCiHjeArFO368vKBZGJZmtRqSg=
SabrfavihEeEIWpLN2xxy1LG4MBbJiHUgnJZ44QNORkVEnDK38jzLUq5yYmPLhrArR3CeqoVflKjlBKie6gipsfIzEung4sytRkpvjt5qRA=
55XDmlRKYYOGNXTaC0ahIFJx9r6GWrpp0FfJROc5t+scQLq1nKEJ+rl/Voan3PrW8znnnifFP1JPZXMYBmHcs+Pf+jWLNX6pCQ==
MBxZMCE/dIPXN/Hg38gfCWG0dtQP5tgG4IQuAL6QtgN7GkiV35KBEkomtNssT4xfr5xRVTFbeoyMrZqNXzrv09AeERCc5vVV0UZBSakymakVADANGgOFU0xtTRloqR8=
dtRYD5waUVWvXy7MJesSXGSd2GKTp16BwrBFy7v/ORnTNnifx52JEmwKHFnN3+2+smV+u1SluaHlWhDSz6Cz1foxaVHfBhr43dUi4jr9viqTnDL6qwCiHjeArFO368vKBZGJZmtRqSg=
SabrfavihEeEIWpLN2xxy1LG4MBbJiHUgnJZ44QNORkVEnDK38jzLUq5yYmPLhrArR3CeqoVflKjlBKie6gipsfIzEung4sytRkpvjt5qRA=
55XDmlRKYYOGNXTaC0ahIFJx9r6GWrpp0FfJROc5t+scQLq1nKEJ+rl/Voan3PrW8znnnifFP1JPZXMYBmHcs+Pf+jWLNX6pCQ==
xFESt0Z18sd5mUeQyb2QGlJx9r6GWrpp0FfJROc5t+scQLq1nKEJ+rl+Voan3PrW8znnnifFP1JPZXMYBmHcs+Pf+jWLNX6pCQ==
+uWKb0iKBu/ZzOb0ixQE2380mtQ+kUwvSGtGfVD3wbxeJVsU2tjIlXrhDf8fva2Y6GyrCiNTZqPBv2t8Wg7wtzr8PvfODG+uerR/2gKIuwIULRMBG4xZQ2FIH2upHg==
xFESt0Z18sd5mUeQyb2QGlJx9r6GWrpp0FfJROc5t+scQLq1nKEJ+rl+Voan3PrW8znnnifFP1JPZXMYBmHcs+Pf+jWLNX6pCQ==
bwEfOLievhOsttypcEB2Jn40mtQ+kUwvSGtGfVD3wbxeJVsU2tjIlXrhDf8fva2Y6GyrCiNTZqPBv2t8Wg7wtzr8PvfODG+uerR/2gKIuwIULRMBG4xZQ2FIH2upHg==
xFESt0Z18sd5mUeQyb2QGlJx9r6GWrpp0FfJROc5t+scQLq1nKEJ+rl+Voan3PrW8znnnifFP1JPZXMYBmHcs+Pf+jWLNX6pCQ==
+uWKb0iKBu/ZzOb0ixQE2380mtQ+kUwvSGtGfVD3wbxeJVsU2tjIlXrhDf8fva2Y6GyrCiNTZqPBv2t8Wg7wtzr8PvfODG+uerR/2gKIuwIULRMBG4xZQ2FIH2upHg==
xFESt0Z18sd5mUeQyb2QGlJx9r6GWrpp0FfJROc5t+scQLq1nKEJ+rl+Voan3PrW8znnnifFP1JPZXMYBmHcs+Pf+jWLNX6pCQ==
bwEfOLievhOsttypcEB2Jn40mtQ+kUwvSGtGfVD3wbxeJVsU2tjIlXrhDf8fva2Y6GyrCiNTZqPBv2t8Wg7wtzr8PvfODG+uerR/2gKIuwIULRMBG4xZQ2FIH2upHg==
xFESt0Z18sd5mUeQyb2QGlJx9r6GWrpp0FfJROc5t+scQLq1nKEJ+rl+Voan3PrW8znnnifFP1JPZXMYBmHcs+Pf+jWLNX6pCQ==
+uWKb0iKBu/ZzOb0ixQE2380mtQ+kUwvSGtGfVD3wbxeJVsU2tjIlXrhDf8fva2Y6GyrCiNTZqPBv2t8Wg7wtzr8PvfODG+uerR/2gKIuwIULRMBG4xZQ2FIH2upHg==
xFESt0Z18sd5mUeQyb2QGlJx9r6GWrpp0FfJROc5t+scQLq1nKEJ+rl+Voan3PrW8znnnifFP1JPZXMYBmHcs+Pf+jWLNX6pCQ==
bwEfOLievhOsttypcEB2Jn40mtQ+kUwvSGtGfVD3wbxeJVsU2tjIlXrhDf8fva2Y6GyrCiNTZqPBv2t8Wg7wtzr8PvfODG+uerR/2gKIuwIULRMBG4xZQ2FIH2upHg==
xFESt0Z18sd5mUeQyb2QGlJx9r6GWrpp0FfJROc5t+scQLq1nKEJ+rl+Voan3PrW8znnnifFP1JPZXMYBmHcs+Pf+jWLNX6pCQ==
+uWKb0iKBu/ZzOb0ixQE2380mtQ+kUwvSGtGfVD3wbxeJVsU2tjIlXrhDf8fva2Y6GyrCiNTZqPBv2t8Wg7wtzr8PvfODG+uerR/2gKIuwIULRMBG4xZQ2FIH2upHg==
xFESt0Z18sd5mUeQyb2QGlJx9r6GWrpp0FfJROc5t+scQLq1nKEJ+rl+Voan3PrW8znnnifFP1JPZXMYBmHcs+Pf+jWLNX6pCQ==
bwEfOLievhOsttypcEB2Jn40mtQ+kUwvSGtGfVD3wbxeJVsU2tjIlXrhDf8fva2Y6GyrCiNTZqPBv2t8Wg7wtzr8PvfODG+uerR/2gKIuwIULRMBG4xZQ2FIH2upHg==
xFESt0Z18sd5mUeQyb2QGlJx9r6GWrpp0FfJROc5t+scQLq1nKEJ+rl+Voan3PrW8znnnifFP1JPZXMYBmHcs+Pf+jWLNX6pCQ==
+uWKb0iKBu/ZzOb0ixQE2380mtQ+kUwvSGtGfVD3wbxeJVsU2tjIlXrhDf8fva2Y6GyrCiNTZqPBv2t8Wg7wtzr8PvfODG+uerR/2gKIuwIULRMBG4xZQ2FIH2upHg==
xFESt0Z18sd5mUeQyb2QGlJx9r6GWrpp0FfJROc5t+scQLq1nKEJ+rl+Voan3PrW8znnnifFP1JPZXMYBmHcs+Pf+jWLNX6pCQ==
bwEfOLievhOsttypcEB2Jn40mtQ+kUwvSGtGfVD3wbxeJVsU2tjIlXrhDf8fva2Y6GyrCiNTZqPBv2t8Wg7wtzr8PvfODG+uerR/2gKIuwIULRMBG4xZQ2FIH2upHg==
xFESt0Z18sd5mUeQyb2QGlJx9r6GWrpp0FfJROc5t+scQLq1nKEJ+rl+Voan3PrW8znnnifFP1JPZXMYBmHcs+Pf+jWLNX6pCQ==
+uWKb0iKBu/ZzOb0ixQE2380mtQ+kUwvSGtGfVD3wbxeJVsU2tjIlXrhDf8fva2Y6GyrCiNTZqPBv2t8Wg7wtzr8PvfODG+uerR/2gKIuwIULRMBG4xZQ2FIH2upHg==
xFESt0Z18sd5mUeQyb2QGlJx9r6GWrpp0FfJROc5t+scQLq1nKEJ+rl+Voan3PrW8znnnifFP1JPZXMYBmHcs+Pf+jWLNX6pCQ==
bwEfOLievhOsttypcEB2Jn40mtQ+kUwvSGtGfVD3wbxeJVsU2tjIlXrhDf8fva2Y6GyrCiNTZqPBv2t8Wg7wtzr8PvfODG+uerR/2gKIuwIULRMBG4xZQ2FIH2upHg==
FsSvYBUkVA03bfCfVt7gEH80mtQ+kUwvSGtGfVD3wbxeJVsU2tjIlXrhDf8fva2Y6GyrCiNTZqPBv2t8Wg7xtzr8PvfODG+uerR/2gKIuwIULRMBG4xZQ2FIH2upHg==
55XDmlRKYYOGNXTaC0ahIFJx9r6GWrpp0FfJROc5t+scQLq1nKEJ+rl/Voan3PrW8znnnifFP1JPZXMYBmHcs+Pf+jWLNX6pCQ==
VQm4Je6ZZT0aMlx8QtHBTX40mtQ+kUwvSGtGfVD3wbxeJVsU2tjIlXrhDf8fva2Y6GyrCiNTZqPBv2t8Wg7xtzr8PvfODG+uerR/2gKIuwIULRMBG4xZQ2FIH2upHg==
55XDmlRKYYOGNXTaC0ahIFJx9r6GWrpp0FfJROc5t+scQLq1nKEJ+rl/Voan3PrW8znnnifFP1JPZXMYBmHcs+Pf+jWLNX6pCQ==
FsSvYBUkVA03bfCfVt7gEH80mtQ+kUwvSGtGfVD3wbxeJVsU2tjIlXrhDf8fva2Y6GyrCiNTZqPBv2t8Wg7xtzr8PvfODG+uerR/2gKIuwIULRMBG4xZQ2FIH2upHg==
xFESt0Z18sd5mUeQyb2QGlJx9r6GWrpp0FfJROc5t+scQLq1nKEJ+rl+Voan3PrW8znnnifFP1JPZXMYBmHcs+Pf+jWLNX6pCQ==
+uWKb0iKBu/ZzOb0ixQE2380mtQ+kUwvSGtGfVD3wbxeJVsU2tjIlXrhDf8fva2Y6GyrCiNTZqPBv2t8Wg7wtzr8PvfODG+uerR/2gKIuwIULRMBG4xZQ2FIH2upHg==
xFESt0Z18sd5mUeQyb2QGlJx9r6GWrpp0FfJROc5t+scQLq1nKEJ+rl+Voan3PrW8znnnifFP1JPZXMYBmHcs+Pf+jWLNX6pCQ==
bwEfOLievhOsttypcEB2Jn40mtQ+kUwvSGtGfVD3wbxeJVsU2tjIlXrhDf8fva2Y6GyrCiNTZqPBv2t8Wg7wtzr8PvfODG+uerR/2gKIuwIULRMBG4xZQ2FIH2upHg==
55XDmlRKYYOGNXTaC0ahIFJx9r6GWrpp0FfJROc5t+scQLq1nKEJ+rl/Voan3PrW8znnnifFP1JPZXMYBmHcs+Pf+jWLNX6pCQ==
FsSvYBUkVA03bfCfVt7gEH80mtQ+kUwvSGtGfVD3wbxeJVsU2tjIlXrhDf8fva2Y6GyrCiNTZqPBv2t8Wg7xtzr8PvfODG+uerR/2gKIuwIULRMBG4xZQ2FIH2upHg==
55XDmlRKYYOGNXTaC0ahIFJx9r6GWrpp0FfJROc5t+scQLq1nKEJ+rl/Voan3PrW8znnnifFP1JPZXMYBmHcs+Pf+jWLNX6pCQ==
VQm4Je6ZZT0aMlx8QtHBTX40mtQ+kUwvSGtGfVD3wbxeJVsU2tjIlXrhDf8fva2Y6GyrCiNTZqPBv2t8Wg7xtzr8PvfODG+uerR/2gKIuwIULRMBG4xZQ2FIH2upHg==
xFESt0Z18sd5mUeQyb2QGlJx9r6GWrpp0FfJROc5t+scQLq1nKEJ+rl+Voan3PrW8znnnifFP1JPZXMYBmHcs+Pf+jWLNX6pCQ==
+uWKb0iKBu/ZzOb0ixQE2380mtQ+kUwvSGtGfVD3wbxeJVsU2tjIlXrhDf8fva2Y6GyrCiNTZqPBv2t8Wg7wtzr8PvfODG+uerR/2gKIuwIULRMBG4xZQ2FIH2upHg==
xFESt0Z18sd5mUeQyb2QGlJx9r6GWrpp0FfJROc5t+scQLq1nKEJ+rl+Voan3PrW8znnnifFP1JPZXMYBmHcs+Pf+jWLNX6pCQ==
bwEfOLievhOsttypcEB2Jn40mtQ+kUwvSGtGfVD3wbxeJVsU2tjIlXrhDf8fva2Y6GyrCiNTZqPBv2t8Wg7wtzr8PvfODG+uerR/2gKIuwIULRMBG4xZQ2FIH2upHg==
xFESt0Z18sd5mUeQyb2QGlJx9r6GWrpp0FfJROc5t+scQLq1nKEJ+rl+Voan3PrW8znnnifFP1JPZXMYBmHcs+Pf+jWLNX6pCQ==
+uWKb0iKBu/ZzOb0ixQE2380mtQ+kUwvSGtGfVD3wbxeJVsU2tjIlXrhDf8fva2Y6GyrCiNTZqPBv2t8Wg7wtzr8PvfODG+uerR/2gKIuwIULRMBG4xZQ2FIH2upHg==
HcZQyqKuViC8z4zwwOblc30pOx2/MjCr6gkJ2W9eGtCNLYKqyuX+wgMk0vKb2CK25/iMm8dzC6IVqenu2wmpAA==
u2rANILtZn5tho0aD3TmpWsWx7IXWwJ7z4XtWadIz262IBCa0s1ZBQeqmlwViTIWArEervsgwu6z7GJ6vxz8Z0/nqw6t7TmyM32pDA==
2328BfggO7FeSS/+B7azx2C0dtQP5tgG4IQuAL6QtgN7GmiV35KBEkomtNssT4xfr5xRVTFbeoyMrZqNXzrv09AeERCc5vVV0UZBSakymakVADANGgOFU0xtTRloqR8=
zu5N8fWsP4SRME2BRnogftPSxrPDZnjp7ItjtmL4rJ3BFmsCzQdOQFMuydici5ilZ3heMuaaWmnwl2nEB/nX6/wAGjU84en62b/2BgccmtYTeYceh4UfUi8lk5imofyzwx+atWt1Xqkp
SabrfavihEeEIWpLN2xxy1LG4MBbJiHUgnJZ44QNORkVEnDK38jzLUq5yYmPLhrArR3CeqoVflKjlBKie6gipsfIzEung4sytRkpvjt5qRA=
55XDmlRKYYOGNXTaC0ahIFJx9r6GWrpp0FfJROc5t+scQLq1nKEJ+rl/Voan3PrW8znnnifFP1JPZXMYBmHcs+Pf+jWLNX6pCQ==
22uf7kAm2jLdmGx2dTC2WmG0dtQP5tgG4IQuAL6QtgN7GmiV35KBEkomtNssT4xfr5xRVTFbeoyMrZqNXzrv09AeERCc5vVV0UZBSakymakVADANGgOFU0xtTRloqR8=
dtRYD5waUVWvXy7MJesSXGSd2GKTp16BwrBFy7v/ORnTNnifx52JEmwKHFnN3+2+smV+u1SluaHlWhDSz6Cz1foxaVHfBhr43dUi4jr9viqTnDL6qwCiHjeArFO368vKBZGJZmtRqSg=
SabrfavihEeEIWpLN2xxy1LG4MBbJiHUgnJZ44QNORkVEnDK38jzLUq5yYmPLhrArR3CeqoVflKjlBKie6gipsfIzEung4sytRkpvjt5qRA=
55XDmlRKYYOGNXTaC0ahIFJx9r6GWrpp0FfJROc5t+scQLq1nKEJ+rl/Voan3PrW8znnnifFP1JPZXMYBmHcs+Pf+jWLNX6pCQ==
FsSvYBUkVA03bfCfVt7gEH80mtQ+kUwvSGtGfVD3wbxeJVsU2tjIlXrhDf8fva2Y6GyrCiNTZqPBv2t8Wg7xtzr8PvfODG+uerR/2gKIuwIULRMBG4xZQ2FIH2upHg==
55XDmlRKYYOGNXTaC0ahIFJx9r6GWrpp0FfJROc5t+scQLq1nKEJ+rl/Voan3PrW8znnnifFP1JPZXMYBmHcs+Pf+jWLNX6pCQ==
VQm4Je6ZZT0aMlx8QtHBTX40mtQ+kUwvSGtGfVD3wbxeJVsU2tjIlXrhDf8fva2Y6GyrCiNTZqPBv2t8Wg7xtzr8PvfODG+uerR/2gKIuwIULRMBG4xZQ2FIH2upHg==
55XDmlRKYYOGNXTaC0ahIFJx9r6GWrpp0FfJROc5t+scQLq1nKEJ+rl/Voan3PrW8znnnifFP1JPZXMYBmHcs+Pf+jWLNX6pCQ==
FsSvYBUkVA03bfCfVt7gEH80mtQ+kUwvSGtGfVD3wbxeJVsU2tjIlXrhDf8fva2Y6GyrCiNTZqPBv2t8Wg7xtzr8PvfODG+uerR/2gKIuwIULRMBG4xZQ2FIH2upHg==
55XDmlRKYYOGNXTaC0ahIFJx9r6GWrpp0FfJROc5t+scQLq1nKEJ+rl/Voan3PrW8znnnifFP1JPZXMYBmHcs+Pf+jWLNX6pCQ==
6ANpNQ+EaDttm0mWcPBYzn00mtQ+kUwvSGtGfVD3wbxeJVsU2tjIlXrhDf8fva2Y6GyrCiNTZqPBv2t8Wg7xtzr8PvfODG+uerR/2gKIuwIULRMBG4xZQ2FIH2upHg==
55XDmlRKYYOGNXTaC0ahIFJx9r6GWrpp0FfJROc5t+scQLq1nKEJ+rl/Voan3PrW8znnnifFP1JPZXMYBmHcs+Pf+jWLNX6pCQ==
FsSvYBUkVA03bfCfVt7gEH80mtQ+kUwvSGtGfVD3wbxeJVsU2tjIlXrhDf8fva2Y6GyrCiNTZqPBv2t8Wg7xtzr8PvfODG+uerR/2gKIuwIULRMBG4xZQ2FIH2upHg==
55XDmlRKYYOGNXTaC0ahIFJx9r6GWrpp0FfJROc5t+scQLq1nKEJ+rl/Voan3PrW8znnnifFP1JPZXMYBmHcs+Pf+jWLNX6pCQ==
VQm4Je6ZZT0aMlx8QtHBTX40mtQ+kUwvSGtGfVD3wbxeJVsU2tjIlXrhDf8fva2Y6GyrCiNTZqPBv2t8Wg7xtzr8PvfODG+uerR/2gKIuwIULRMBG4xZQ2FIH2upHg==
M3LYuJR0IL5i0IiOM0XFf30pOx2/MjCr6gkJ2W9eGtCOLYKqyuX+wgMk0vKb2CK25/iMm8dzC6IVqenu2wmpAA==
KhsDbOQcfWlLZsBItEWOSmsWx7IXWwJ7z4XtWadIz262IBCa0s1ZBQeqmlwWiTIWArEervsgwu6z7GJ6vxz8Z0/nqw6t7TmyM32pDA==
ISMP233sRA7iDo7ugrLnTmC0dtQP5tgG4IQuAL6QtgN7GmiV35KBEkomtNssT4xfr5xRVTFbeoyMrZqNXzrv0NAeERCc5vVV0UZBSakymakVADANGgOFU0xtTRloqR8=
eYXIjIwulFMExFal/skSJ9PSxrPDZnjp7ItjtmL4rJ3CFmsCzQdOQFMuydici5ilZ3heMuaaWmnwl2nEB/nX6/wAGjU84en62bz2BgccmtYTeYceh4UfUi8lk5imofyzwx+atWt1Xqkp
mpZPtprOX8Jm8Y/13xgGYlLG4MBbJiHUgnJZ44QNORkVEnDK38jzLUq5yYmPLhrArh3CeqoVflKjlBKie6gipsfIzEung4sytRkpvjt5qRA=
DGm0S/TyCnbZ1tsunDGOzVJx9r6GWrpp0FfJROc5t+scQLq1nKEJ+rl8Voan3PrW8znnnifFP1JPZXMYBmHcs+Pf+jWLNX6pCQ==
OZFND83ezetgrEqcyUHQbWG0dtQP5tgG4IQuAL6QtgN7GmiV35KBEkomtNssT4xfr5xRVTFbeoyMrZqNXzrv0NAeERCc5vVV0UZBSakymakVADANGgOFU0xtTRloqR8=
jHpuA0RvqtJQ5IoxgECQr2Sd2GKTp16BwrBFy7v/ORnQNnifx52JEmwKHFnN3+2+smV+u1SluaHlWhDSz6Cz1foxaVHfBhr43tUi4jr9viqTnDL6qwCiHjeArFO368vKBZGJZmtRqSg=
mpZPtprOX8Jm8Y/13xgGYlLG4MBbJiHUgnJZ44QNORkVEnDK38jzLUq5yYmPLhrArh3CeqoVflKjlBKie6gipsfIzEung4sytRkpvjt5qRA=
DGm0S/TyCnbZ1tsunDGOzVJx9r6GWrpp0FfJROc5t+scQLq1nKEJ+rl8Voan3PrW8znnnifFP1JPZXMYBmHcs+Pf+jWLNX6pCQ==
lbhpUb06qRhE+dS3YGFXsmK0dtQP5tgG4IQuAL6QtgN7GmiV35KBEkomtNssT4xfr5xRVTFbeoyMrZqNXzrv0NAeERCc5vVV0UZBSakymakVADANGgOFU0xtTRloqR8=
aEe7BpE9cbRZ5j1e4swfVWSd2GKTp16BwrBFy7v/ORnTNnmfx52JEmwKHFnN3+2+smV+u1SluaHlWhDSz6Cz1foxaVHfBhr43tUi4jr9viqTnDL6qwCiHjeArFO368vKBZGJZmtRqSg=
mpZPtprOX8Jm8Y/13xgGYlLG4MBbJiHUgnJZ44QNORkVEnDK38jzLUq5yYmPLhrArh3CeqoVflKjlBKie6gipsfIzEung4sytRkpvjt5qRA=
DGm0S/TyCnbZ1tsunDGOzVJx9r6GWrpp0FfJROc5t+scQLq1nKEJ+rl8Voan3PrW8znnnifFP1JPZXMYBmHcs+Pf+jWLNX6pCQ==
iV7S7j5wZ8weyIKh6ZcknH0pOx2/MjCr6gkJ2W9eGtCPLYKqyuX+wgMk0vKb2CK25/iMm8dzC6IVqenu2wmpAA==
rU91jzQ6HiMIfzJx+pt+T2sWx7IXWwJ7z4XtWadIz262IBCa0s1ZBQeqmlwXiTIWArEervsgwu6z7GJ6vxz8Z0/nqw6t7TmyM32pDA==
U3BmvRqZePbJWnOGiPfACFcy561KV6UD16jc3PPi20o7CAj0r6aqdiQ/EkfpXX9jccKwun9Yc52q6Yl5rz4a8M/NAgoKhf7iQ8RSUlu4IpanGAw7BxMLglVJaU4baakg
8xUhtxELb0Y2g9vPthv/vdPSxrPDZnjp7ItjtmL4rJ3DFmsCzQdOQFMuydici5ilZ3heMuaaWmnwl2nEB/nX6/wAGjU84en62b32BgccmtYTeYceh4UfUi8lk5imofyzwx+atWt1Xqkp
wgSUiA0F37CtzwBcqnqsnVLG4MBbJiHUgnJZ44QNORkVEnDK38jzLUq5yYmPLhrArx3CeqoVflKjlBKie6gipsfIzEung4sytRkpvjt5qRA=
QtpKmyBDM9hltyg/NC4cIVJx9r6GWrpp0FfJROc5t+scQLq1nKEJ+rl9Voan3PrW8znnnifFP1JPZXMYBmHcs+Pf+jWLNX6pCQ==
CBEunWEfKGYp7JGAE1cuKWG0dtQP5tgG4IQuAL6QtgN7GmiV35KBEkomtNssT4xfr5xRVTFbeoyMrZqNXzrv0dAeERCc5vVV0UZBSakymakVADANGgOFU0xtTRloqR8=
9swQ74QTeZoyiKdEWmgzC2Sd2GKTp16BwrBFy7v/ORnQNnmfx52JEmwKHFnN3+2+smV+u1SluaHlWhDSz6Cz1foxaVHfBhr439Ui4jr9viqTnDL6qwCiHjeArFO368vKBZGJZmtRqSg=
wgSUiA0F37CtzwBcqnqsnVLG4MBbJiHUgnJZ44QNORkVEnDK38jzLUq5yYmPLhrArx3CeqoVflKjlBKie6gipsfIzEung4sytRkpvjt5qRA=
QtpKmyBDM9hltyg/NC4cIVJx9r6GWrpp0FfJROc5t+scQLq1nKEJ+rl9Voan3PrW8znnnifFP1JPZXMYBmHcs+Pf+jWLNX6pCQ==
55XDmlRKYYOGNXTaC0ahIFJx9r6GWrpp0FfJROc5t+scQLq1nKEJ+rl/Voan3PrW8znnnifFP1JPZXMYBmHcs+Pf+jWLNX6pCQ==
hwAB90+0IOIQzAg8yZTQ5OdanNR3Ci8HjTAnKS9fJMZJMlem4XJfFC4TVkFQN2iJ7LD4hJb1bVm6Ad7v/ts1dOshc4uYuPalgGltel03SpZrpH42tyHrrltN2xJrbU9oivmYk+fntqUXfVqpLQ==
VZdGMfeZLFmgyN5R7VM2XHce2/sITBN6gJK/D+lGwGa3LFOR0s1ZBQeqmlwViTIWArEervsgwu6z7GJ6vxz8Z0/nqw6t7TmyM32pDA==
OQvSB1dzRvinQI59hTyn3WMZzPtZABVqm5XwXu1GwGa3LFOR0s1ZBQeqmlwViTIWArEervsgwu6z7GJ6vxz8Z0/nqw6t7TmyM32pDA==
u2rANILtZn5tho0aD3TmpWsWx7IXWwJ7z4XtWadIz262IBCa0s1ZBQeqmlwViTIWArEervsgwu6z7GJ6vxz8Z0/nqw6t7TmyM32pDA==
xN75LpFWuabCLqJezFc/1udanNR3Ci8HjTAnKS9fJMZJMlem4XJfFC4SVkFQN2iJ7LD4hJb1bVm6Ad7v/ts1dOshc4uYuPalgGltel03SpZrpH42tyHrrltN2xJrbU9oivmYk+fntqUXfVqpLQ==
A3KExPamu1GrTvT4NxfAaORanNR3Ci8HjTAnKS9fJMZJMlem4XJfFC4QVkFQN2iJ7LD4hJb1bVm6Ad7v/ts1dOshc4uYuPalgGltel00SpZrpH42tyHrrltN2xJrbU9oivmYk+fntqUXfVqpLQ==
frnAyS/3wDq3ZNm3N6kDEOdanNR3Ci8HjTAnKS9fJMZJMlem4XJfFC4SVkFQN2iJ7LD4hJb1bVm6Ad7v/ts1dOshc4uYuPalgGltel00SpZrpH42tyHrrltN2xJrbU9oivmYk+fntqUXfVqpLQ==
7ysdNqOzgIqLftCbA7u/GeRandR3Ci8HjTAnKS9fJMZJMlem4XJfFC4QVkFQN2iJ7LD4hJb1bVm6Ad7v/ts1dOshc4uYuPalgGltel01SpZrpH42tyHrrltN2xJrbU9oivmYk+fntqUXfVqpLQ==
rcLQLzpUL9732mQNCx94duRandR3Ci8HjTAnKS9fJMZJMlem4XJfFC4TVkFQN2iJ7LD4hJb1bVm6Ad7v/ts1dOshc4uYuPalgGltel01SpZrpH42tyHrrltN2xJrbU9oivmYk+fntqUXfVqpLQ==
HcZQyqKuViC8z4zwwOblc30pOx2/MjCr6gkJ2W9eGtCNLYKqyuX+wgMk0vKb2CK25/iMm8dzC6IVqenu2wmpAA==
u2rANILtZn5tho0aD3TmpWsWx7IXWwJ7z4XtWadIz262IBCa0s1ZBQeqmlwViTIWArEervsgwu6z7GJ6vxz8Z0/nqw6t7TmyM32pDA==
FsSvYBUkVA03bfCfVt7gEH80mtQ+kUwvSGtGfVD3wbxeJVsU2tjIlXrhDf8fva2Y6GyrCiNTZqPBv2t8Wg7xtzr8PvfODG+uerR/2gKIuwIULRMBG4xZQ2FIH2upHg==
55XDmlRKYYOGNXTaC0ahIFJx9r6GWrpp0FfJROc5t+scQLq1nKEJ+rl/Voan3PrW8znnnifFP1JPZXMYBmHcs+Pf+jWLNX6pCQ==
VQm4Je6ZZT0aMlx8QtHBTX40mtQ+kUwvSGtGfVD3wbxeJVsU2tjIlXrhDf8fva2Y6GyrCiNTZqPBv2t8Wg7xtzr8PvfODG+uerR/2gKIuwIULRMBG4xZQ2FIH2upHg==
55XDmlRKYYOGNXTaC0ahIFJx9r6GWrpp0FfJROc5t+scQLq1nKEJ+rl/Voan3PrW8znnnifFP1JPZXMYBmHcs+Pf+jWLNX6pCQ==
FsSvYBUkVA03bfCfVt7gEH80mtQ+kUwvSGtGfVD3wbxeJVsU2tjIlXrhDf8fva2Y6GyrCiNTZqPBv2t8Wg7xtzr8PvfODG+uerR/2gKIuwIULRMBG4xZQ2FIH2upHg==
55XDmlRKYYOGNXTaC0ahIFJx9r6GWrpp0FfJROc5t+scQLq1nKEJ+rl/Voan3PrW8znnnifFP1JPZXMYBmHcs+Pf+jWLNX6pCQ==
VQm4Je6ZZT0aMlx8QtHBTX40mtQ+kUwvSGtGfVD3wbxeJVsU2tjIlXrhDf8fva2Y6GyrCiNTZqPBv2t8Wg7xtzr8PvfODG+uerR/2gKIuwIULRMBG4xZQ2FIH2upHg==
55XDmlRKYYOGNXTaC0ahIFJx9r6GWrpp0FfJROc5t+scQLq1nKEJ+rl/Voan3PrW8znnnifFP1JPZXMYBmHcs+Pf+jWLNX6pCQ==
6ANpNQ+EaDttm0mWcPBYzn00mtQ+kUwvSGtGfVD3wbxeJVsU2tjIlXrhDf8fva2Y6GyrCiNTZqPBv2t8Wg7xtzr8PvfODG+uerR/2gKIuwIULRMBG4xZQ2FIH2upHg==
M3LYuJR0IL5i0IiOM0XFf30pOx2/MjCr6gkJ2W9eGtCOLYKqyuX+wgMk0vKb2CK25/iMm8dzC6IVqenu2wmpAA==
KhsDbOQcfWlLZsBItEWOSmsWx7IXWwJ7z4XtWadIz262IBCa0s1ZBQeqmlwWiTIWArEervsgwu6z7GJ6vxz8Z0/nqw6t7TmyM32pDA==
ySIFhZ11I0mE2/XCrC6vVn80mtQ+kUwvSGtGfVD3wbxeJVsU2tjIlXrhDf8fva2Y6GyrCiNTZqPBv2t8Wg7ytzr8PvfODG+uerR/2gKIuwIULRMBG4xZQ2FIH2upHg==
DGm0S/TyCnbZ1tsunDGOzVJx9r6GWrpp0FfJROc5t+scQLq1nKEJ+rl8Voan3PrW8znnnifFP1JPZXMYBmHcs+Pf+jWLNX6pCQ==
ny5K5xBmTr6ALFUrJMx+7340mtQ+kUwvSGtGfVD3wbxeJVsU2tjIlXrhDf8fva2Y6GyrCiNTZqPBv2t8Wg7ytzr8PvfODG+uerR/2gKIuwIULRMBG4xZQ2FIH2upHg==
5KZX0i7ZdGDwvQ+dmDYv7380mtQ+kUwvSGtGfVD3wbxeJVsU2tjIlXrhDf8fva2Y6GyrCiNTZqPBv2t8Wg7ztzr8PvfODG+uerR/2gKIuwIULRMBG4xZQ2FIH2upHg==
QtpKmyBDM9hltyg/NC4cIVJx9r6GWrpp0FfJROc5t+scQLq1nKEJ+rl9Voan3PrW8znnnifFP1JPZXMYBmHcs+Pf+jWLNX6pCQ==
Nut9yw6Ix79VOrU+F75FkX40mtQ+kUwvSGtGfVD3wbxeJVsU2tjIlXrhDf8fva2Y6GyrCiNTZqPBv2t8Wg7ztzr8PvfODG+uerR/2gKIuwIULRMBG4xZQ2FIH2upHg==
QtpKmyBDM9hltyg/NC4cIVJx9r6GWrpp0FfJROc5t+scQLq1nKEJ+rl9Voan3PrW8znnnifFP1JPZXMYBmHcs+Pf+jWLNX6pCQ==
SgwQseT3SFXuVUCZFMhEFX00mtQ+kUwvSGtGfVD3wbxeJVsU2tjIlXrhDf8fva2Y6GyrCiNTZqPBv2t8Wg7ztzr8PvfODG+uerR/2gKIuwIULRMBG4xZQ2FIH2upHg==
QtpKmyBDM9hltyg/NC4cIVJx9r6GWrpp0FfJROc5t+scQLq1nKEJ+rl9Voan3PrW8znnnifFP1JPZXMYBmHcs+Pf+jWLNX6pCQ==
5KZX0i7ZdGDwvQ+dmDYv7380mtQ+kUwvSGtGfVD3wbxeJVsU2tjIlXrhDf8fva2Y6GyrCiNTZqPBv2t8Wg7ztzr8PvfODG+uerR/2gKIuwIULRMBG4xZQ2FIH2upHg==
QtpKmyBDM9hltyg/NC4cIVJx9r6GWrpp0FfJROc5t+scQLq1nKEJ+rl9Voan3PrW8znnnifFP1JPZXMYBmHcs+Pf+jWLNX6pCQ==
SgwQseT3SFXuVUCZFMhEFX00mtQ+kUwvSGtGfVD3wbxeJVsU2tjIlXrhDf8fva2Y6GyrCiNTZqPBv2t8Wg7ztzr8PvfODG+uerR/2gKIuwIULRMBG4xZQ2FIH2upHg==
55XDmlRKYYOGNXTaC0ahIFJx9r6GWrpp0FfJROc5t+scQLq1nKEJ+rl/Voan3PrW8znnnifFP1JPZXMYBmHcs+Pf+jWLNX6pCQ==
FsSvYBUkVA03bfCfVt7gEH80mtQ+kUwvSGtGfVD3wbxeJVsU2tjIlXrhDf8fva2Y6GyrCiNTZqPBv2t8Wg7xtzr8PvfODG+uerR/2gKIuwIULRMBG4xZQ2FIH2upHg==
55XDmlRKYYOGNXTaC0ahIFJx9r6GWrpp0FfJROc5t+scQLq1nKEJ+rl/Voan3PrW8znnnifFP1JPZXMYBmHcs+Pf+jWLNX6pCQ==
VQm4Je6ZZT0aMlx8QtHBTX40mtQ+kUwvSGtGfVD3wbxeJVsU2tjIlXrhDf8fva2Y6GyrCiNTZqPBv2t8Wg7xtzr8PvfODG+uerR/2gKIuwIULRMBG4xZQ2FIH2upHg==
DGm0S/TyCnbZ1tsunDGOzVJx9r6GWrpp0FfJROc5t+scQLq1nKEJ+rl8Voan3PrW8znnnifFP1JPZXMYBmHcs+Pf+jWLNX6pCQ==
ySIFhZ11I0mE2/XCrC6vVn80mtQ+kUwvSGtGfVD3wbxeJVsU2tjIlXrhDf8fva2Y6GyrCiNTZqPBv2t8Wg7ytzr8PvfODG+uerR/2gKIuwIULRMBG4xZQ2FIH2upHg==
DGm0S/TyCnbZ1tsunDGOzVJx9r6GWrpp0FfJROc5t+scQLq1nKEJ+rl8Voan3PrW8znnnifFP1JPZXMYBmHcs+Pf+jWLNX6pCQ==
ny5K5xBmTr6ALFUrJMx+7340mtQ+kUwvSGtGfVD3wbxeJVsU2tjIlXrhDf8fva2Y6GyrCiNTZqPBv2t8Wg7ytzr8PvfODG+uerR/2gKIuwIULRMBG4xZQ2FIH2upHg==
DGm0S/TyCnbZ1tsunDGOzVJx9r6GWrpp0FfJROc5t+scQLq1nKEJ+rl8Voan3PrW8znnnifFP1JPZXMYBmHcs+Pf+jWLNX6pCQ==
wF3BGotJt5VTnO2INzCzRX00mtQ+kUwvSGtGfVD3wbxeJVsU2tjIlXrhDf8fva2Y6GyrCiNTZqPBv2t8Wg7ytzr8PvfODG+uerR/2gKIuwIULRMBG4xZQ2FIH2upHg==
YqTMP8si9hzA6JdkNBiLPmSd2GKTp16BwrBFy7v/ORnXNnifx52JEmwKHFnN3+2+smV+u1SluaHlWhDSz6Cz1foxaVHfBhr43tUi4jr9viqTnDL6qwCiHjeArFO368vKBZGJZmtRqSg=
55XDmlRKYYOGNXTaC0ahIFJx9r6GWrpp0FfJROc5t+scQLq1nKEJ+rl/Voan3PrW8znnnifFP1JPZXMYBmHcs+Pf+jWLNX6pCQ==
VQm4Je6ZZT0aMlx8QtHBTX40mtQ+kUwvSGtGfVD3wbxeJVsU2tjIlXrhDf8fva2Y6GyrCiNTZqPBv2t8Wg7xtzr8PvfODG+uerR/2gKIuwIULRMBG4xZQ2FIH2upHg==
55XDmlRKYYOGNXTaC0ahIFJx9r6GWrpp0FfJROc5t+scQLq1nKEJ+rl/Voan3PrW8znnnifFP1JPZXMYBmHcs+Pf+jWLNX6pCQ==
6ANpNQ+EaDttm0mWcPBYzn00mtQ+kUwvSGtGfVD3wbxeJVsU2tjIlXrhDf8fva2Y6GyrCiNTZqPBv2t8Wg7xtzr8PvfODG+uerR/2gKIuwIULRMBG4xZQ2FIH2upHg==
55XDmlRKYYOGNXTaC0ahIFJx9r6GWrpp0FfJROc5t+scQLq1nKEJ+rl/Voan3PrW8znnnifFP1JPZXMYBmHcs+Pf+jWLNX6pCQ==
FsSvYBUkVA03bfCfVt7gEH80mtQ+kUwvSGtGfVD3wbxeJVsU2tjIlXrhDf8fva2Y6GyrCiNTZqPBv2t8Wg7xtzr8PvfODG+uerR/2gKIuwIULRMBG4xZQ2FIH2upHg==
55XDmlRKYYOGNXTaC0ahIFJx9r6GWrpp0FfJROc5t+scQLq1nKEJ+rl/Voan3PrW8znnnifFP1JPZXMYBmHcs+Pf+jWLNX6pCQ==
VQm4Je6ZZT0aMlx8QtHBTX40mtQ+kUwvSGtGfVD3wbxeJVsU2tjIlXrhDf8fva2Y6GyrCiNTZqPBv2t8Wg7xtzr8PvfODG+uerR/2gKIuwIULRMBG4xZQ2FIH2upHg==
DGm0S/TyCnbZ1tsunDGOzVJx9r6GWrpp0FfJROc5t+scQLq1nKEJ+rl8Voan3PrW8znnnifFP1JPZXMYBmHcs+Pf+jWLNX6pCQ==
ySIFhZ11I0mE2/XCrC6vVn80mtQ+kUwvSGtGfVD3wbxeJVsU2tjIlXrhDf8fva2Y6GyrCiNTZqPBv2t8Wg7ytzr8PvfODG+uerR/2gKIuwIULRMBG4xZQ2FIH2upHg==
DGm0S/TyCnbZ1tsunDGOzVJx9r6GWrpp0FfJROc5t+scQLq1nKEJ+rl8Voan3PrW8znnnifFP1JPZXMYBmHcs+Pf+jWLNX6pCQ==
ny5K5xBmTr6ALFUrJMx+7340mtQ+kUwvSGtGfVD3wbxeJVsU2tjIlXrhDf8fva2Y6GyrCiNTZqPBv2t8Wg7ytzr8PvfODG+uerR/2gKIuwIULRMBG4xZQ2FIH2upHg==
DGm0S/TyCnbZ1tsunDGOzVJx9r6GWrpp0FfJROc5t+scQLq1nKEJ+rl8Voan3PrW8znnnifFP1JPZXMYBmHcs+Pf+jWLNX6pCQ==
ySIFhZ11I0mE2/XCrC6vVn80mtQ+kUwvSGtGfVD3wbxeJVsU2tjIlXrhDf8fva2Y6GyrCiNTZqPBv2t8Wg7ytzr8PvfODG+uerR/2gKIuwIULRMBG4xZQ2FIH2upHg==
DGm0S/TyCnbZ1tsunDGOzVJx9r6GWrpp0FfJROc5t+scQLq1nKEJ+rl8Voan3PrW8znnnifFP1JPZXMYBmHcs+Pf+jWLNX6pCQ==
ny5K5xBmTr6ALFUrJMx+7340mtQ+kUwvSGtGfVD3wbxeJVsU2tjIlXrhDf8fva2Y6GyrCiNTZqPBv2t8Wg7ytzr8PvfODG+uerR/2gKIuwIULRMBG4xZQ2FIH2upHg==
QtpKmyBDM9hltyg/NC4cIVJx9r6GWrpp0FfJROc5t+scQLq1nKEJ+rl9Voan3PrW8znnnifFP1JPZXMYBmHcs+Pf+jWLNX6pCQ==
5KZX0i7ZdGDwvQ+dmDYv7380mtQ+kUwvSGtGfVD3wbxeJVsU2tjIlXrhDf8fva2Y6GyrCiNTZqPBv2t8Wg7ztzr8PvfODG+uerR/2gKIuwIULRMBG4xZQ2FIH2upHg==
QtpKmyBDM9hltyg/NC4cIVJx9r6GWrpp0FfJROc5t+scQLq1nKEJ+rl9Voan3PrW8znnnifFP1JPZXMYBmHcs+Pf+jWLNX6pCQ==
Nut9yw6Ix79VOrU+F75FkX40mtQ+kUwvSGtGfVD3wbxeJVsU2tjIlXrhDf8fva2Y6GyrCiNTZqPBv2t8Wg7ztzr8PvfODG+uerR/2gKIuwIULRMBG4xZQ2FIH2upHg==
55XDmlRKYYOGNXTaC0ahIFJx9r6GWrpp0FfJROc5t+scQLq1nKEJ+rl/Voan3PrW8znnnifFP1JPZXMYBmHcs+Pf+jWLNX6pCQ==
VQm4Je6ZZT0aMlx8QtHBTX40mtQ+kUwvSGtGfVD3wbxeJVsU2tjIlXrhDf8fva2Y6GyrCiNTZqPBv2t8Wg7xtzr8PvfODG+uerR/2gKIuwIULRMBG4xZQ2FIH2upHg==
DGm0S/TyCnbZ1tsunDGOzVJx9r6GWrpp0FfJROc5t+scQLq1nKEJ+rl8Voan3PrW8znnnifFP1JPZXMYBmHcs+Pf+jWLNX6pCQ==
ny5K5xBmTr6ALFUrJMx+7340mtQ+kUwvSGtGfVD3wbxeJVsU2tjIlXrhDf8fva2Y6GyrCiNTZqPBv2t8Wg7ytzr8PvfODG+uerR/2gKIuwIULRMBG4xZQ2FIH2upHg==
QtpKmyBDM9hltyg/NC4cIVJx9r6GWrpp0FfJROc5t+scQLq1nKEJ+rl9Voan3PrW8znnnifFP1JPZXMYBmHcs+Pf+jWLNX6pCQ==
Nut9yw6Ix79VOrU+F75FkX40mtQ+kUwvSGtGfVD3wbxeJVsU2tjIlXrhDf8fva2Y6GyrCiNTZqPBv2t8Wg7ztzr8PvfODG+uerR/2gKIuwIULRMBG4xZQ2FIH2upHg==
IPEjq9yun7yrCQdR5ZFBTErq3UVjSsL9qXwWBMFZGPOZu/F02GCzJkN/vu9xU/Pw2oJrW4qw5tuuIHeiSlgnlsLE4+6koYuteyCBD1GkB2epEg==
QtpKmyBDM9hltyg/NC4cIVJx9r6GWrpp0FfJROc5t+scQLq1nKEJ+rl9Voan3PrW8znnnifFP1JPZXMYBmHcs+Pf+jWLNX6pCQ==
Nut9yw6Ix79VOrU+F75FkX40mtQ+kUwvSGtGfVD3wbxeJVsU2tjIlXrhDf8fva2Y6GyrCiNTZqPBv2t8Wg7ztzr8PvfODG+uerR/2gKIuwIULRMBG4xZQ2FIH2upHg==
QtpKmyBDM9hltyg/NC4cIVJx9r6GWrpp0FfJROc5t+scQLq1nKEJ+rl9Voan3PrW8znnnifFP1JPZXMYBmHcs+Pf+jWLNX6pCQ==
5KZX0i7ZdGDwvQ+dmDYv7380mtQ+kUwvSGtGfVD3wbxeJVsU2tjIlXrhDf8fva2Y6GyrCiNTZqPBv2t8Wg7ztzr8PvfODG+uerR/2gKIuwIULRMBG4xZQ2FIH2upHg==
QtpKmyBDM9hltyg/NC4cIVJx9r6GWrpp0FfJROc5t+scQLq1nKEJ+rl9Voan3PrW8znnnifFP1JPZXMYBmHcs+Pf+jWLNX6pCQ==
Nut9yw6Ix79VOrU+F75FkX40mtQ+kUwvSGtGfVD3wbxeJVsU2tjIlXrhDf8fva2Y6GyrCiNTZqPBv2t8Wg7ztzr8PvfODG+uerR/2gKIuwIULRMBG4xZQ2FIH2upHg==
DGm0S/TyCnbZ1tsunDGOzVJx9r6GWrpp0FfJROc5t+scQLq1nKEJ+rl8Voan3PrW8znnnifFP1JPZXMYBmHcs+Pf+jWLNX6pCQ==
wF3BGotJt5VTnO2INzCzRX00mtQ+kUwvSGtGfVD3wbxeJVsU2tjIlXrhDf8fva2Y6GyrCiNTZqPBv2t8Wg7ytzr8PvfODG+uerR/2gKIuwIULRMBG4xZQ2FIH2upHg==
DGm0S/TyCnbZ1tsunDGOzVJx9r6GWrpp0FfJROc5t+scQLq1nKEJ+rl8Voan3PrW8znnnifFP1JPZXMYBmHcs+Pf+jWLNX6pCQ==
ny5K5xBmTr6ALFUrJMx+7340mtQ+kUwvSGtGfVD3wbxeJVsU2tjIlXrhDf8fva2Y6GyrCiNTZqPBv2t8Wg7ytzr8PvfODG+uerR/2gKIuwIULRMBG4xZQ2FIH2upHg==
DGm0S/TyCnbZ1tsunDGOzVJx9r6GWrpp0FfJROc5t+scQLq1nKEJ+rl8Voan3PrW8znnnifFP1JPZXMYBmHcs+Pf+jWLNX6pCQ==
ySIFhZ11I0mE2/XCrC6vVn80mtQ+kUwvSGtGfVD3wbxeJVsU2tjIlXrhDf8fva2Y6GyrCiNTZqPBv2t8Wg7ytzr8PvfODG+uerR/2gKIuwIULRMBG4xZQ2FIH2upHg==
DGm0S/TyCnbZ1tsunDGOzVJx9r6GWrpp0FfJROc5t+scQLq1nKEJ+rl8Voan3PrW8znnnifFP1JPZXMYBmHcs+Pf+jWLNX6pCQ==
ny5K5xBmTr6ALFUrJMx+7340mtQ+kUwvSGtGfVD3wbxeJVsU2tjIlXrhDf8fva2Y6GyrCiNTZqPBv2t8Wg7ytzr8PvfODG+uerR/2gKIuwIULRMBG4xZQ2FIH2upHg==
DGm0S/TyCnbZ1tsunDGOzVJx9r6GWrpp0FfJROc5t+scQLq1nKEJ+rl8Voan3PrW8znnnifFP1JPZXMYBmHcs+Pf+jWLNX6pCQ==
wF3BGotJt5VTnO2INzCzRX00mtQ+kUwvSGtGfVD3wbxeJVsU2tjIlXrhDf8fva2Y6GyrCiNTZqPBv2t8Wg7ytzr8PvfODG+uerR/2gKIuwIULRMBG4xZQ2FIH2upHg==
QtpKmyBDM9hltyg/NC4cIVJx9r6GWrpp0FfJROc5t+scQLq1nKEJ+rl9Voan3PrW8znnnifFP1JPZXMYBmHcs+Pf+jWLNX6pCQ==
5KZX0i7ZdGDwvQ+dmDYv7380mtQ+kUwvSGtGfVD3wbxeJVsU2tjIlXrhDf8fva2Y6GyrCiNTZqPBv2t8Wg7ztzr8PvfODG+uerR/2gKIuwIULRMBG4xZQ2FIH2upHg==
QtpKmyBDM9hltyg/NC4cIVJx9r6GWrpp0FfJROc5t+scQLq1nKEJ+rl9Voan3PrW8znnnifFP1JPZXMYBmHcs+Pf+jWLNX6pCQ==
Nut9yw6Ix79VOrU+F75FkX40mtQ+kUwvSGtGfVD3wbxeJVsU2tjIlXrhDf8fva2Y6GyrCiNTZqPBv2t8Wg7ztzr8PvfODG+uerR/2gKIuwIULRMBG4xZQ2FIH2upHg==
K92AdsUF2//yzbcoPaLLJ7yrs5WPCeepieNzWOANSxsJmPiUtDtxKT3k9quGiTiDmUvRJBjQ07bD7x4fMQMTwNqyiwvKQEZLLrAXEooIB2bCtMM+5BFrPfuwIX+RdGdXqSI=
DGm0S/TyCnbZ1tsunDGOzVJx9r6GWrpp0FfJROc5t+scQLq1nKEJ+rl8Voan3PrW8znnnifFP1JPZXMYBmHcs+Pf+jWLNX6pCQ==
ny5K5xBmTr6ALFUrJMx+7340mtQ+kUwvSGtGfVD3wbxeJVsU2tjIlXrhDf8fva2Y6GyrCiNTZqPBv2t8Wg7ytzr8PvfODG+uerR/2gKIuwIULRMBG4xZQ2FIH2upHg==
55XDmlRKYYOGNXTaC0ahIFJx9r6GWrpp0FfJROc5t+scQLq1nKEJ+rl/Voan3PrW8znnnifFP1JPZXMYBmHcs+Pf+jWLNX6pCQ==
VQm4Je6ZZT0aMlx8QtHBTX40mtQ+kUwvSGtGfVD3wbxeJVsU2tjIlXrhDf8fva2Y6GyrCiNTZqPBv2t8Wg7xtzr8PvfODG+uerR/2gKIuwIULRMBG4xZQ2FIH2upHg==
QtpKmyBDM9hltyg/NC4cIVJx9r6GWrpp0FfJROc5t+scQLq1nKEJ+rl9Voan3PrW8znnnifFP1JPZXMYBmHcs+Pf+jWLNX6pCQ==
5KZX0i7ZdGDwvQ+dmDYv7380mtQ+kUwvSGtGfVD3wbxeJVsU2tjIlXrhDf8fva2Y6GyrCiNTZqPBv2t8Wg7ztzr8PvfODG+uerR/2gKIuwIULRMBG4xZQ2FIH2upHg==
QtpKmyBDM9hltyg/NC4cIVJx9r6GWrpp0FfJROc5t+scQLq1nKEJ+rl9Voan3PrW8znnnifFP1JPZXMYBmHcs+Pf+jWLNX6pCQ==
Nut9yw6Ix79VOrU+F75FkX40mtQ+kUwvSGtGfVD3wbxeJVsU2tjIlXrhDf8fva2Y6GyrCiNTZqPBv2t8Wg7ztzr8PvfODG+uerR/2gKIuwIULRMBG4xZQ2FIH2upHg==
TTRH/7MpvwkwBM0qZofOPGSd2GKTp16BwrBFy7v/ORnXNnifx52JEmwKHFnN3+2+smV+u1SluaHlWhDSz6Cz1foxaVHfBhr439Ui4jr9viqTnDL6qwCiHjeArFO368vKBZGJZmtRqSg=
QtpKmyBDM9hltyg/NC4cIVJx9r6GWrpp0FfJROc5t+scQLq1nKEJ+rl9Voan3PrW8znnnifFP1JPZXMYBmHcs+Pf+jWLNX6pCQ==
SgwQseT3SFXuVUCZFMhEFX00mtQ+kUwvSGtGfVD3wbxeJVsU2tjIlXrhDf8fva2Y6GyrCiNTZqPBv2t8Wg7ztzr8PvfODG+uerR/2gKIuwIULRMBG4xZQ2FIH2upHg==
55XDmlRKYYOGNXTaC0ahIFJx9r6GWrpp0FfJROc5t+scQLq1nKEJ+rl/Voan3PrW8znnnifFP1JPZXMYBmHcs+Pf+jWLNX6pCQ==
FsSvYBUkVA03bfCfVt7gEH80mtQ+kUwvSGtGfVD3wbxeJVsU2tjIlXrhDf8fva2Y6GyrCiNTZqPBv2t8Wg7xtzr8PvfODG+uerR/2gKIuwIULRMBG4xZQ2FIH2upHg==
DGm0S/TyCnbZ1tsunDGOzVJx9r6GWrpp0FfJROc5t+scQLq1nKEJ+rl8Voan3PrW8znnnifFP1JPZXMYBmHcs+Pf+jWLNX6pCQ==
ySIFhZ11I0mE2/XCrC6vVn80mtQ+kUwvSGtGfVD3wbxeJVsU2tjIlXrhDf8fva2Y6GyrCiNTZqPBv2t8Wg7ytzr8PvfODG+uerR/2gKIuwIULRMBG4xZQ2FIH2upHg==
QtpKmyBDM9hltyg/NC4cIVJx9r6GWrpp0FfJROc5t+scQLq1nKEJ+rl9Voan3PrW8znnnifFP1JPZXMYBmHcs+Pf+jWLNX6pCQ==
5KZX0i7ZdGDwvQ+dmDYv7380mtQ+kUwvSGtGfVD3wbxeJVsU2tjIlXrhDf8fva2Y6GyrCiNTZqPBv2t8Wg7ztzr8PvfODG+uerR/2gKIuwIULRMBG4xZQ2FIH2upHg==
DGm0S/TyCnbZ1tsunDGOzVJx9r6GWrpp0FfJROc5t+scQLq1nKEJ+rl8Voan3PrW8znnnifFP1JPZXMYBmHcs+Pf+jWLNX6pCQ==
wF3BGotJt5VTnO2INzCzRX00mtQ+kUwvSGtGfVD3wbxeJVsU2tjIlXrhDf8fva2Y6GyrCiNTZqPBv2t8Wg7ytzr8PvfODG+uerR/2gKIuwIULRMBG4xZQ2FIH2upHg==
DGm0S/TyCnbZ1tsunDGOzVJx9r6GWrpp0FfJROc5t+scQLq1nKEJ+rl8Voan3PrW8znnnifFP1JPZXMYBmHcs+Pf+jWLNX6pCQ==
ny5K5xBmTr6ALFUrJMx+7340mtQ+kUwvSGtGfVD3wbxeJVsU2tjIlXrhDf8fva2Y6GyrCiNTZqPBv2t8Wg7ytzr8PvfODG+uerR/2gKIuwIULRMBG4xZQ2FIH2upHg==
DGm0S/TyCnbZ1tsunDGOzVJx9r6GWrpp0FfJROc5t+scQLq1nKEJ+rl8Voan3PrW8znnnifFP1JPZXMYBmHcs+Pf+jWLNX6pCQ==
ySIFhZ11I0mE2/XCrC6vVn80mtQ+kUwvSGtGfVD3wbxeJVsU2tjIlXrhDf8fva2Y6GyrCiNTZqPBv2t8Wg7ytzr8PvfODG+uerR/2gKIuwIULRMBG4xZQ2FIH2upHg==
DGm0S/TyCnbZ1tsunDGOzVJx9r6GWrpp0FfJROc5t+scQLq1nKEJ+rl8Voan3PrW8znnnifFP1JPZXMYBmHcs+Pf+jWLNX6pCQ==
55XDmlRKYYOGNXTaC0ahIFJx9r6GWrpp0FfJROc5t+scQLq1nKEJ+rl/Voan3PrW8znnnifFP1JPZXMYBmHcs+Pf+jWLNX6pCQ==
ySIFhZ11I0mE2/XCrC6vVn80mtQ+kUwvSGtGfVD3wbxeJVsU2tjIlXrhDf8fva2Y6GyrCiNTZqPBv2t8Wg7ytzr8PvfODG+uerR/2gKIuwIULRMBG4xZQ2FIH2upHg==
YbWwDn+DMXRXKZ9yj42N7ks99s16Vvy+GMlyMzMsPY0FO2604H0m5cu6ezhsTv0oiAbBDT323aEdcm2BCfAcVe6jEavgPbExfKkL
DGm0S/TyCnbZ1tsunDGOzVJx9r6GWrpp0FfJROc5t+scQLq1nKEJ+rl8Voan3PrW8znnnifFP1JPZXMYBmHcs+Pf+jWLNX6pCQ==
W6dITqRnndSN6P60eFx7c0u062ufJd1QyGS7MmOr9ish91tkWhbC/9p0rg+ONH+mWnwPQoIQS0o0JQM52/TJywGAL3OpBg==
wIDcTuYrf0bs/PaxEBh2rH0pOx2/MjC26gkJ2W9eGtCOLYKqyuX+wgMk0vKb2CK25/iMm8dzC6IVqenu2wmpAA==
KhsDbOQcfWlLZsBItEWOSmsWx7IXWwJ7z4XtWadIz262IBCa0s1ZBQeqmlwWiTIWArEervsgwu6z7GJ6vxz8Z0/nqw6t7TmyM32pDA==
ISMP233sRA7iDo7ugrLnTmC0dtQP5tgG4IQuAL6QtgN7GmiV35KBEkomtNssT4xfr5xRVTFbeoyMrZqNXzrv0NAeERCc5vVV0UZBSakymakVADANGgOFU0xtTRloqR8=
eYXIjIwulFMExFal/skSJ9PSxrPDZnjp7ItjtmL4rJ3CFmsCzQdOQFMuydici5ilZ3heMuaaWmnwl2nEB/nX6/wAGjU84en62bz2BgccmtYTeYceh4UfUi8lk5imofyzwx+atWt1Xqkp
mpZPtprOX8Jm8Y/13xgGYlLG4MBbJiHUgnJZ44QNORkVEnDK38jzLUq5yYmPLhrArh3CeqoVflKjlBKie6gipsfIzEung4sytRkpvjt5qRA=
DGm0S/TyCnbZ1tsunDGOzVJx9r6GWrpp0FfJROc5t+scQLq1nKEJ+rl8Voan3PrW8znnnifFP1JPZXMYBmHcs+Pf+jWLNX6pCQ==
OZFND83ezetgrEqcyUHQbWG0dtQP5tgG4IQuAL6QtgN7GmiV35KBEkomtNssT4xfr5xRVTFbeoyMrZqNXzrv0NAeERCc5vVV0UZBSakymakVADANGgOFU0xtTRloqR8=
jHpuA0RvqtJQ5IoxgECQr2Sd2GKTp16BwrBFy7v/ORnQNnifx52JEmwKHFnN3+2+smV+u1SluaHlWhDSz6Cz1foxaVHfBhr43tUi4jr9viqTnDL6qwCiHjeArFO368vKBZGJZmtRqSg=
mpZPtprOX8Jm8Y/13xgGYlLG4MBbJiHUgnJZ44QNORkVEnDK38jzLUq5yYmPLhrArh3CeqoVflKjlBKie6gipsfIzEung4sytRkpvjt5qRA=
DGm0S/TyCnbZ1tsunDGOzVJx9r6GWrpp0FfJROc5t+scQLq1nKEJ+rl8Voan3PrW8znnnifFP1JPZXMYBmHcs+Pf+jWLNX6pCQ==
lbhpUb06qRhE+dS3YGFXsmK0dtQP5tgG4IQuAL6QtgN7GmiV35KBEkomtNssT4xfr5xRVTFbeoyMrZqNXzrv0NAeERCc5vVV0UZBSakymakVADANGgOFU0xtTRloqR8=
YqTMP8si9hzA6JdkNBiLPmSd2GKTp16BwrBFy7v/ORnXNnifx52JEmwKHFnN3+2+smV+u1SluaHlWhDSz6Cz1foxaVHfBhr43tUi4jr9viqTnDL6qwCiHjeArFO368vKBZGJZmtRqSg=
mpZPtprOX8Jm8Y/13xgGYlLG4MBbJiHUgnJZ44QNORkVEnDK38jzLUq5yYmPLhrArh3CeqoVflKjlBKie6gipsfIzEung4sytRkpvjt5qRA=
DGm0S/TyCnbZ1tsunDGOzVJx9r6GWrpp0FfJROc5t+scQLq1nKEJ+rl8Voan3PrW8znnnifFP1JPZXMYBmHcs+Pf+jWLNX6pCQ==
W6dITqRnndSN6P60eFx7c0u062ufJd1QyGS7MmOr9ish91tkWhbC/9p0rg+ONH+mWnwPQoIQS0o0JQM52/TJywGAL3OpBg==
QtpKmyBDM9hltyg/NC4cIVJx9r6GWrpp0FfJROc5t+scQLq1nKEJ+rl9Voan3PrW8znnnifFP1JPZXMYBmHcs+Pf+jWLNX6pCQ==
5KZX0i7ZdGDwvQ+dmDYv7380mtQ+kUwvSGtGfVD3wbxeJVsU2tjIlXrhDf8fva2Y6GyrCiNTZqPBv2t8Wg7ztzr8PvfODG+uerR/2gKIuwIULRMBG4xZQ2FIH2upHg==
QtpKmyBDM9hltyg/NC4cIVJx9r6GWrpp0FfJROc5t+scQLq1nKEJ+rl9Voan3PrW8znnnifFP1JPZXMYBmHcs+Pf+jWLNX6pCQ==
Nut9yw6Ix79VOrU+F75FkX40mtQ+kUwvSGtGfVD3wbxeJVsU2tjIlXrhDf8fva2Y6GyrCiNTZqPBv2t8Wg7ztzr8PvfODG+uerR/2gKIuwIULRMBG4xZQ2FIH2upHg==
2nmNcPCnuyRT1azvM+TaDmSd2GKTp16BwrBFy7v/ORnUNnifx52JEmwKHFnN3+2+smV+u1SluaHlWhDSz6Cz1foxaVHfBhr439Ui4jr9viqTnDL6qwCiHjeArFO368vKBZGJZmtRqSg=
j62HENArEU/Je6Zj/w9c0L2qs5vLQrzu3qsyM6RKGVRewJ/Hoj1iKyvgorWGiTiDmUvRJBjQ07bD7x4fMQMTwNqyiwvKQEZLLrAXEooIB2bCtMM+5BFrPfuwIX+RdGdXqSI=
2nmNcPCnuyRT1azvM+TaDmSd2GKTp16BwrBFy7v/ORnUNnifx52JEmwKHFnN3+2+smV+u1SluaHlWhDSz6Cz1foxaVHfBhr439Ui4jr9viqTnDL6qwCiHjeArFO368vKBZGJZmtRqSg=
wgSUiA0F37CtzwBcqnqsnVLG4MBbJiHUgnJZ44QNORkVEnDK38jzLUq5yYmPLhrArx3CeqoVflKjlBKie6gipsfIzEung4sytRkpvjt5qRA=
QtpKmyBDM9hltyg/NC4cIVJx9r6GWrpp0FfJROc5t+scQLq1nKEJ+rl9Voan3PrW8znnnifFP1JPZXMYBmHcs+Pf+jWLNX6pCQ==
BLYYjzcRaQrI2fGwdrpgBUu062ufJd1QyGS7MmOr9ish91tkWhbD/9p0rg+ONH+mWnwPQoIQS0o0JQM52/TJywGAL3OpBg==
FsSvYBUkVA03bfCfVt7gEH80mtQ+kUwvSGtGfVD3wbxeJVsU2tjIlXrhDf8fva2Y6GyrCiNTZqPBv2t8Wg7xtzr8PvfODG+uerR/2gKIuwIULRMBG4xZQ2FIH2upHg==
55XDmlRKYYOGNXTaC0ahIFJx9r6GWrpp0FfJROc5t+scQLq1nKEJ+rl/Voan3PrW8znnnifFP1JPZXMYBmHcs+Pf+jWLNX6pCQ==
VQm4Je6ZZT0aMlx8QtHBTX40mtQ+kUwvSGtGfVD3wbxeJVsU2tjIlXrhDf8fva2Y6GyrCiNTZqPBv2t8Wg7xtzr8PvfODG+uerR/2gKIuwIULRMBG4xZQ2FIH2upHg==
55XDmlRKYYOGNXTaC0ahIFJx9r6GWrpp0FfJROc5t+scQLq1nKEJ+rl/Voan3PrW8znnnifFP1JPZXMYBmHcs+Pf+jWLNX6pCQ==
KhsDbOQcfWlLZsBItEWOSmsWx7IXWwJ7z4XtWadIz262IBCa0s1ZBQeqmlwWiTIWArEervsgwu6z7GJ6vxz8Z0/nqw6t7TmyM32pDA==
78ABGXNNIpM6SiL6HJpr4uNanNR3Ci8HjTAnKS9fJMZJMlem4XJfFC4SVkFQN2iJ7LD4hJb1bVm6Ad7v/ts1dOshc4uYuPalgGltel00SpZrpH42tyHrrltN2xJrbU9oivmYk+fntqUXfVqpLQ==
rU91jzQ6HiMIfzJx+pt+T2sWx7IXWwJ7z4XtWadIz262IBCa0s1ZBQeqmlwXiTIWArEervsgwu6z7GJ6vxz8Z0/nqw6t7TmyM32pDA==
hJfrKPiDO04pr1E3OR9Njbyt5opKicJzBjBkgQMowgJyX7lo67Br0TwBRvHRipcJRSAvYRsGJvXCzd5DiGp/c1Gy8Gqf6PMNChlJKc8OGuDvvULa6jV+cuM0kgI7iCKGh2hM6+ejixL1uakee1mpMA==
S9tgAhRl63jUFjcxqMFjlbyt5opKicJzBjBkgQMowgJyX7lo67Br0TwCRvHRipcJRSAvYRsGJvXCzd5DiGp/c1Gy8Gqf6PMNChlJKc8OGuDvvULa6jV+cuM0kgI7iCKGh2hM6+ejixL1uakee1mpMA==
vB2/Zu6Bg2++J6Ubdn6w1OBanNR3Ci8HjTAnKS9fJMZJMlem4XJfFC4QVkFQN2iJ7LD4hJb1bVm6Ad7v/ts1dOshc4uYuPalgGltel01SpZrpH42tyHrrltN2xJrbU9oivmYk+fntqUXfVqpLQ==
jZH0TVxb5ndzBw5nnsw3HOBanNR3Ci8HjTAnKS9fJMZJMlem4XJfFC4TVkFQN2iJ7LD4hJb1bVm6Ad7v/ts1dOshc4uYuPalgGltel01SpZrpH42tyHrrltN2xJrbU9oivmYk+fntqUXfVqpLQ==
HcZQyqKuViC8z4zwwOblc30pOx2/MjCr6gkJ2W9eGtCNLYKqyuX+wgMk0vKb2CK25/iMm8dzC6IVqenu2wmpAA==
u2rANILtZn5tho0aD3TmpWsWx7IXWwJ7z4XtWadIz262IBCa0s1ZBQeqmlwViTIWArEervsgwu6z7GJ6vxz8Z0/nqw6t7TmyM32pDA==
FsSvYBUkVA03bfCfVt7gEH80mtQ+kUwvSGtGfVD3wbxeJVsU2tjIlXrhDf8fva2Y6GyrCiNTZqPBv2t8Wg7xtzr8PvfODG+uerR/2gKIuwIULRMBG4xZQ2FIH2upHg==
55XDmlRKYYOGNXTaC0ahIFJx9r6GWrpp0FfJROc5t+scQLq1nKEJ+rl/Voan3PrW8znnnifFP1JPZXMYBmHcs+Pf+jWLNX6pCQ==
VQm4Je6ZZT0aMlx8QtHBTX40mtQ+kUwvSGtGfVD3wbxeJVsU2tjIlXrhDf8fva2Y6GyrCiNTZqPBv2t8Wg7xtzr8PvfODG+uerR/2gKIuwIULRMBG4xZQ2FIH2upHg==
55XDmlRKYYOGNXTaC0ahIFJx9r6GWrpp0FfJROc5t+scQLq1nKEJ+rl/Voan3PrW8znnnifFP1JPZXMYBmHcs+Pf+jWLNX6pCQ==
6ANpNQ+EaDttm0mWcPBYzn00mtQ+kUwvSGtGfVD3wbxeJVsU2tjIlXrhDf8fva2Y6GyrCiNTZqPBv2t8Wg7xtzr8PvfODG+uerR/2gKIuwIULRMBG4xZQ2FIH2upHg==
M3LYuJR0IL5i0IiOM0XFf30pOx2/MjCr6gkJ2W9eGtCOLYKqyuX+wgMk0vKb2CK25/iMm8dzC6IVqenu2wmpAA==
KhsDbOQcfWlLZsBItEWOSmsWx7IXWwJ7z4XtWadIz262IBCa0s1ZBQeqmlwWiTIWArEervsgwu6z7GJ6vxz8Z0/nqw6t7TmyM32pDA==
ySIFhZ11I0mE2/XCrC6vVn80mtQ+kUwvSGtGfVD3wbxeJVsU2tjIlXrhDf8fva2Y6GyrCiNTZqPBv2t8Wg7ytzr8PvfODG+uerR/2gKIuwIULRMBG4xZQ2FIH2upHg==
DGm0S/TyCnbZ1tsunDGOzVJx9r6GWrpp0FfJROc5t+scQLq1nKEJ+rl8Voan3PrW8znnnifFP1JPZXMYBmHcs+Pf+jWLNX6pCQ==
ny5K5xBmTr6ALFUrJMx+7340mtQ+kUwvSGtGfVD3wbxeJVsU2tjIlXrhDf8fva2Y6GyrCiNTZqPBv2t8Wg7ytzr8PvfODG+uerR/2gKIuwIULRMBG4xZQ2FIH2upHg==
DGm0S/TyCnbZ1tsunDGOzVJx9r6GWrpp0FfJROc5t+scQLq1nKEJ+rl8Voan3PrW8znnnifFP1JPZXMYBmHcs+Pf+jWLNX6pCQ==
wF3BGotJt5VTnO2INzCzRX00mtQ+kUwvSGtGfVD3wbxeJVsU2tjIlXrhDf8fva2Y6GyrCiNTZqPBv2t8Wg7ytzr8PvfODG+uerR/2gKIuwIULRMBG4xZQ2FIH2upHg==
DGm0S/TyCnbZ1tsunDGOzVJx9r6GWrpp0FfJROc5t+scQLq1nKEJ+rl8Voan3PrW8znnnifFP1JPZXMYBmHcs+Pf+jWLNX6pCQ==
iV7S7j5wZ8weyIKh6ZcknH0pOx2/MjCr6gkJ2W9eGtCPLYKqyuX+wgMk0vKb2CK25/iMm8dzC6IVqenu2wmpAA==
rU91jzQ6HiMIfzJx+pt+T2sWx7IXWwJ7z4XtWadIz262IBCa0s1ZBQeqmlwXiTIWArEervsgwu6z7GJ6vxz8Z0/nqw6t7TmyM32pDA==
5KZX0i7ZdGDwvQ+dmDYv7380mtQ+kUwvSGtGfVD3wbxeJVsU2tjIlXrhDf8fva2Y6GyrCiNTZqPBv2t8Wg7ztzr8PvfODG+uerR/2gKIuwIULRMBG4xZQ2FIH2upHg==
QtpKmyBDM9hltyg/NC4cIVJx9r6GWrpp0FfJROc5t+scQLq1nKEJ+rl9Voan3PrW8znnnifFP1JPZXMYBmHcs+Pf+jWLNX6pCQ==
Nut9yw6Ix79VOrU+F75FkX40mtQ+kUwvSGtGfVD3wbxeJVsU2tjIlXrhDf8fva2Y6GyrCiNTZqPBv2t8Wg7ztzr8PvfODG+uerR/2gKIuwIULRMBG4xZQ2FIH2upHg==
QtpKmyBDM9hltyg/NC4cIVJx9r6GWrpp0FfJROc5t+scQLq1nKEJ+rl9Voan3PrW8znnnifFP1JPZXMYBmHcs+Pf+jWLNX6pCQ==
SgwQseT3SFXuVUCZFMhEFX00mtQ+kUwvSGtGfVD3wbxeJVsU2tjIlXrhDf8fva2Y6GyrCiNTZqPBv2t8Wg7ztzr8PvfODG+uerR/2gKIuwIULRMBG4xZQ2FIH2upHg==
wgSUiA0F37CtzwBcqnqsnVLG4MBbJiHUgnJZ44QNORkVEnDK38jzLUq5yYmPLhrArx3CeqoVflKjlBKie6gipsfIzEung4sytRkpvjt5qRA=
QtpKmyBDM9hltyg/NC4cIVJx9r6GWrpp0FfJROc5t+scQLq1nKEJ+rl9Voan3PrW8znnnifFP1JPZXMYBmHcs+Pf+jWLNX6pCQ==
55XDmlRKYYOGNXTaC0ahIFJx9r6GWrpp0FfJROc5t+scQLq1nKEJ+rl/Voan3PrW8znnnifFP1JPZXMYBmHcs+Pf+jWLNX6pCQ==
FsSvYBUkVA03bfCfVt7gEH80mtQ+kUwvSGtGfVD3wbxeJVsU2tjIlXrhDf8fva2Y6GyrCiNTZqPBv2t8Wg7xtzr8PvfODG+uerR/2gKIuwIULRMBG4xZQ2FIH2upHg==
55XDmlRKYYOGNXTaC0ahIFJx9r6GWrpp0FfJROc5t+scQLq1nKEJ+rl/Voan3PrW8znnnifFP1JPZXMYBmHcs+Pf+jWLNX6pCQ==
VQm4Je6ZZT0aMlx8QtHBTX40mtQ+kUwvSGtGfVD3wbxeJVsU2tjIlXrhDf8fva2Y6GyrCiNTZqPBv2t8Wg7xtzr8PvfODG+uerR/2gKIuwIULRMBG4xZQ2FIH2upHg==
55XDmlRKYYOGNXTaC0ahIFJx9r6GWrpp0FfJROc5t+scQLq1nKEJ+rl/Voan3PrW8znnnifFP1JPZXMYBmHcs+Pf+jWLNX6pCQ==
FsSvYBUkVA03bfCfVt7gEH80mtQ+kUwvSGtGfVD3wbxeJVsU2tjIlXrhDf8fva2Y6GyrCiNTZqPBv2t8Wg7xtzr8PvfODG+uerR/2gKIuwIULRMBG4xZQ2FIH2upHg==
55XDmlRKYYOGNXTaC0ahIFJx9r6GWrpp0FfJROc5t+scQLq1nKEJ+rl/Voan3PrW8znnnifFP1JPZXMYBmHcs+Pf+jWLNX6pCQ==
VQm4Je6ZZT0aMlx8QtHBTX40mtQ+kUwvSGtGfVD3wbxeJVsU2tjIlXrhDf8fva2Y6GyrCiNTZqPBv2t8Wg7xtzr8PvfODG+uerR/2gKIuwIULRMBG4xZQ2FIH2upHg==
55XDmlRKYYOGNXTaC0ahIFJx9r6GWrpp0FfJROc5t+scQLq1nKEJ+rl/Voan3PrW8znnnifFP1JPZXMYBmHcs+Pf+jWLNX6pCQ==
FsSvYBUkVA03bfCfVt7gEH80mtQ+kUwvSGtGfVD3wbxeJVsU2tjIlXrhDf8fva2Y6GyrCiNTZqPBv2t8Wg7xtzr8PvfODG+uerR/2gKIuwIULRMBG4xZQ2FIH2upHg==
55XDmlRKYYOGNXTaC0ahIFJx9r6GWrpp0FfJROc5t+scQLq1nKEJ+rl/Voan3PrW8znnnifFP1JPZXMYBmHcs+Pf+jWLNX6pCQ==
FsSvYBUkVA03bfCfVt7gEH80mtQ+kUwvSGtGfVD3wbxeJVsU2tjIlXrhDf8fva2Y6GyrCiNTZqPBv2t8Wg7xtzr8PvfODG+uerR/2gKIuwIULRMBG4xZQ2FIH2upHg==
55XDmlRKYYOGNXTaC0ahIFJx9r6GWrpp0FfJROc5t+scQLq1nKEJ+rl/Voan3PrW8znnnifFP1JPZXMYBmHcs+Pf+jWLNX6pCQ==
VQm4Je6ZZT0aMlx8QtHBTX40mtQ+kUwvSGtGfVD3wbxeJVsU2tjIlXrhDf8fva2Y6GyrCiNTZqPBv2t8Wg7xtzr8PvfODG+uerR/2gKIuwIULRMBG4xZQ2FIH2upHg==
ySIFhZ11I0mE2/XCrC6vVn80mtQ+kUwvSGtGfVD3wbxeJVsU2tjIlXrhDf8fva2Y6GyrCiNTZqPBv2t8Wg7ytzr8PvfODG+uerR/2gKIuwIULRMBG4xZQ2FIH2upHg==
DGm0S/TyCnbZ1tsunDGOzVJx9r6GWrpp0FfJROc5t+scQLq1nKEJ+rl8Voan3PrW8znnnifFP1JPZXMYBmHcs+Pf+jWLNX6pCQ==
ny5K5xBmTr6ALFUrJMx+7340mtQ+kUwvSGtGfVD3wbxeJVsU2tjIlXrhDf8fva2Y6GyrCiNTZqPBv2t8Wg7ytzr8PvfODG+uerR/2gKIuwIULRMBG4xZQ2FIH2upHg==
5KZX0i7ZdGDwvQ+dmDYv7380mtQ+kUwvSGtGfVD3wbxeJVsU2tjIlXrhDf8fva2Y6GyrCiNTZqPBv2t8Wg7ztzr8PvfODG+uerR/2gKIuwIULRMBG4xZQ2FIH2upHg==
QtpKmyBDM9hltyg/NC4cIVJx9r6GWrpp0FfJROc5t+scQLq1nKEJ+rl9Voan3PrW8znnnifFP1JPZXMYBmHcs+Pf+jWLNX6pCQ==
Nut9yw6Ix79VOrU+F75FkX40mtQ+kUwvSGtGfVD3wbxeJVsU2tjIlXrhDf8fva2Y6GyrCiNTZqPBv2t8Wg7ztzr8PvfODG+uerR/2gKIuwIULRMBG4xZQ2FIH2upHg==
IPEjq9yun7yrCQdR5ZFBTErq3UVjSsL9qXwWBMFZGPOZu/F02GCzJkN/vu9xU/Pw2oJrW4qw5tuuIHeiSlgnlsLE4+6koYuteyCBD1GkB2epEg==
wI23dB2XXqkVYGdd6+CLKEs99s16Vvy+GMlyMzMsPY0FO2604H0m5cu6ezlsTv0oiAbBDT323aEdcm2BCfAcVe6jEavgPbExfKkL
QtpKmyBDM9hltyg/NC4cIVJx9r6GWrpp0FfJROc5t+scQLq1nKEJ+rl9Voan3PrW8znnnifFP1JPZXMYBmHcs+Pf+jWLNX6pCQ==
BLYYjzcRaQrI2fGwdrpgBUu062ufJd1QyGS7MmOr9ish91tkWhbD/9p0rg+ONH+mWnwPQoIQS0o0JQM52/TJywGAL3OpBg==
I+pCIskmFtGniwGHcLjTzH0pOx2/MjC26gkJ2W9eGtCPLYKqyuX+wgMk0vKb2CK25/iMm8dzC6IVqenu2wmpAA==
rU91jzQ6HiMIfzJx+pt+T2sWx7IXWwJ7z4XtWadIz262IBCa0s1ZBQeqmlwXiTIWArEervsgwu6z7GJ6vxz8Z0/nqw6t7TmyM32pDA==
eLdDN84ixu7LtU2dxuSIP2C0dtQP5tgG4IQuAL6QtgN7GmiV35KBEkomtNssT4xfr5xRVTFbeoyMrZqNXzrv0dAeERCc5vVV0UZBSakymakVADANGgOFU0xtTRloqR8=
hq9XQ74Dhce+Ad6xLxT1xUh/I2ac23mCmkmO79le+EzeDXHi8Yq3g8zA0aqzUAZ/KjUVzMTaXP44yRJz06xdTSU7TnRA/cYlq7qbeQzOXWioBuFN3Xa9Yf1yTUGpcLyVjqPx64C9EXFcqSs=
wgSUiA0F37CtzwBcqnqsnVLG4MBbJiHUgnJZ44QNORkVEnDK38jzLUq5yYmPLhrArx3CeqoVflKjlBKie6gipsfIzEung4sytRkpvjt5qRA=
QtpKmyBDM9hltyg/NC4cIVJx9r6GWrpp0FfJROc5t+scQLq1nKEJ+rl9Voan3PrW8znnnifFP1JPZXMYBmHcs+Pf+jWLNX6pCQ==
CBEunWEfKGYp7JGAE1cuKWG0dtQP5tgG4IQuAL6QtgN7GmiV35KBEkomtNssT4xfr5xRVTFbeoyMrZqNXzrv0dAeERCc5vVV0UZBSakymakVADANGgOFU0xtTRloqR8=
n7LQphywDBONZ9D5FqtUGmSd2GKTp16BwrBFy7v/ORnRNnifx52JEmwKHFnN3+2+smV+u1SluaHlWhDSz6Cz1foxaVHfBhr439Ui4jr9viqTnDL6qwCiHjeArFO368vKBZGJZmtRqSg=
QtpKmyBDM9hltyg/NC4cIVJx9r6GWrpp0FfJROc5t+scQLq1nKEJ+rl9Voan3PrW8znnnifFP1JPZXMYBmHcs+Pf+jWLNX6pCQ==
Nut9yw6Ix79VOrU+F75FkX40mtQ+kUwvSGtGfVD3wbxeJVsU2tjIlXrhDf8fva2Y6GyrCiNTZqPBv2t8Wg7ztzr8PvfODG+uerR/2gKIuwIULRMBG4xZQ2FIH2upHg==
QtpKmyBDM9hltyg/NC4cIVJx9r6GWrpp0FfJROc5t+scQLq1nKEJ+rl9Voan3PrW8znnnifFP1JPZXMYBmHcs+Pf+jWLNX6pCQ==
5KZX0i7ZdGDwvQ+dmDYv7380mtQ+kUwvSGtGfVD3wbxeJVsU2tjIlXrhDf8fva2Y6GyrCiNTZqPBv2t8Wg7ztzr8PvfODG+uerR/2gKIuwIULRMBG4xZQ2FIH2upHg==
QtpKmyBDM9hltyg/NC4cIVJx9r6GWrpp0FfJROc5t+scQLq1nKEJ+rl9Voan3PrW8znnnifFP1JPZXMYBmHcs+Pf+jWLNX6pCQ==
Nut9yw6Ix79VOrU+F75FkX40mtQ+kUwvSGtGfVD3wbxeJVsU2tjIlXrhDf8fva2Y6GyrCiNTZqPBv2t8Wg7ztzr8PvfODG+uerR/2gKIuwIULRMBG4xZQ2FIH2upHg==
55XDmlRKYYOGNXTaC0ahIFJx9r6GWrpp0FfJROc5t+scQLq1nKEJ+rl/Voan3PrW8znnnifFP1JPZXMYBmHcs+Pf+jWLNX6pCQ==
FsSvYBUkVA03bfCfVt7gEH80mtQ+kUwvSGtGfVD3wbxeJVsU2tjIlXrhDf8fva2Y6GyrCiNTZqPBv2t8Wg7xtzr8PvfODG+uerR/2gKIuwIULRMBG4xZQ2FIH2upHg==
DGm0S/TyCnbZ1tsunDGOzVJx9r6GWrpp0FfJROc5t+scQLq1nKEJ+rl8Voan3PrW8znnnifFP1JPZXMYBmHcs+Pf+jWLNX6pCQ==
ySIFhZ11I0mE2/XCrC6vVn80mtQ+kUwvSGtGfVD3wbxeJVsU2tjIlXrhDf8fva2Y6GyrCiNTZqPBv2t8Wg7ytzr8PvfODG+uerR/2gKIuwIULRMBG4xZQ2FIH2upHg==
QtpKmyBDM9hltyg/NC4cIVJx9r6GWrpp0FfJROc5t+scQLq1nKEJ+rl9Voan3PrW8znnnifFP1JPZXMYBmHcs+Pf+jWLNX6pCQ==
5KZX0i7ZdGDwvQ+dmDYv7380mtQ+kUwvSGtGfVD3wbxeJVsU2tjIlXrhDf8fva2Y6GyrCiNTZqPBv2t8Wg7ztzr8PvfODG+uerR/2gKIuwIULRMBG4xZQ2FIH2upHg==
55XDmlRKYYOGNXTaC0ahIFJx9r6GWrpp0FfJROc5t+scQLq1nKEJ+rl/Voan3PrW8znnnifFP1JPZXMYBmHcs+Pf+jWLNX6pCQ==
VQm4Je6ZZT0aMlx8QtHBTX40mtQ+kUwvSGtGfVD3wbxeJVsU2tjIlXrhDf8fva2Y6GyrCiNTZqPBv2t8Wg7xtzr8PvfODG+uerR/2gKIuwIULRMBG4xZQ2FIH2upHg==
DGm0S/TyCnbZ1tsunDGOzVJx9r6GWrpp0FfJROc5t+scQLq1nKEJ+rl8Voan3PrW8znnnifFP1JPZXMYBmHcs+Pf+jWLNX6pCQ==
ySIFhZ11I0mE2/XCrC6vVn80mtQ+kUwvSGtGfVD3wbxeJVsU2tjIlXrhDf8fva2Y6GyrCiNTZqPBv2t8Wg7ytzr8PvfODG+uerR/2gKIuwIULRMBG4xZQ2FIH2upHg==
DGm0S/TyCnbZ1tsunDGOzVJx9r6GWrpp0FfJROc5t+scQLq1nKEJ+rl8Voan3PrW8znnnifFP1JPZXMYBmHcs+Pf+jWLNX6pCQ==
ny5K5xBmTr6ALFUrJMx+7340mtQ+kUwvSGtGfVD3wbxeJVsU2tjIlXrhDf8fva2Y6GyrCiNTZqPBv2t8Wg7ytzr8PvfODG+uerR/2gKIuwIULRMBG4xZQ2FIH2upHg==
DGm0S/TyCnbZ1tsunDGOzVJx9r6GWrpp0FfJROc5t+scQLq1nKEJ+rl8Voan3PrW8znnnifFP1JPZXMYBmHcs+Pf+jWLNX6pCQ==
wF3BGotJt5VTnO2INzCzRX00mtQ+kUwvSGtGfVD3wbxeJVsU2tjIlXrhDf8fva2Y6GyrCiNTZqPBv2t8Wg7ytzr8PvfODG+uerR/2gKIuwIULRMBG4xZQ2FIH2upHg==
QtpKmyBDM9hltyg/NC4cIVJx9r6GWrpp0FfJROc5t+scQLq1nKEJ+rl9Voan3PrW8znnnifFP1JPZXMYBmHcs+Pf+jWLNX6pCQ==
Nut9yw6Ix79VOrU+F75FkX40mtQ+kUwvSGtGfVD3wbxeJVsU2tjIlXrhDf8fva2Y6GyrCiNTZqPBv2t8Wg7ztzr8PvfODG+uerR/2gKIuwIULRMBG4xZQ2FIH2upHg==
j62HENArEU/Je6Zj/w9c0L2qs5vLQrzu3qsyM6RKGVRewJ/Hoj1iKyvgorWGiTiDmUvRJBjQ07bD7x4fMQMTwNqyiwvKQEZLLrAXEooIB2bCtMM+5BFrPfuwIX+RdGdXqSI=
2nmNcPCnuyRT1azvM+TaDmSd2GKTp16BwrBFy7v/ORnUNnifx52JEmwKHFnN3+2+smV+u1SluaHlWhDSz6Cz1foxaVHfBhr439Ui4jr9viqTnDL6qwCiHjeArFO368vKBZGJZmtRqSg=
wgSUiA0F37CtzwBcqnqsnVLG4MBbJiHUgnJZ44QNORkVEnDK38jzLUq5yYmPLhrArx3CeqoVflKjlBKie6gipsfIzEung4sytRkpvjt5qRA=
QtpKmyBDM9hltyg/NC4cIVJx9r6GWrpp0FfJROc5t+scQLq1nKEJ+rl9Voan3PrW8znnnifFP1JPZXMYBmHcs+Pf+jWLNX6pCQ==
BLYYjzcRaQrI2fGwdrpgBUu062ufJd1QyGS7MmOr9ish91tkWhbD/9p0rg+ONH+mWnwPQoIQS0o0JQM52/TJywGAL3OpBg==
rU91jzQ6HiMIfzJx+pt+T2sWx7IXWwJ7z4XtWadIz262IBCa0s1ZBQeqmlwXiTIWArEervsgwu6z7GJ6vxz8Z0/nqw6t7TmyM32pDA==
Nut9yw6Ix79VOrU+F75FkX40mtQ+kUwvSGtGfVD3wbxeJVsU2tjIlXrhDf8fva2Y6GyrCiNTZqPBv2t8Wg7ztzr8PvfODG+uerR/2gKIuwIULRMBG4xZQ2FIH2upHg==
QtpKmyBDM9hltyg/NC4cIVJx9r6GWrpp0FfJROc5t+scQLq1nKEJ+rl9Voan3PrW8znnnifFP1JPZXMYBmHcs+Pf+jWLNX6pCQ==
5KZX0i7ZdGDwvQ+dmDYv7380mtQ+kUwvSGtGfVD3wbxeJVsU2tjIlXrhDf8fva2Y6GyrCiNTZqPBv2t8Wg7ztzr8PvfODG+uerR/2gKIuwIULRMBG4xZQ2FIH2upHg==
55XDmlRKYYOGNXTaC0ahIFJx9r6GWrpp0FfJROc5t+scQLq1nKEJ+rl/Voan3PrW8znnnifFP1JPZXMYBmHcs+Pf+jWLNX6pCQ==
DGm0S/TyCnbZ1tsunDGOzVJx9r6GWrpp0FfJROc5t+scQLq1nKEJ+rl8Voan3PrW8znnnifFP1JPZXMYBmHcs+Pf+jWLNX6pCQ==
QtpKmyBDM9hltyg/NC4cIVJx9r6GWrpp0FfJROc5t+scQLq1nKEJ+rl9Voan3PrW8znnnifFP1JPZXMYBmHcs+Pf+jWLNX6pCQ==
FsSvYBUkVA03bfCfVt7gEH80mtQ+kUwvSGtGfVD3wbxeJVsU2tjIlXrhDf8fva2Y6GyrCiNTZqPBv2t8Wg7xtzr8PvfODG+uerR/2gKIuwIULRMBG4xZQ2FIH2upHg==
55XDmlRKYYOGNXTaC0ahIFJx9r6GWrpp0FfJROc5t+scQLq1nKEJ+rl/Voan3PrW8znnnifFP1JPZXMYBmHcs+Pf+jWLNX6pCQ==
VQm4Je6ZZT0aMlx8QtHBTX40mtQ+kUwvSGtGfVD3wbxeJVsU2tjIlXrhDf8fva2Y6GyrCiNTZqPBv2t8Wg7xtzr8PvfODG+uerR/2gKIuwIULRMBG4xZQ2FIH2upHg==
HcZQyqKuViC8z4zwwOblc30pOx2/MjCr6gkJ2W9eGtCNLYKqyuX+wgMk0vKb2CK25/iMm8dzC6IVqenu2wmpAA==
u2rANILtZn5tho0aD3TmpWsWx7IXWwJ7z4XtWadIz262IBCa0s1ZBQeqmlwViTIWArEervsgwu6z7GJ6vxz8Z0/nqw6t7TmyM32pDA==
FsSvYBUkVA03bfCfVt7gEH80mtQ+kUwvSGtGfVD3wbxeJVsU2tjIlXrhDf8fva2Y6GyrCiNTZqPBv2t8Wg7xtzr8PvfODG+uerR/2gKIuwIULRMBG4xZQ2FIH2upHg==
55XDmlRKYYOGNXTaC0ahIFJx9r6GWrpp0FfJROc5t+scQLq1nKEJ+rl/Voan3PrW8znnnifFP1JPZXMYBmHcs+Pf+jWLNX6pCQ==
VQm4Je6ZZT0aMlx8QtHBTX40mtQ+kUwvSGtGfVD3wbxeJVsU2tjIlXrhDf8fva2Y6GyrCiNTZqPBv2t8Wg7xtzr8PvfODG+uerR/2gKIuwIULRMBG4xZQ2FIH2upHg==
55XDmlRKYYOGNXTaC0ahIFJx9r6GWrpp0FfJROc5t+scQLq1nKEJ+rl/Voan3PrW8znnnifFP1JPZXMYBmHcs+Pf+jWLNX6pCQ==
FsSvYBUkVA03bfCfVt7gEH80mtQ+kUwvSGtGfVD3wbxeJVsU2tjIlXrhDf8fva2Y6GyrCiNTZqPBv2t8Wg7xtzr8PvfODG+uerR/2gKIuwIULRMBG4xZQ2FIH2upHg==
nBbP/vfF04/bNTMC/yMYJUs99s16Vvy+GMlyMzMsPY0FO2604H0m5cu6eztsTv0oiAbBDT323aEdcm2BCfAcVe6jEavgPbExfKkL
55XDmlRKYYOGNXTaC0ahIFJx9r6GWrpp0FfJROc5t+scQLq1nKEJ+rl/Voan3PrW8znnnifFP1JPZXMYBmHcs+Pf+jWLNX6pCQ==
9wTRI3rX1ltRk6kOzh+Yc0u062ufJd1QyGS7MmOr9ish91tkWhbB/9p0rg+ONH+mWnwPQoIQS0o0JQM52/TJywGAL3OpBg==
GdfiWBGhq1CjhA7E6keYI30pOx2/MjC26gkJ2W9eGtCNLYKqyuX+wgMk0vKb2CK25/iMm8dzC6IVqenu2wmpAA==
u2rANILtZn5tho0aD3TmpWsWx7IXWwJ7z4XtWadIz262IBCa0s1ZBQeqmlwViTIWArEervsgwu6z7GJ6vxz8Z0/nqw6t7TmyM32pDA==
2+04sxaI6QoaoMzerbj54mC0dtQP5tgG4IQuAL6QtgN7GkiV35KBEkomtNssT4xfr5xRVTFbeoyMrZqNXzrv09AeERCc5vVV0UZBSakymakVADANGgOFU0xtTRloqR8=
zu5N8fWsP4SRME2BRnogftPSxrPDZnjp7ItjtmL4rJ3BFmsCzQdOQFMuydici5ilZ3heMuaaWmnwl2nEB/nX6/wAGjU84en62b/2BgccmtYTeYceh4UfUi8lk5imofyzwx+atWt1Xqkp
SabrfavihEeEIWpLN2xxy1LG4MBbJiHUgnJZ44QNORkVEnDK38jzLUq5yYmPLhrArR3CeqoVflKjlBKie6gipsfIzEung4sytRkpvjt5qRA=
55XDmlRKYYOGNXTaC0ahIFJx9r6GWrpp0FfJROc5t+scQLq1nKEJ+rl/Voan3PrW8znnnifFP1JPZXMYBmHcs+Pf+jWLNX6pCQ==
22uf7kAm2jLdmGx2dTC2WmG0dtQP5tgG4IQuAL6QtgN7GmiV35KBEkomtNssT4xfr5xRVTFbeoyMrZqNXzrv09AeERCc5vVV0UZBSakymakVADANGgOFU0xtTRloqR8=
dtRYD5waUVWvXy7MJesSXGSd2GKTp16BwrBFy7v/ORnTNnifx52JEmwKHFnN3+2+smV+u1SluaHlWhDSz6Cz1foxaVHfBhr43dUi4jr9viqTnDL6qwCiHjeArFO368vKBZGJZmtRqSg=
SabrfavihEeEIWpLN2xxy1LG4MBbJiHUgnJZ44QNORkVEnDK38jzLUq5yYmPLhrArR3CeqoVflKjlBKie6gipsfIzEung4sytRkpvjt5qRA=
55XDmlRKYYOGNXTaC0ahIFJx9r6GWrpp0FfJROc5t+scQLq1nKEJ+rl/Voan3PrW8znnnifFP1JPZXMYBmHcs+Pf+jWLNX6pCQ==
9wTRI3rX1ltRk6kOzh+Yc0u062ufJd1QyGS7MmOr9ish91tkWhbB/9p0rg+ONH+mWnwPQoIQS0o0JQM52/TJywGAL3OpBg==
M3LYuJR0IL5i0IiOM0XFf30pOx2/MjCr6gkJ2W9eGtCOLYKqyuX+wgMk0vKb2CK25/iMm8dzC6IVqenu2wmpAA==
KhsDbOQcfWlLZsBItEWOSmsWx7IXWwJ7z4XtWadIz262IBCa0s1ZBQeqmlwWiTIWArEervsgwu6z7GJ6vxz8Z0/nqw6t7TmyM32pDA==
ISMP233sRA7iDo7ugrLnTmC0dtQP5tgG4IQuAL6QtgN7GmiV35KBEkomtNssT4xfr5xRVTFbeoyMrZqNXzrv0NAeERCc5vVV0UZBSakymakVADANGgOFU0xtTRloqR8=
eYXIjIwulFMExFal/skSJ9PSxrPDZnjp7ItjtmL4rJ3CFmsCzQdOQFMuydici5ilZ3heMuaaWmnwl2nEB/nX6/wAGjU84en62bz2BgccmtYTeYceh4UfUi8lk5imofyzwx+atWt1Xqkp
mpZPtprOX8Jm8Y/13xgGYlLG4MBbJiHUgnJZ44QNORkVEnDK38jzLUq5yYmPLhrArh3CeqoVflKjlBKie6gipsfIzEung4sytRkpvjt5qRA=
DGm0S/TyCnbZ1tsunDGOzVJx9r6GWrpp0FfJROc5t+scQLq1nKEJ+rl8Voan3PrW8znnnifFP1JPZXMYBmHcs+Pf+jWLNX6pCQ==
ymzrpkP/RbjxihG6pAUH7mG0dtQP5tgG4IQuAL6QtgV9GmiV35KBEkomtNssT4xfr5xRVTFbeoyMrZqNXzrv0NAeERCc5vVV0UZBSakymakVADANGgOFU0xtTRloqR8=
OZFND83ezetgrEqcyUHQbWG0dtQP5tgG4IQuAL6QtgN7GmiV35KBEkomtNssT4xfr5xRVTFbeoyMrZqNXzrv0NAeERCc5vVV0UZBSakymakVADANGgOFU0xtTRloqR8=
jHpuA0RvqtJQ5IoxgECQr2Sd2GKTp16BwrBFy7v/ORnQNnifx52JEmwKHFnN3+2+smV+u1SluaHlWhDSz6Cz1foxaVHfBhr43tUi4jr9viqTnDL6qwCiHjeArFO368vKBZGJZmtRqSg=
mpZPtprOX8Jm8Y/13xgGYlLG4MBbJiHUgnJZ44QNORkVEnDK38jzLUq5yYmPLhrArh3CeqoVflKjlBKie6gipsfIzEung4sytRkpvjt5qRA=
DGm0S/TyCnbZ1tsunDGOzVJx9r6GWrpp0FfJROc5t+scQLq1nKEJ+rl8Voan3PrW8znnnifFP1JPZXMYBmHcs+Pf+jWLNX6pCQ==
lbhpUb06qRhE+dS3YGFXsmK0dtQP5tgG4IQuAL6QtgN7GmiV35KBEkomtNssT4xfr5xRVTFbeoyMrZqNXzrv0NAeERCc5vVV0UZBSakymakVADANGgOFU0xtTRloqR8=
YqTMP8si9hzA6JdkNBiLPmSd2GKTp16BwrBFy7v/ORnXNnifx52JEmwKHFnN3+2+smV+u1SluaHlWhDSz6Cz1foxaVHfBhr43tUi4jr9viqTnDL6qwCiHjeArFO368vKBZGJZmtRqSg=
mpZPtprOX8Jm8Y/13xgGYlLG4MBbJiHUgnJZ44QNORkVEnDK38jzLUq5yYmPLhrArh3CeqoVflKjlBKie6gipsfIzEung4sytRkpvjt5qRA=
DGm0S/TyCnbZ1tsunDGOzVJx9r6GWrpp0FfJROc5t+scQLq1nKEJ+rl8Voan3PrW8znnnifFP1JPZXMYBmHcs+Pf+jWLNX6pCQ==
W6dITqRnndSN6P60eFx7c0u062ufJd1QyGS7MmOr9ish91tkWhbC/9p0rg+ONH+mWnwPQoIQS0o0JQM52/TJywGAL3OpBg==
iV7S7j5wZ8weyIKh6ZcknH0pOx2/MjCr6gkJ2W9eGtCPLYKqyuX+wgMk0vKb2CK25/iMm8dzC6IVqenu2wmpAA==
rU91jzQ6HiMIfzJx+pt+T2sWx7IXWwJ7z4XtWadIz262IBCa0s1ZBQeqmlwXiTIWArEervsgwu6z7GJ6vxz8Z0/nqw6t7TmyM32pDA==
eLdDN84ixu7LtU2dxuSIP2C0dtQP5tgG4IQuAL6QtgN7GmiV35KBEkomtNssT4xfr5xRVTFbeoyMrZqNXzrv0dAeERCc5vVV0UZBSakymakVADANGgOFU0xtTRloqR8=
8xUhtxELb0Y2g9vPthv/vdPSxrPDZnjp7ItjtmL4rJ3DFmsCzQdOQFMuydici5ilZ3heMuaaWmnwl2nEB/nX6/wAGjU84en62b32BgccmtYTeYceh4UfUi8lk5imofyzwx+atWt1Xqkp
wgSUiA0F37CtzwBcqnqsnVLG4MBbJiHUgnJZ44QNORkVEnDK38jzLUq5yYmPLhrArx3CeqoVflKjlBKie6gipsfIzEung4sytRkpvjt5qRA=
QtpKmyBDM9hltyg/NC4cIVJx9r6GWrpp0FfJROc5t+scQLq1nKEJ+rl9Voan3PrW8znnnifFP1JPZXMYBmHcs+Pf+jWLNX6pCQ==
CBEunWEfKGYp7JGAE1cuKWG0dtQP5tgG4IQuAL6QtgN7GmiV35KBEkomtNssT4xfr5xRVTFbeoyMrZqNXzrv0dAeERCc5vVV0UZBSakymakVADANGgOFU0xtTRloqR8=
2nmNcPCnuyRT1azvM+TaDmSd2GKTp16BwrBFy7v/ORnUNnifx52JEmwKHFnN3+2+smV+u1SluaHlWhDSz6Cz1foxaVHfBhr439Ui4jr9viqTnDL6qwCiHjeArFO368vKBZGJZmtRqSg=
wgSUiA0F37CtzwBcqnqsnVLG4MBbJiHUgnJZ44QNORkVEnDK38jzLUq5yYmPLhrArx3CeqoVflKjlBKie6gipsfIzEung4sytRkpvjt5qRA=
QtpKmyBDM9hltyg/NC4cIVJx9r6GWrpp0FfJROc5t+scQLq1nKEJ+rl9Voan3PrW8znnnifFP1JPZXMYBmHcs+Pf+jWLNX6pCQ==
BLYYjzcRaQrI2fGwdrpgBUu062ufJd1QyGS7MmOr9ish91tkWhbD/9p0rg+ONH+mWnwPQoIQS0o0JQM52/TJywGAL3OpBg==
mabsc7UodTjgofMI/wgM/fctNglVOD0TPI8UR9ypi1QRI7M1QvbE406zandPkbNOUz1zkgNdR0jSCSDT//fOBZ8tcqkF
hl9rhVXHj+4tRGjZELjCR/ctNglVOD0TPIsWSdypi1QRI7M1QvbE406zandPkbNOUz1zkgNdR0jSCSDT//fOBZ8tcqkF
y93CXsbtWSvsPkwcmzpvEGPs+wkhsZi44+XIb4A87Nr2Xsb+84qvGh1PS889xANNd2nVzTtJVjmkRkqe47FoqBZoa3wRZeapYlTU/XrTNrIVMsHBAvmzmWkObUNl94eGxfhlEj/yQGAQ7ZAYv3eGr4U1YH1GbWWJpoO6dLwJP4Z/qEe6KiA33kIM8xZEubslOyjxl3Gcl6+p2g==
r8AXXkL/UCtZQ3cXQ25AMtG70I+EsA6KxURPr7Y22NeUzQh2D/EfrTqQ13IKqEeGwtQDnmTxKx370OHfEZQnd6kC
udVsc472GEk9tZhVqIAArmQbiTYi2N9ow9T/oPCktHgMQ7K8QMdUU/BpGbuYfc4A+Jyog5G/Di1kaGUPrujlHVocK8S0XAOdsX9UZkZhUClFO36J4L2H3cuL9wu9AtngNjZ1I/AMPi1WPsiCslfghqhMabB+JaeHewn/fo/VR9J3dZu4HhFUc+sPQlXjhaap0Q==
sQOEJu9C5oNb8yDSQvbEEM7RUkHLkaU+ij8oliEVVX1vSIfaqgD3PkJsszbEWftFO4gxt/H81w+peg==
JNhtO8lVWq/zR0oyRV4s949d8kREad3BNHTEIZs7jcWZZlk5QbIxmQ3geJ2iQ50jhM31yQCpdw==
pRTLUOBg/49/rQ1SwZmBIrwgN/6gRZQ1Z2BVznrkrV5ADvXhZ/CAX/4mczL8IPSk1Ug09yjLhIiS80/EvLUUI4IEFr/FDUF93pRQ/V/iKjcxyGqsC2xADPd5yvLJW5X04nA5jVWHzfjg6R1ioTEMIACwnyZfq2kFR8IDrXV2+LzgEwaIleBNwRfWi1K6xUkU5qAurGNu2ZR/wBcAEFWXZdp5mEMcm4wtH/yv63xjCm8QLmbKPEj64FknjlwhMz5qjFzGY6uMiMAfYtsTDViPww8JsY1X2QN8qlT3opjCSHKjTGc7lilE7rcwpdR/EHwOvloLQxCOrGKrYw5DLflNg/mwj50HfTdTFnBqmSAlMH2POEDPyfYOrl/GJCcOq9Na4nKWX/qmq5/lz/FASCLtJHatFCE2gfHiDT57eCWH/du1/jQZVWy0NKV2kJmGaoc/o9TON0aTxtlipPSNugOWIpWioZHCydOpaT4Nc6Wn5xZFaMXC/4JgkBCdsOj/JyY/BaWArQZdhbmms1pE/NnfFv845+pq0BeuS/3TZoRpG7W7uJHHsaz3n6nq
gqSh0oCuDhLIrSyZC9RfGK0o5HUwfrqmt7Lviuoytig3KNRSyGHUGtAJUxwIAGUe+KRpEEhBI2lMucYlMKffl5EtFQTdqqlazva53hwRBl28j9UKix/WCMZDDSUhTmBjifwJw7Bm0Gr7CKepZRNnqDdTPSQkGpCpggYNAuG31xzfDFL3NRL2ugpCWywVQh9q476YxwsDaoPcDcS54Bsf9rv1VBE2qUB0gmREynZ2+c06IunhYkx8ZsJts+6kNl8oD81l6nNFn5MV4+8bTypKfoOckNBUlJM2o/XOi6hYN7oxStfiwEhugG9t6IygdIsJOr1lq5EliQoLE5+fmyXWuj7HyBdMe58iZCHxtMJ4P2zQmYY5TzxSiNIRIoTHqeXF5V5gUNHiJvfwj04DfXSt1M8G7VWh/UXEMBdNDpjC5TxER+7Ye7kzTmpZ/lGKj4KOgLOyEYrEpdhlX5prPx/ptJntDVVbUJWyoewHgGyGMPeEFrd1+pl1HwQjnr8pz2Z5DhoU66MQ7yLDBFKS23grVyfYDPuH0wtC1YlpjpupqeA=
qDBnOpjjrUk8u1qU3BAUkZcBvR3SSuonovc+c4uISPXl7yg6kSUYe15Heb1lFrVRlfjmMaNQxCUW48n72B2ZIXSpAw==
csYDAe3Qyhi2mV6p/U0ZwDYhPAqwJDDm9gMU2HBjGo/KPpSxy//twgMk0vKb2Ci15/qMm8dzC6IVqenu2wmpAA==
A8YHEO//XR8jSaWfn4boms7RUkHLkaU+ij8oliEVVX1vSIfaqgD3PkhvszTEWftFO4gxt/H81w+peg==
Kj+BEicw45bFtVjln2SVXI9d8kREad3BNHTEIZs7jcWZZlk5QbgymQ/geJ2iQ50jhM31yQCpdw==
OkOcSkM5fBnL9e8fwUUxqcvM6Du3WBFYCoHcQ2KnBJ+LpvyqBUtlblEubw4zcWeMLeV5mh8lfRfMzwhRgNdCcdCKdK0hRbPof2/tSALMQTGlu7XE4NVlXlGNdJzgDOcar5cROYd+exGFyoCAAC9+tGVcNX2XavPuSvkxKAacVhCT0qEov/xvPOBp79k6xeD/7Kf0ER/A19eM33LT8JIe9sx0gtyZm/bg0Y9GVmxgvl9bMPB8n96jr/1k9//vNckxp2V7wGpoj55o/jDOQ/Afh2YVPNK3DN3oj6wEsl7mc3/gstRea992/91FNb8ZjPeh98FP75bMEiXQGUhBbwQ4czlKdhKf+lwb/per5gLO7uMKmtOj5fOJfLielZiWEWwdxr2J3s2CA8TVO4XnVcJMJaXQzIglyugldlb/A0Potou2L75lopiMsUo/7p51HtktMvWrlWkCdU9VG5+qpdS9/g++GKzQIchUD5teA+WZ+JH24f0FJg8i+AzlpyofBJ9WmmxvEo/Dq1h0VWMJWwTpe0GQj6Op1g==
eIWx2iUtpxE6YFpcaQyVqc+rsW81NyE3CD7lapHJyvKocJ/14H7QAFyIyGcFKjRiVnL2HRouB+9SQzflls5gNACRqqVY3ZRkzTZ08X7VzWNg10kK368MwexnDaCeM4u9Mh4NeI9Zlzsw84D3Jb3UuaXaoegccKlhqwcUt0EF2wam+9m+/8i9Z1UjsS8HyVm8phUYcpbOAsiw5hgfy8HCoCBYgqhR4DuYEyAlKQBwZS0g3DfEk3ACHwcCVf+1lVrxe/3OFxaXXJOiuZk602k79HGKT8tjcTqCwm6bd8cLveOT7qNG5U1y9JW2Z5sEMLphqu8ecT95PHO2/QY2Z2SQHMYCMFfnJl5NTXQLj4F6/iLY0afKHUCerg1BKmV4H+kU4T9JTlISUBJaq6f9mQXBqRSfBn2xAvhhZ74hxSFeUPrJdbI7S2hmAmj8vHKj6pRWMNSffQ03EFaieVwpSSOauaT1Oz1XA3ObGfoVoHoOkTP0BCINqvaM8hbPbAYk1M1Aum3bp2cB+27r7YsfOA09KJqZyBNXx4Zlh52qqd0=
l36dMw5kaqhv5y7gA4L0JPctNglVOD0TPI8UR9ypi1QRI7M1QvbE406zandPkbNOUz1zmwNdRUjSCSDT//fOBZ8tcqkF
ZO0QosTHt8NuXspqGNnxW/o9rNjSIJz2Symh8hiI68Cfll636uyamYxM28khBVJSqCfetjV2qbWSTXt9aeql9/WD78Ll/I3m70bIBFCJmCxvg24rJXEICVZZrW0mZ3JArH1Xwt8sr076FD+6C2h7oJRNUyEbbJnj4ShfS6k+
ZqKvgIZVedfc4U7+9wux5frAoBn2jzM/4JazGXkAHcm/smU4IR0iiWTBSwTja+IzireCFVUsDx/t9RxKWpuQjzSHUa1tNo2B7XtdYVswzDV+I2FLUH1BEWypGw==
y3kR9YlDZC0Notxd0r9rZ+Ahp0FhtEEthJFmFjWV/5iLRUkCE5S3hYRlwqHt6EUzNJ/8B3RZA/TJU6s1WgacQ8bDwrcngbtuq23LG3uNfSjaGQgTl0dGZUcdaqkd
oMO9S+uZzFg6/Px4UUKqNskSiGRQhmA3s5FmFjWV/5iLRUkCE5S3hYRlwqHt6EUzNJ/8B3RZA/TJU6s1WgacQ8bDwrcngbtuq23LG3uNfSjaGQgTl0dGZUcdaqkd
FU9fP28+rM9xa3hKlKLjlCy9lQathGIWMZ3jiGd9LSL3zJt1uC0GYamguYNYR1hn0KGvZFXbL7XejgDTartmV4PZV97XpQ9bP0VBWPbBbDNzfyp1WxVuqRk=
D8Tg8Kp8Wz54AXP5+oXPGDHe5PvT8cM9bd3TNrhiRmGEUl4WDWXH+KO1gUJbRB/lHPVaIXV43ZNcTzRHPGnr1LFjUzUiNmRjrvMKd2/RU84z/VOb4x3lyHJJwNPfN26Ff21SqSU=
sGUWrrHdAfQ5Ug9xWYgdD5yzTw1KpHa8NZdfPKyFLM6+mdZMJwQ87vO+ipIeRCnpyy1xpKqO52G5Gx9lQwDo1E201QNUR4eDlRVfhuso4ibjROvS79bcb1/P66Y9ZZl6Y1WpJA==
mgDePhbKpu3cQGQ0IWDgTD3aZQhjYmkb4zwOMwxOxZf8bSFcVxOtwBBoiAKCsUyX0Yf0V3m4Qdnfm/EABEJtcG5QYd3SUXww3RzyEFUtZ5Py/jDt1qnDtwgRRlFRbZ3HsdNLLv+AEBqDO/YAKB1A0u7axBsmRm4AH+jYyTE37YV55nl54bvR2W9gWF0CQz3jZE2ViaCp1w==
evekdZRE/Qmpntl3/ht7Bgl+bz9ce25+TeGGoEQFOva3uedQLrXOPFEuKcXx5ApvievfN0sw48mJ2Sxxv2yiBHlox3oq4LceS0xzVET5O2U7aHFXcVwXb6ka
Lw0MsMg0mxLxUTW61TCik9PLyRgQhfdiZRSKLEWD28NihRGnB0Eb7sut6xubzd2outloE7cHpuXn3QqpfQ==
Lw0MsMg0mxLxUTW61TCik9PLyRgQhfdiZRSKLEWD28NihRGnB0Eb7sut6xubzd2outloE7cHpuXn3QqpfQ==
