SAMxr0oFWMlpWda6KR7kgNFZMP7an4n1pM/P0aiT1HXsxB6U4c0oKSC9yEBXhnM9rO7YB5HmsNw8WOR4LtLxrq6+KuCdbS/Dyh7Y3c6p24fg8X4BGS1VN2lzI75HAOiKK1uusODdiIKW+uzrPkZ2cDfIIBl5d6U1oQbR6Zk6aUmHwAAtSoP1M1wt/bm4qc8=
SOpOk/UXfwNP5FUTb0QvMB17bEUmOpy05/sVGMslVGXXCz7yZ4SucJiW0vrpPN+ys8wwKP9hTLGijINk7CxL3XmvrIZuUUgpXQtWaRhtT52D+6+rFZIhYI6mHUOovPbtnu7woton+IawvIGQRnXvxzO5J55nRf9aD+UxGMbhnLOjXzo1y7W+qck=
xO+TJpPAAhGShiy5Tcd7UzMxitYmsbOGGnA1o7245kdhVAtqw9HMT9YdLVl9WQHk37mUh5umq3MLJv6n3HPjM9U4lPM6V2fie8zK8HxezuogwVnS99Q8GIPpqHGGhL+UYLQP/X2X4BbymWwpecPK+VRVS73HYyNbKZoFoGouYXOkpLKNGhY8ssbvHAbU9J2ACg1rJ/ehK66bzZsaK+0NaEp5WJOnZ/alV/2aqe0=
ip+Zi/Bp2coF+dS5Rvv+Rp6J9Rkkj1A1L9dYebbYNgeQc2AvdmeiTwoQYmV8sCM14fmqrljbJkrVilFJYrGDgWkWXQsFfxc+BQB1Gh+6MPiQdWDQn3+W18WN8PWmpVWRppuKvFyBrz4/0FeyCujHRsqUg1xksavd+5BhHxHUp7epwg==
lBGdHPGyFd2An/7EwwGoeI3uWxVO/DwBWSZBGhBLJyt9xkhVT6YMFAZ0rosQ//iDxiL7I2p8emlMnPv5ITVyAuhXvia15gkFUp2bjWkaRSc1M09SZWztlq8W6DRQubj8r3OOu6XhqLkWCc0dJhcSEOzN91JfvE++OsQfigpYW/DUPTOxm/w5UyH4v7upzg==
vlYV8Pq8PYzcvfaBCjiaq43uWxVO/DwBWSZBGhBLJyt910BbSakNRgZ0rosQ//iDxiP7I2p8emlMnPv5ITVyAuhXvia15gkFUp2bjWkaRSc1M09SZWztlq8W6DRQubj8r3OOu6XhqLkWCc0dJhcSEOzN91JfvE++OsQfigpYW/DUPTOxm/w5UyH4v7upzg==
dTwabq6KbGg29rmR/lXKjpgRqrpkBHcBrrWrI/ePpID42vQZPQLDmS6w5O1tOldw0OO0pYw73VB75EGqNjj2J5BToM/2zOMvCjCihfwQY1XhGWoO2LtmatVqkeni0cOhaTYda4Xf194FIDV6nxrwGJAVIHAfn1b3xe2wVSZFlbGmu0pc3CHvXj/wl1KKSIcmynRD/OTR6/37cKG/kbTnl6ni
KY0D6sxHRxCbm2aJYysEPyvw9Id4spTlu6WZ9PW4SLNx5PXzc+fjYhsMKvAcHi5qRoF60teUnJgjqYhxZsTfFIB0b/2dV0CWUllMKVkDann0lau9p6PD20na5aBKbsHzBOSSjTpWXDImr3wGNDT9AOrNSyfXYYsuOw27Gkst7egqObiTxydWJfe9uqnN
NmsEo5d5fAgKO0CllS+sib2wzlb76gwRpmkEXSpnf9PWk4UnQZrzkr4/4dp26BYXkGNAH7a6Q7+KoMI1PMBDJeHpSl6YC4b6VfoxGSKBo5FpBn07RS93ToWw1crfStDokGUAoN8vNmdFfRAlZpV1gaaLqoycUU/Ov2D34kqYp1bKhGOspGELbXvgAU9R5IenqdI=
yx3Ukh/W8/t7rNHe3A4lyoxKOu7Gl4qmvs3RwbvUyFbsyR77h6NBMymq0UhosF5a5KKKVciCpcA2MMlNKtHEoLW8KuCdbS/Dyh7Y3c6p24fg8X4BGS1VN2lzI75HAOiKK1uusODdiIKW+uzrPkZ2cDfIIBl5d6U1oQbR6Zk6aUmHwAAtSoP1M1wt/bm4qc8=
ZdGA5NFVykH983dOs8oHiGeR1PWKDw9LVgt1z/447bi7TDEylsAmD5B7cDdWUJOHytiSnZwos71hcTo2OKNWApXCYXFCqZOJaR5NEyVHJ3ZFSAVifyKgcBD98Eh/h2YfBUXAzYa9RZmmk5qkfLmf9v8Yp0rqcFfOShwTxATJ25W72FEnMcy3v6nK
AbyYnBYK3Fwpdkx33ZBbPRlDAzpYTf3VAprg5gxlWoLzHCLwFA5GCh/QQhIPZGR4ixkA8e60t7Q4xLc9ZYeYtnpJRClRE0JZLEVTfX8Te3shqm0gwt5pE/wUSk0CBgRSTr90BjwkFeAyHXNnjxHzTpO9M5rD3QVIkong0793DgXfrbKpxQ==
XAI9t3UwYkcKBmRMN0Smkifx+Iph892tpLLA+bnnF+Fz/bTzc+fjYhsMKvAcHi5qQYB60teUnJgjqYhxZsTfFIB0b/2dV0CWUllMKVkDann0lau9p6PD20na5aBKbsHzBOSSjTpWXDImr3wGNDT9AOrNSyfXYYsuOw27Gkst7egqObiTxydWJfe9uqnN
V6s30lUMqeGcxokgLv+smo+o1iKfURqigngR3hyFzndXIHDtbJrE6OID/3/ywQkyH4Lk7PJnH4zLchd88UNk4n556mGf3CGWSbiXDaHLze0nNieWQiuhR+ds5EHDnSfAikamj5Hb6tfuR2yUERoFMLQwAqKwEl08JSKJKELg/RXWkfh4wWweSHENA2ue7oxlEqkHP7QBKqk1TbmfXaNXZntAFNIfi9pYzH1k6kJKuBNixqoI43h08RXXiV1VVuUx5fpVEXOQNIUmY9mbiF0pAeSpkw==
22GSD7nXuXcYk+zanrEAlGvo9wEkhcui7diHf5p1j9ilZPrQwp+8CB4KDdArh0lNf33e7lYQBh+Qa1Dnlu4y9kpocm1ceNOtYWHa5njTNrIVMsHBAvmzmWkObUNl94eGxfhlEj/yQGAQ7ZAYv3eGr4U1YH1GbWWJpoO6dLwJP4Z/qEe6KiA33koM8xREubslOyjxl3Gcl6+p2g==
4cyhapdySaUYokzSNGWoipx5Dh5LjN8VNJHDpu3cj2uKYae8hYDShJJLdExeTsUEe9Phqd8ZdnrGhI6bEO/YcwZ6mpLqjNo5DKwb6SElEjIohx5WNVbp1RLtu51pCmVXdeOv4uUcTUZvJogkUKlYzO8jLkslUcjp1vntDSYHMuAsnZfi30zv7nr0/5oKSDvAFO2TwRtM2YNhiJ+rqd4=
eOxsbGMc/PjwoZuuMeDu6gkE75aL0wVVmrgURSVtXQ3sDuwpNw0ZSBsO3uLfzj9388+uX1JncNyVauEoeLBOutTi1/Q5AjWghvAZbVrR9EBl/FpADe2fo5reKP3eqcunEDEuYamtxZcZM/NedwCYqvubHtBwXXgixrrcCy5GZhAHCPC5Cfc11RFGgclpOlkp1wDwjdoDRdOMbY2ZqKnf
Z2LqCWsWmG32WJPSZd25MdOFiWcQA1uC0x88l8ek7eLzUXJX0451rr6uem0Qbr6QmV6jBbX7D9c6MA5CytnQEWQJvowu4FpidlOkSr+LgbuOqLARisSl2GVfmms/H+m0me0NVVtQlbKh7AeAbIYw94QWt3X6mXUfBCOevynPZnkOGhTroxDvIsMEUpLbeCpWJ9oM+4fTC0LViWmOm6mp4A==
USWXCnfgCDpPpid9gdCd+zRIkjIk0thnlJqgvc3rt2AEaeKxBYoQB9FaBdKPdLZwgOa62tjrF3J7fGhIl/H0MVocK8S0XAOdsX9UZkZhUClFO36J4L2H3cuL9wu9AtngNjZ1I/AMPi1WPsiCslfghqhMabB+JaeHewn/fo/VR9p3dZm4HhFUc+sPQlXjhaap0Q==
Id5IdHduoJLAKjcsEGtPwSJsHvmadSwTJ243cTyV0RxtCS7OSBzevmJNUL28zY6ZIdu6rs43NPZXX8HXlqxAzcKwBVSd+8oXFwvpmMGpvcnT5PX+mQgXvATS8BsckscpMm1VE3wHTkOBW+bV1t4k96skD+57YMIuM6xqOj/e/CfPp6vOLS058rO9qcw=
OdxVQQwnlaKijnNUFDw5rYVxf+BhBz+2NTyO4go50DEkaT4m6Q9aQjYzJOp/a4GbzsgwsUokpfglPxrL///plNmNjfWbsJWS4YyHIKxmMNfEdjfVOnl1P0RDHh/pL2ZZTnqUS2Pw7wKDZNIyG5gqdme6jFtHMwtilenpLltJqcA=
yZ2MogvLgJjqa1SrXkOtNBwTmgh4S9FTWeqBaFiwbno0YnyzVgIVYGZwuS060dSAhXz6AG3tv2N6Xoi9vqmr57CxzqGJraXXubMTnlcA+OpbG/4QUF0YYmY6PMsORkZQZ4hQeen3FZVxxiEJiTp5abeAUE06A2WT7O0tWUipPw==
sYBQY32Iw0qwxllSzd20fodxf/FjETu2NTyO4go50DEkaT4g6Q9aQjYzJOp/a4GbzsgwsUokpfglPxrL///plNmNjfWbsJWS4YyHIKxmMNfEdjfVOnl1P0RDHh/pL2ZZTnqUS2Pw7wKDZNIyG5gqdme6jFtHMwtilenpLltJqcA=
TSgnkAo2y4UQU2fME0SrWxwTnB5kVtFTWeqBaFiwbno0YnqzVgIVYGZwuS060dSAhXz6AG3tv2N6Xoi9vqmr57CxzqGJraXXubMTnlcA+OpbG/4QUF0YYmY6PMsORkZQZ4hQeen3FZVxxiEJiTp5abeAUE06A2WT7O0tWUipPw==
8RJ7BlgrpzHYK9aAJKPJlxwTnQh2U9FTWeqBaFiwbno0YnmzVgIVYGZwuS060dSAhXz6AG3tv2N6Xoi9vqmr57CxzqGJraXXubMTnlcA+OpbG/4QUF0YYmY6PMsORkZQZ4hQeen3FZVxxiEJiTp5abeAUE06A2WT7O0tWUipPw==
anmEmkU4Pt5H1pMAqvJm1WsRwSEuzN9igtPuudHt8WYEZ7LiE4ILFNBdJ9KPdLZwgOa62tnqGXJ7fGhIl/H0MVocK8S0XAOdsX9UZkZhUClFO36J4L2H3cuL9wu9AtngNjZ1I/AMPi1WPsiCslfghqhMabB+JaeHewn/fo/VR9l3dZm4HhFUc+sPQlXjhaap0Q==
lbBbf8yLDGrYnMqBT1LvGNLb4Z9YEdHudwppfmkF5AfbXn4LFFF/EDuT/qfAftbmCoYRIaITwCIr7DrwDH4eqpEj5VJndGxYc8m4cZbkj1Qw1J99DTcQVqJ5XClJI5q5pPU7PVcDc5sZ+hWgeg6RM/QEIg2q9ozyFs9sBiTUzUC6bdunZwH7buvtixk7DT0ompnIE1fHhmWHnaqp3Q==
Z4+A+/8fF02Dr54fWfJEOIzefQtx1FnJTpyPlT4K80D2OudCNBddaVouxtHzVq6vc+/CnhZ0LfGep7W3eDpxfUX+mGjDXTUFnu84MFc87dlgIHDWeJRosvdCeOZMbGvdWe/MBo6RaCl9y7bpeC1vnaO7Dyv1UkFgrma9w8h8Fu3+rlAiemeYhlB8IRDmtQ/HU/nHHscF31nvpVGYZiG8s4Of2rWr9Z6p6Q==
Z4+A+/8fF02Dr54fWfJEOIzefQtx1FnJTpyPlT4K80D2OudCNBddaVouxtHzVq6vc+/CnhZ0LfGep7W3eDpxfUX+mGjDXTUFnu84MFc87dlgIHDWeJRosvdCeOZMbGvdWe/MBo6RaCl9y7bpeC1vnaO7Dyv1UkFgrma9w8h8Fu3+rlAiemeYhlB8IRDmtQ/HU/nHHscF31nvpVGYZiG8s4Of2rWr9Z6p6Q==
An/eF2h0/ZfmVQLlbLFTf+U4mFy9PI8dpj+7XLQTvPkfPmtFxnFvtJX1HY5bvYpTeaI7PRdkCEpDD8kKLTManKTvcGIms25AMytRjjqCmWat5R994tv/idwPrr3Z8rDB/875xXmuyFoBBVp74/guIlCsRPIbOuy2eER3PSUHWLY6yYQpkZMCWezFE32/kzt7YSqtIIJeqRO8lIpNQoZEUo4/NAb8pFXg8p2zZ8+RM07TPfOfg13FSFIJoNN/904FHy3yqYU=
9ZRAdQrOIxeayW/fi3cWa/rhJv632qFGNgrfPEJkzDrlWoTe8JEIi3FL9R4IQKWzuzAAPGvuBsYPLY8IZGANMn4HTloh6tJg8U0wBXn74rMZ0ZR61QKmB5CeGrzDJK2jIZAtZYEtxTRQBw2+OJLlTKTXLuhbabO+Ckm+4Srfgv5gI3IhqhQlKAVP2tufT+nEeX3NZXuAFULB/EcwzNYwh2SGd0XaSfXvZDPeD4mfZgnuitTbg8Bv0qMUEiJ7KC8mx0rMy6cDi7K1mSk+O/mpkA==
D1lsDaSJ3GsaDya2a8RfwWciLFTLKC/LI3C0jpWQ4UBUWm4b0dXrWj9KozK9F0jf/TjFUWMIGbljIsmoguA9lZaRuPiBbN7IsQ1D697uzOXSqce/9AFqKXVNeR+doxfmO0BUUt+LGtiMfSRqAkp4k6LG6oijeLRx1ddJ3RVWpbEl/5WRs5B0BWZjGRtIXemBpKnT
uDLsqjNRJJk/+RvPdgKx4txM7+AQWPMNEHQ0Rio56r3tCGm0GHqCaPyMQz+FwNgmd0pvdot22tKWg+Q6n5uBi+74cOEqVCVohY/aGx8P6YT5vc2l+8AVAkE8R/BMljDH5EZ3hVoJ9a/k897PCd9mSW5K1BsDgG+SI9QS4vtoL2ZHiswLJ0OL8jVZKf67uanQ
svwdemGYNPUEKVwDqR0SrhHwceNAc3KpuDEXxJ2rN7XGfkhz0iuOF6vpTz6fdbfexxWJeO4xBPPb79IVkyV2qQE=
DqMvoqBfNuWtMoZ5ofG71GPs+wkhsZi44+XIb4A87Nr2Xsb+84qvGh1PS889xANNd2nVzTtJVjmkRkqe47FoqBZoa3wRZeapYlTU/XrTNrIVMsHBAvmzmWkObUNl94eGxfhlEj/yQGAQ7ZAYv3eGr4U1YH1GbWWJpoO6dLwJP4Z/qEe6KiA33k4M8xREubslOyjxl3Gcl6+p2g==
VZGAQyqnOqkQ+51ohJlViagYI3yLrPX5ec+lHswmd+J3uIFER3wz0mW8btjMmqL8V7gQLYUeCHhJSwumI6tuAT1kG4quR0q8/UWJn9EFjsfkPtl3VmZ4RdUae/DocH128fUwNWTLnp3ybBMk/MybXclPnMbesXgpbevmKSiN/x1TG7/rhXJxYF4GjQO4nKZtbs6A4iqHiIZAHPFQtlWfR+OZN1735a9e34Wh2NaBzDMTPwr1e9WOqfk=
lGG5ZtZ/Qb1axqQOhn5aeChd1vo8sT8wEDoMD3CO6dQUHX2Wli7e34zSDVJ/wTfc/9gnCuow1w5NXJMEBAlb1bsY0ecxjDd/qQo=
DerPCWtU1rmO1QcLRoy0I5yzTw1KpHa8NZdfPKyFLM6+mdZMJwQ87vO+ipIeRCnpyy1xpKqO52G9GRFlQwDo1E201QNUR4eDlRVfhuso4ibjRO3S79bcb1/P66Y9ZZl6Y1WpJA==
sOBJgyY/GCO91UNx7gBsLjHe5PvT8cM9bd3TNrhiRmGEUl4WDWXH+KO1gUJbRB/lHPVaIXV43ZNcSzZJPGnr1LFjUzUiNmRjrvMKd2/RU84z/VOd4x3lyHJJwNPfN26Ff21SqSU=
AHcgjBvN7sakl6BOP3kUWyy9lQathGIWMZ3jiGd9LSL3zJt1uC0GYamguYNYQ1pp0KGvZFXbL7XejgDTartmV4PZV97XpQ9dP0VBWPbBbDNzfyp1WxVuqRk=
RHEpGpDxPVqADwa2pDYqcckSiGRQhmA3s5FmFjWV/5iLRUkCE5S3hYRlwqHt6EUzNJv+CXRZA/TJU6s1WgacQ8bDwrcngbtuq23LHXuNfSjaGQgTl0dGZUcdaqkd
fKdIBdW5Okith0+3LwTIm+Ahp0FhtEEthJFmFjWV/5iLRUkCE5S3hYRlwqHt6EUzNJv+CXRZA/TJU6s1WgacQ8bDwrcngbtuq23LHXuNfSjaGQgTl0dGZUcdaqkd
rtuZ/CWUYw24REdg+YaTufrAoBn2jzM/4JazGXkAHcm/smU4IR0iiWTBSwTja+I3iLmCFVUsDx/t9RxKWpuQjzSHUa1tNo2B7X1dYVswzDV+I2FLUH1BEWypGw==
OHlWCtAFpJSUN6PU7X7gg4zefQtx1FnJTpyPlT4K80D2OudCNBddaVouxtHzVq6vc+/CnhZ0LfGep7W3eDpxfUX+mGjDXTUFnu84MFc87dlgIHDWeJRosvdCeOZMbGvdWe/MBo6RaCl9y7bpeC1vnaO7Dyv1UkFgrma9w8h8Fu3+rlAiemeYhlB8IRDmtQ/HU/nHHscF313vpVGYZiG8s4Of2rWr9Z6p6Q==
wdWPUiOlmvc4/33NtnHGQShd1vs8sT8wEDoMD3CO6dQUHX2Wli7e34zSDVJ/wTfc/9gnCuow1w5NXJMEBAlb1bsY0ecxjDd/qQo=
pYA3jcfx9utxfEr+iaaUBKGW7p5HQQJuNSdchFRluZigtafz1wW2RIukhaRXS/EDDGx80ZGGhkpxnFeFVYrTHzX2WtGgqa6tX6KBzTGZd4h6febI3d3bN5E6b77yV0KDF2kV+6u5kMU3vizuL/4rSdkd7vO7UWpjeI3P/oaZGUJfBV+iLgK3iczLNZQY+hYAwpLdFuquTijhjXPLbq7chSKpN9/kQdoJRc0p/w1jZwZrQATy78uK+Fz91AryCmgzEsZaKLO4xJGlVxn9hZaVEfX9RfFD0ORltuMpO/id+WHUqaM=
gxXTAhF2MIX1nHZWVLKVHWCd7nT4dSBz7JjXBrZ02+HtO2iYQSuaxaVPauArBO/gOjwEVM6A6IctPjT3crK7l1q9+gxGDNPkSiinpgXqHunNF3qiaS65GqL2JHXbzwWU6ZR5JD0VW6w2pWTYQlb/Ko1/YSTF/w3TdXaEIXW0JPylvgBBplI3t2PcPk+my9aR4mzkVdr75irVKhGp4pFD4Wl2nSuFn1eeBWC1Op9acFiQ1aCwH1/WN8UtMJUmhRVxpnvKnNzhb54/MBeSiogH5s00w7zkkWu9+zAh/5H0Z9epog==
trWmYx36XYOKpN53h/IyJucyidaljCz+15geujjjmhA2g6t2elnpptg9F2cJyWsY+jtMkQqojxtw3alaZ/fZJl0LW9PDW47LZ3qRc8J5gvuDIBCv5QX8wkMIoUV5Az7vrhcL4ZoBSwYPmJLsJ9nFW9p3j1m1Pqjn187RFFNfG38fz6lV1wRIibYC2BLM8N76Fh/F3ayY7oTM2P981SCdvIvJriwrFc4AGbSdbAwnaV6bP3vJNEn1YUBnuEuyK+zlt9r9dTXMn5Zhuy2t9Dqs8hX3SZfTW10y7TbLUZzMm6pJeyps9NlEM7ABseWyy9ihyPapOP4kyB4+J8n6sHUDKKVvL+ZwmjZNCbpTnFCWY10kZXYDhywv4wc+/I6+qtQ3CR03WY+R+kMoDb8e9lkJ4u8F7wI+QkfpPEvltIi6JqCSko32mm7eyLENQ+ve7szl0qnHv/QBail1TXkfnaMX5jtAVFLfixrYjH0kagJKeJOixuqIo3i0cdXXSd0VVqWxJf2VkbOQdAVmYxkbSF3pgaSp0w==
DbeF0FIm+bfohxx+eYQcLsvM6Du3WBFYCoHcQ2KnBJ+LpvyqBUtlblEubw4zcWeMLeV5mh8lfRfMzwhRgddCcdCKdK0hRbPof2/tSALMQTGlu7XE4NVlXlGNdJzgDOcar5cROYd+exGFyoCAAC9+tGVcNX2XavPuSvkxKAacVhCT0qEov/xvPOBp79k6xeD/7Kf0ER/A19eM33LT8JIe9sx0gtyZm/bg0Y9GVmxgvl9bMPB8n96jr/1k9//vNckxp2V7wGpoj55o/jDOQ/Afh2YVPNK3DN3oj6wEsl7mc3/gstRea992/91FNb8ZjPeh98FP75bMEiXQGUhBbwQ4czlKdhKf+lwb/per5gLO7uMKmtOj5fOJfLielZiWEWwdxr2J3s2CA8TVO4XnVcJMJaXQzIglyugldlb/A0Potou2L75lopiMsUo/7p51HtktMvWrlWkCdU9VG5+qpdS9/g++GKzQIchUD5teA+WZ+JH24f0FJg8i+AzlpyofBJ9WmmxvEo3Aq1h0VWMJWwTpe0GQj6Op1g==
XGa2IyMAbGXl8UrAi3KcHpC8RlGWCoqn8aV0vWsQ1Mjjf2WocAeDauqhtXCmNRkax5ZluygjHiBUikhfb/7aap7zAOGi4hQpMjBS7Z2A7kljtMG/uxK9Jyp8B5UUb72qi3fQkcCPOaCq26ft7sZZ2Hvh64vcW9Q38dX4SZmilQhIKHWxx6/gNzWtN1b6Iw3eyzCBF3nL5W/TYTUMWq1s0kKWXhicjiwf/6nucHwAVgglWMcof4jxaVSYSV0cJAOkR6heT+uqIX9BPTYhp6Wa9yLvYGOO0U36h8HXRA0yu2s3qebS7oavd/PjkbNPNvfmEfUORHkeM1vQWJaRlpcqkWsh4KPaVfK2E8x8TJra5DfT3mI9YZxfz1XSkpIkadNqyRjCfiEpHmVMd8XEvWed7iaqrKI2A3O9ze3t2ShnMh1l2qQxixZVRdX2PCoVLebbfxBa8kSUaLL3QnjmTGxr3VnvzAaOkWgpfcu26Xgtb52juw8r9VJBYK5mvcPIfBbt/q5QInpnmIZQfCEQ5rUPx1P5xx7HBd9d76VRmGYhvLODn9q1q/Weqek=
MhDFOQuL0Vh0usJlHXH2MLwgN/6gRZQ1Z2BVznrkrV5ADvXhZ/CAX/4mczL8IPSk1Ug09yjLhIiS80/EvLUUI4IEFr/FDUF93pRQ/V/iKjcxyGqsC2xADPd5yvLJW5X04nA5jVWHzfjg6R1ioTEMIACwnyZfq2kFR8IDrXV2+LzgEwaIleBNwRfWi1K6xUkU5qAurGNu2ZR/wBcAEFWXZdp5mEMcm4wtH/yv63xjCm8QLmbKPEj64FknjlwhMz5qjFzGY6uMiMAfYtsTDViPww8JsY1X2QN8qlT3opjCSHKjTGc7lilE7rcwpdR/EHwOvloLQxCOrGKrYw5DLflNg/mwj50HfTdTFnBqmSAlMH2POEDPyfYOrl/GJCcOq9Na4nKWX/qmq5/lz/FASCLtJHatFCE2gfHiDT57eCWH/du1/jQZVWy0NKV2kJmGaoc/o9TON0aTxtlipPSNugOWIpWioZHCydOpaT4Nc6Wn5xZFaMXC/4JgkBCdsOj/JyY/BaWArQZdhbmms1pE/NnfFv845+pq0BeuTfzTZIRpG7W7uJHHsaz3n6nq
+jTVUuRl61RVwGUMjHBUangvVA8xVSLDRMw4k/ABfdIN9uC5IGyBbSL6bJpaGZ7DlFrSSeZQBm35OgN8QNaT/XRlJqN3bD8DV74Mro9+S4n5HQW2HNEKI5iN7z7mGbkCvwU/Yo6CV8nsy1VU+Hq2wKKS/VYKLu7owY2Ti84uvEUCqRcfhMF6SaXNCT+t44dGS0BkMk9Lajg8/fRKEorI83LGumgTOKRRhVf5veUWNVEV/GUxI1BEJZbjSftYHRkh9KmD
H/USxWQCH8emPYmK+NiTeB6xsbMxk8X0llc8/2MlUXl3fXP9THkp7egC7kp9dG9cOznVK8yPX5lxa4nLsdMMWMnZKbw5TJ+y59rgqOpUivZxYuZWuJumkslJNExlzJKMAJvD3QmS6Z5tOhX3Z9pmf6CXLusNjC0c1NpNfZFFhczgj61maLrldNQfznDLgXPGOkGeufp3AkaQaxI5unxl0LXHegPPZ+n8CbUt/eto1Trx9GdoHH6wP5TOF13KIbUX1Lt+19m3ZjGeQjRDEyivqpMcMnqrgKyeNwKs07dry0oFEYnma9GpqA==
gDGwVx/OI7E8N5EFEEqHHB6xsbMxk8X0llc8/2MlUXl3fXP9THkp7egC7kp9dG9cOznVK8yPX5l2aYnLsdMMWMnZKLw5TJ+y59rgqOpUivZxYuZWuJumkslJNExlzJKMAJvD3QmS6Z5tOhX3Z9pmf6CXLusNjC0c1NpNfZFFhczgj61maLrldNQfznDLgXPGOkGeufp3AkaQaxI5unxl0LXHegPPZ+n8CbUt/eto1Trx9GdoHH6wP5TOF13KIbUX1Lt+19m3ZjGeQjRDEyivqpMcMnqrgKyeNwKs07dry0oFEYnma9GpqA==
kfFj3/Ew2BpoCjOHZZvnoh6xsbMxk8X0llc8/2MlUXl3fXP9THkp7egC7kp9dG9cOznVK8yPX5lxa4nLsdMMWMnZJ7w5TJ+y59rgqOpUivZxYuZWuJumkslJNExlzJKMAJvD3QmS6Z5tOhX3Z9pmf6CXLusNjC0c1NpNfZFFhczgj61maLrldNQfznDLgXPGOkGeufp3AkaQaxI5unxl0LXHegPPZ+n8CbUt/eto1Trx9GdoHH6wP5TOF13KIbUX1Lt+19m3ZjGeQjRDEyivqpMcMnqrgKyeNwKs07dry0oFEYnma9GpqA==
48JEWaVlIS8/+V/We6X0Wx6xsbMxk8X0llc8/2MlUXl3fXP9THkp7egC7kp9dG9cOznVK8yPX5l2aYnLsdMMWMnZJrw5TJ+y59rgqOpUivZxYuZWuJumkslJNExlzJKMAJvD3QmS6Z5tOhX3Z9pmf6CXLusNjC0c1NpNfZFFhczgj61maLrldNQfznDLgXPGOkGeufp3AkaQaxI5unxl0LXHegPPZ+n8CbUt/eto1Trx9GdoHH6wP5TOF13KIbUX1Lt+19m3ZjGeQjRDEyivqpMcMnqrgKyeNwKs07dry0oFEYnma9GpqA==
RMv3DT8ubbRmxg8sIbuVWx6xsbMxk8X0llc8/2MlUXl3fXP9THkp7egC7kp9dG9cOznVK8yPX5lxa4nLsdMMWMnZJbw5TJ+y59rgqOpUivZxYuZWuJumkslJNExlzJKMAJvD3QmS6Z5tOhX3Z9pmf6CXLusNjC0c1NpNfZFFhczgj61maLrldNQfznDLgXPGOkGeufp3AkaQaxI5unxl0LXHegPPZ+n8CbUt/eto1Trx9GdoHH6wP5TOF13KIbUX1Lt+19m3ZjGeQjRDEyivqpMcMnqrgKyeNwKs07dry0oFEYnma9GpqA==
UiCKED6EYsGmjKXLJxvCNh6xsbMxk8X0llc8/2MlUXl3fXP9THkp7egC7kp9dG9cOznVK8yPX5l2aYnLsdMMWMnZJLw5TJ+y59rgqOpUivZxYuZWuJumkslJNExlzJKMAJvD3QmS6Z5tOhX3Z9pmf6CXLusNjC0c1NpNfZFFhczgj61maLrldNQfznDLgXPGOkGeufp3AkaQaxI5unxl0LXHegPPZ+n8CbUt/eto1Trx9GdoHH6wP5TOF13KIbUX1Lt+19m3ZjGeQjRDEyivqpMcMnqrgKyeNwKs07dry0oFEYnma9GpqA==
lcWNqdSeOaZa9EKmDkveZB6xsbMxk8X0llc8/2MlUXl3fXP9THkp7egC7kp9dG9cOznVK8yPX5lxa4nLsdMMWMnZI7w5TJ+y59rgqOpUivZxYuZWuJumkslJNExlzJKMAJvD3QmS6Z5tOhX3Z9pmf6CXLusNjC0c1NpNfZFFhczgj61maLrldNQfznDLgXPGOkGeufp3AkaQaxI5unxl0LXHegPPZ+n8CbUt/eto1Trx9GdoHH6wP5TOF13KIbUX1Lt+19m3ZjGeQjRDEyivqpMcMnqrgKyeNwKs07dry0oFEYnma9GpqA==
knRJIgOfJQxtzIuzDmIpSR6xsbMxk8X0llc8/2MlUXl3fXP9THkp7egC7kp9dG9cOznVK8yPX5l2aYnLsdMMWMnZIrw5TJ+y59rgqOpUivZxYuZWuJumkslJNExlzJKMAJvD3QmS6Z5tOhX3Z9pmf6CXLusNjC0c1NpNfZFFhczgj61maLrldNQfznDLgXPGOkGeufp3AkaQaxI5unxl0LXHegPPZ+n8CbUt/eto1Trx9GdoHH6wP5TOF13KIbUX1Lt+19m3ZjGeQjRDEyivqpMcMnqrgKyeNwKs07dry0oFEYnma9GpqA==
VkUyxOYuvl0apQ/Ly6wTsR6xsbMxk8X0llc8/2MlUXl3fXP9THkp7egC7kp9dG9cOznVK8yPX5lxa4nLsdMMWMnZIbw5TJ+y59rgqOpUivZxYuZWuJumkslJNExlzJKMAJvD3QmS6Z5tOhX3Z9pmf6CXLusNjC0c1NpNfZFFhczgj61maLrldNQfznDLgXPGOkGeufp3AkaQaxI5unxl0LXHegPPZ+n8CbUt/eto1Trx9GdoHH6wP5TOF13KIbUX1Lt+19m3ZjGeQjRDEyivqpMcMnqrgKyeNwKs07dry0oFEYnma9GpqA==
2tX4KdGFQXyZu82brXTW9x6xsbMxk8X0llc8/2MlUXl3fXP9THkp7egC7kp9dG9cOznVK8yPX5l2aYnLsdMMWMnZILw5TJ+y59rgqOpUivZxYuZWuJumkslJNExlzJKMAJvD3QmS6Z5tOhX3Z9pmf6CXLusNjC0c1NpNfZFFhczgj61maLrldNQfznDLgXPGOkGeufp3AkaQaxI5unxl0LXHegPPZ+n8CbUt/eto1Trx9GdoHH6wP5TOF13KIbUX1Lt+19m3ZjGeQjRDEyivqpMcMnqrgKyeNwKs07dry0oFEYnma9GpqA==
ZmBNLOytFlqihB6UdBKcbh6xsbMxk8X0llc8/2MlUXl3fXP9THkp7egC7kp9dG9cOznVK8yPX5lxa4nLsdMMWMnZKb05TJ+y59rgqOpUivZxYuZWuJumkslJNExlzJKMAJvD3QmS6Z5tOhX3Z9pmf6CXLusNjC0c1NpNfZFFhczgj61maLrldNQfznDLgXPGOkGeufp3AkaQaxI5unxl0LXHegPPZ+n8CbUt/eto1Trx9GdoHH6wP5TOF13KIbUX1Lt+19m3ZjGeQjRDEyivqpMcMnqrgKyeNwKs07dry0oFEYnma9GpqA==
KwxUD383tcGBvnuWao3DVB6xsbMxk8X0llc8/2MlUXl3fXP9THkp7egC7kp9dG9cOznVK8yPX5l2aYnLsdMMWMnZKL05TJ+y59rgqOpUivZxYuZWuJumkslJNExlzJKMAJvD3QmS6Z5tOhX3Z9pmf6CXLusNjC0c1NpNfZFFhczgj61maLrldNQfznDLgXPGOkGeufp3AkaQaxI5unxl0LXHegPPZ+n8CbUt/eto1Trx9GdoHH6wP5TOF13KIbUX1Lt+19m3ZjGeQjRDEyivqpMcMnqrgKyeNwKs07dry0oFEYnma9GpqA==
EOXcChacibu1gi+EVYVajh6xsbMxk8X0llc8/2MlUXl3fXP9THkp7egC7kp9dG9cOznVK8yPX5lxa4nLsdMMWMnZJ705TJ+y59rgqOpUivZxYuZWuJumkslJNExlzJKMAJvD3QmS6Z5tOhX3Z9pmf6CXLusNjC0c1NpNfZFFhczgj61maLrldNQfznDLgXPGOkGeufp3AkaQaxI5unxl0LXHegPPZ+n8CbUt/eto1Trx9GdoHH6wP5TOF13KIbUX1Lt+19m3ZjGeQjRDEyivqpMcMnqrgKyeNwKs07dry0oFEYnma9GpqA==
eKN08/P9BTROx18bjRId1B6xsbMxk8X0llc8/2MlUXl3fXP9THkp7egC7kp9dG9cOznVK8yPX5l2aYnLsdMMWMnZJr05TJ+y59rgqOpUivZxYuZWuJumkslJNExlzJKMAJvD3QmS6Z5tOhX3Z9pmf6CXLusNjC0c1NpNfZFFhczgj61maLrldNQfznDLgXPGOkGeufp3AkaQaxI5unxl0LXHegPPZ+n8CbUt/eto1Trx9GdoHH6wP5TOF13KIbUX1Lt+19m3ZjGeQjRDEyivqpMcMnqrgKyeNwKs07dry0oFEYnma9GpqA==
EtDPJtVCHE/WmmVbhoMWWwyWxxoKVKZa9MzR/CUay//VUbhuCEVDd5ASGbjrQWOHrdav0fsRDeI1Jibsn1OnNrmA2KahQq5s65MIUITjDmW99jM13yfRYYGeMgJ5Ll5q3lbJj22IGZwCFCWxoUUkaL0wcjiI97OZMY7pikV2RZP/ZsaLaLoK4GvQbcE9Vt3ZyTnl+OhjXaLQJmXgfNMelNO9U7Jy7S49AqvCEvhnAh1igIVkPasKR/d76egh+X2Zc9R1zjnYV2xkIvDrfEKH+ZJd1SPcV44TYSvmpTaO5KcLFI/e27CC/lNcbMpfDrz3b5cr/o19+aJTzam8
OiMyhjBi7JK20Evog4nvVx6xsbMxk8X0llc8/2MlUXl3fXP9THkp7egC7kp9dG9cOznVK8yPX5l2aYnLsdMMWMnZJb05TJ+y59rgqOpUivZxYuZWuJumkslJNExlzJKMAJvD3QmS6Z5tOhX3Z9pmf6CXLusNjC0c1NpNfZFFhczgj61maLrldNQfznDLgXPGOkGeufp3AkaQaxI5unxl0LXHegPPZ+n8CbUt/eto1Trx9GdoHH6wP5TOF13KIbUX1Lt+19m3ZjGeQjRDEyivqpMcMnqrgKyeNwKs07dry0oFEYnma9GpqA==
7UXGc46duv3p8HLVDOsd6pLXMJHT68Xs3AbJP96BRj7rbVRSCknGnoEeNTJzcO7wMtSN0rS/7TfoE2fVRZbZIWCanbCYUd8s9FugeJWHiYCs9FPH5hfTtTmck9UQEwZwFas/SiFiPG8snxlpG+fFgV4Zec6CcsFGpdV3/UCv9WmEv1b9weKIoXcekcWR/kC6ORVCu5tI9kJYXOxy8wrklqA0z/09F6AWshmsKblDivkU1Qu9B+PjW2kaRaAqrqFzZCTyjVqWfLIGb9wGlHTdgMqNqyc3IWuu201bHOttzWgK+RiTZ+c2pZd92qmt
oyxOip3o+GhpvvxmdI9td7mtB+D0ALkbPizSHiD30f0QvVh+OG8k1wpKi9Vo50YoGXYpJ8CaLe3l8rGOHfx4t/G36vQc99BfIbyBRSjjmk4R2Ol+jXHCIz+SZRdLIgG0z1Eg2zWtD5CFtUZfsKjzJ7n6hw56NxqzD2kNy/PZGHXffgT+J54TmSGdVqPDcWJzkE1njg45wbJHBUfSdqI/eWSLXYQQ2u7QehKlRtJORjjJzRt75k4EtTqpL+88oVK5LY0B7wWDX1YTwLwiF+uC6DS9fPp6qjBDCsZC2GsYTOENl/HtjbbtQU18vSF7sOx1niPBi3D9oVHMqbs=
7UXGc46duv3p8HLVDOsd6pLXMJHT68Xs3AbJP96BRj7rbVRSCknGnoEeNTJzcO7wMtSN0rS/7TfoE2fVRZbZIWCanbCYUd8s9FugeJWHiYCs9FPH5hfTtTmck9UQEwZwFas/SiFiPG8snxlpG+fFgV4Zec6CcsFGpdV3/UCv9WmEv1b9weKIoXcekcWR/kC6ORVCu5tI9kJYXOxy8wrklqA0z/09F6AWshmsKblDivkU1Qu9B+PjW2kaRaAqrqFzZCTyjVqWfLIGb9wGlHTdgMqNqyc3IWuu201bHOttzWgK+RiTZ+c2pZd92qmt
N9secZW8eayBKCQMndzoI7mtB+D0ALkbPizSHiD30f0QvVh+OG8k1wpKi9Vo50YoGXYpJ8CaLe3l8rGOHfx4t/G36vQc99BfIbyBRSjim08R3ux3jHzCIz+SZRdLIgG0z1Eg2zWtD5CFtUZfsKjzJ7n6hw56NxqzD2kNy/PZGHXffgT+J54TmSGdVqPDcWJzkE1njg45wbJHBUfSdqI/eWSLXYQQ2u7QehKlRtJORjjJzRt75k4EtTqpL+88oVK5LY0B7wWDX1YTwLwiF+uC6DS9fPp6qjBDCsZC2GsYTOENl/HtjbbtQU18vSF7sOx1niPBi3D9oVHMqbs=
7UXGc46duv3p8HLVDOsd6pLXMJHT68Xs3AbJP96BRj7rbVRSCknGnoEeNTJzcO7wMtSN0rS/7TfoE2fVRZbZIWCanbCYUd8s9FugeJWHiYCs9FPH5hfTtTmck9UQEwZwFas/SiFiPG8snxlpG+fFgV4Zec6CcsFGpdV3/UCv9WmEv1b9weKIoXcekcWR/kC6ORVCu5tI9kJYXOxy8wrklqA0z/09F6AWshmsKblDivkU1Qu9B+PjW2kaRaAqrqFzZCTyjVqWfLIGb9wGlHTdgMqNqyc3IWuu201bHOttzWgK+RiTZ+c2pZd92qmt
q1rTc3hdCmGsnETO1eH5hwyWxxoKVKZa9MzR/CUay//VUbhuCEVDd5ASGbjrQWOHrdav0fsRDeI1Jibsn1OnNrmA2KahQq5s65MIUITmAGW78jQ02y3RYYGeMgJ5Ll5q3lbJj22IGZwCFCWxoUUkaL0wcjiI97OZMY7pikV2RZP/ZsaLaLoK4GvQbcE9Vt3ZyTnl+OhjXaLQJmXgfNMelNO9U7Jy7S49AqvCEvhnAh1igIVkPasKR/d76egh+X2Zc9R1zjnYV2xkIvDrfEKH+ZJd1SPcV44TYSvmpTaO5KcLFI/e27CC/lNcbMpfDrz3b5cr/o19+aJTzam8
7UXGc46duv3p8HLVDOsd6pLXMJHT68Xs3AbJP96BRj7rbVRSCknGnoEeNTJzcO7wMtSN0rS/7TfoE2fVRZbZIWCanbCYUd8s9FugeJWHiYCs9FPH5hfTtTmck9UQEwZwFas/SiFiPG8snxlpG+fFgV4Zec6CcsFGpdV3/UCv9WmEv1b9weKIoXcekcWR/kC6ORVCu5tI9kJYXOxy8wrklqA0z/09F6AWshmsKblDivkU1Qu9B+PjW2kaRaAqrqFzZCTyjVqWfLIGb9wGlHTdgMqNqyc3IWuu201bHOttzWgK+RiTZ+c2pZd92qmt
p4EiSu/zGMnRC7mKPkbBVgyWxxoKVKZa9MzR/CUay//VUbhuCEVDd5ASGbjrQWOHrdav0fsRDeI1Jibsn1OnNrmA2KahQq5s65MIUITrCmK+9Dw02yTRYYGeMgJ5Ll5q3lbJj22IGZwCFCWxoUUkaL0wcjiI97OZMY7pikV2RZP/ZsaLaLoK4GvQbcE9Vt3ZyTnl+OhjXaLQJmXgfNMelNO9U7Jy7S49AqvCEvhnAh1igIVkPasKR/d76egh+X2Zc9R1zjnYV2xkIvDrfEKH+ZJd1SPcV44TYSvmpTaO5KcLFI/e27CC/lNcbMpfDrz3b5cr/o19+aJTzam8
7UXGc46duv3p8HLVDOsd6pLXMJHT68Xs3AbJP96BRj7rbVRSCknGnoEeNTJzcO7wMtSN0rS/7TfoE2fVRZbZIWCanbCYUd8s9FugeJWHiYCs9FPH5hfTtTmck9UQEwZwFas/SiFiPG8snxlpG+fFgV4Zec6CcsFGpdV3/UCv9WmEv1b9weKIoXcekcWR/kC6ORVCu5tI9kJYXOxy8wrklqA0z/09F6AWshmsKblDivkU1Qu9B+PjW2kaRaAqrqFzZCTyjVqWfLIGb9wGlHTdgMqNqyc3IWuu201bHOttzWgK+RiTZ+c2pZd92qmt
WIAc7eHCChoodfWxipOndQyWxxoKVKZa9MzR/CUay//VUbhuCEVDd5ASGbjrQWOHrdav0fsRDeI1Jibsn1OnNrmA2KahQq5s65MIUIThDmy98zw02C3RYYGeMgJ5Ll5q3lbJj22IGZwCFCWxoUUkaL0wcjiI97OZMY7pikV2RZP/ZsaLaLoK4GvQbcE9Vt3ZyTnl+OhjXaLQJmXgfNMelNO9U7Jy7S49AqvCEvhnAh1igIVkPasKR/d76egh+X2Zc9R1zjnYV2xkIvDrfEKH+ZJd1SPcV44TYSvmpTaO5KcLFI/e27CC/lNcbMpfDrz3b5cr/o19+aJTzam8
7UXGc46duv3p8HLVDOsd6pLXMJHT68Xs3AbJP96BRj7rbVRSCknGnoEeNTJzcO7wMtSN0rS/7TfoE2fVRZbZIWCanbCYUd8s9FugeJWHiYCs9FPH5hfTtTmck9UQEwZwFas/SiFiPG8snxlpG+fFgV4Zec6CcsFGpdV3/UCv9WmEv1b9weKIoXcekcWR/kC6ORVCu5tI9kJYXOxy8wrklqA0z/09F6AWshmsKblDivkU1Qu9B+PjW2kaRaAqrqFzZCTyjVqWfLIGb9wGlHTdgMqNqyc3IWuu201bHOttzWgK+RiTZ+c2pZd92qmt
yYEuY6c2MaY8tavHASqJsAyWxxoKVKZa9MzR/CUay//VUbhuCEVDd5ASGbjrQWOHrdav0fsRDeI1Jibsn1OnNrmA2KahQq5s65MIUITiD2W78DY50CLRYYGeMgJ5Ll5q3lbJj22IGZwCFCWxoUUkaL0wcjiI97OZMY7pikV2RZP/ZsaLaLoK4GvQbcE9Vt3ZyTnl+OhjXaLQJmXgfNMelNO9U7Jy7S49AqvCEvhnAh1igIVkPasKR/d76egh+X2Zc9R1zjnYV2xkIvDrfEKH+ZJd1SPcV44TYSvmpTaO5KcLFI/e27CC/lNcbMpfDrz3b5cr/o19+aJTzam8
7UXGc46duv3p8HLVDOsd6pLXMJHT68Xs3AbJP96BRj7rbVRSCknGnoEeNTJzcO7wMtSN0rS/7TfoE2fVRZbZIWCanbCYUd8s9FugeJWHiYCs9FPH5hfTtTmck9UQEwZwFas/SiFiPG8snxlpG+fFgV4Zec6CcsFGpdV3/UCv9WmEv1b9weKIoXcekcWR/kC6ORVCu5tI9kJYXOxy8wrklqA0z/09F6AWshmsKblDivkU1Qu9B+PjW2kaRaAqrqFzZCTyjVqWfLIGb9wGlHTdgMqNqyc3IWuu201bHOttzWgK+RiTZ+c2pZd92qmt
7UXGc46duv3p8HLVDOsd6pLXMJHT68Xs3AbJP96BRj7rbVRSCknGnoEeNTJzcO7wMtSN0rS/7TfoE2fVRZbZIWCanbCYUd8s9FugeJWHiYCs9FPH5hfTtTmck9UQEwZwFas/SiFiPG8snxlpG+fFgV4Zec6CcsFGpdV3/UCv9WmEv1b9weKIoXcekcWR/kC6ORVCu5tI9kJYXOxy8wrklqA0z/09F6AWshmsKblDivkU1Qu9B+PjW2kaRaAqrqFzZCTyjVqWfLIGb9wGlHTdgMqNqyc3IWuu201bHOttzWgK+RiTZ+c2pZd92qmt
3G2OfSy6labtcFtyKGCb6hsZ/ltxDCjLrn2h3TooqPg9hXge40/s34MuEW0Z0aXglPOLwVZKPT4c6hcvdqWLXDPf1qDv0feWz3+IdxwkR3t2lo54U5wPHrpkX6oMeZtQVJ3zkZsc+bOhGH9bqS4=
qTDHL9LW5ACG5Fm5l+BMDumycBh4/4OZ5dGPviA0wkMuw0rN+1NKyZRAoqh6a3ObND0ebGcHvBz/PQBoeYx2mPlNC9s2DtTVyqnfj+zhghk9DTFPNUPvdoPALMJnK/IIRD1sGipqYGO6xvL4u1icgR0XAY199h0h3XwsAcvw3NWuo9ErID3xsbypyw==
701AxiGb+FO214iMifxT9tFWJ+XfipjIpM/P0auV1HXsxB77iqMuVUfDxkEQwCYg9vvPA9DdutQ7d/BUO/3EoLW8KuCdbS/Dyh7Y3c6p24fg8X4BGS1VN2lzI75HAOiKK1uusODdiIKW+uzrPkZ2cDfIIBl5d6U1oQbR6Zk8aEmHwAAtSoP1M1wt/bm4qc8=
a4PBwsCGZPO7MYvt/hmiOqgYI3yLrPX5ec+lHswmd+J3uIFER3wz0mW8btjMmqL8V7gQLYUeCHhJSwumI6tuAT1kG4quR0q8/UWJn9EFjsfkPtl3VmZ4RdUae/DocH128fUwNWTLnp3ybBMk/MybXclPnMbesXgpbevmKSiN/x1TG7/rhXJxYF4GjQO4nKZtbs6A4iqHiIZAHPFQtlWfR+OZN1735a9c3oWh2NaBzDMTPwr1e9WOqfk=
kWx5pL8kp++KQG5z41GgrZerYUQX6XUbUzpHGAVFB3twgwURG4c/KG9jp/Ngh4KRn2KtOzVjbmQLpeLoDTVyAuhXvia15gkFUp2bjWkaRSc1M09SZWztlq8W6DRQubj8r3OOu6XhqLkWCc0dJhcSEOzN91JfvE++OsQfigxZW/DUPTOxm/w5UyH4v7upzg==
whym9vq+JQC/MOZ+QeMdi4zecwN1ilzOU8vbmnFz0mjMEtRtBz5daFZvida2Rbe4bu7Clxk9LfWSmfrceDd8E1j5gRvQTTYAgKxgIwkvpu1MGF3vZrh9ncJMY+RMbGvdWe/MBo6RaCl9y7bpeC1vnaO7Dyv1UkFgrma9w8h8Fu3+rlAiemeYhlB8IRDmtQ/HU/nHHscF31zupVGYZiG8s4Of2rWr9Z6p6Q==
UYb1fWskvT3uLoiZoM9pmnd4crw2UT9jf071BAAvHTfzmhJXSV099YK5Khwol+yTKFlx26BtxgDwjJBjeY9Wbdy4ja82mG2d0qyzpByM+13pD3xGvnFYKU0rhqnIzd8dM1tfayWyUWC+Ru2DGNyGbQ4OIGKKR+iGoFxR0BYVf0fDWZfeFyXPXP7FAVi2QSwzM/9qdZuVrqnZ
+bmW/6u6n84Lop97LYjmrDOHLkUqemMWtzYfNRdK0Jj8bydBExWs5UQkxkvC42aFv+PuMQjAPtDe27dTGB1yZGMXWMTDfXww3RzyEFUtZ5Py/jDt1qnDtwgRRlFRbZ3HsdNLLv+AEBqDO/YAKB1A0u7axBsmRm4AH+jYyTE37YV55nl54bPQ2W9gWF0CQz3jZE2ViaCp1w==
W3P9qPAnocBIQ7OgrCVPFSYziATcsfy14eDQY1E31oqTlEAPOuvCCKCgv1OUcUmK3L7RR2B9Duk+jd5WYG5wvPYmjz6bkAKek/xja59uPNcvdyueTV15QhNtqRw=
3nFvikWpwliDtqdyovN7LKMCD28adnpdb5oJScb6zlIUILI+L7LV9EmgYWdPkbNOUz1zkwJdRUjSCSDT//fOBZ8tcqkF
7qVVHiheMx5c+ClqHq8/ZaECD28adnpdb5oJScb6zlIUILI+L7LV9EmgYWdPkbNOUz1zkwJdRUjSCSDT//fOBZ8tcqkF
E0s2bISWUsusYRR4RGV5YxJw7a/PDsAv1g6ODbsytelaErqigLg+vqMqQYS9yP3H8znnnifFP1NOZXEYBmHcs+Pf+jWLNX6pCQ==
ksRPT8NPGd60OcoUNK+HtacCD28adnpdb5oJScb6zlIUILI+L7LV9EmgYWdPkbNOUz1zkwJdRUjSCSDT//fOBZ8tcqkF
jgdm06zT4tR1q9DxA2NUF6QCD28adnpdb5oJScb6zlIUILI+L7LV9EmgYWdPkbNOUz1zkwJdRUjSCSDT//fOBZ8tcqkF
fC9CLJaLhlR1kcoiXfBCZqUCD28adnpdb5oJScb6zlIUILI+L7LV9EmgYWdPkbNOUz1zkwJdRUjSCSDT//fOBZ8tcqkF
KkLCP6owxYNTKoimk5mDsRNw7a/PDsAv1g6ODbsytelaErqigLg+vqMqQYS9yP3H8znnnifFP1NOZXEYBmHcs+Pf+jWLNX6pCQ==
6gNiH7beEIcGB843rTUdfRdq66/TFsEv1g6ODbsytelaErqigLg+vqMqQYS9yP3H8znnnifFP1NOZXEYBmHcs+Pf+jWLNX6pCQ==
voTkezIDwCrov3ablTj34BZq663UHMAv1g6ODbsytelaErqigLg+vqMqQYS9yP3H8znnnifFP1NOZXEYBmHcs+Pf+jWLNX6pCQ==
eikYgUwTrS6S7rN/uLehqS4Njiw519hrgMm6t9HttXUKSbK8QMdUU/BpGbuYfc4A+Jyog5G/Di1kaGUPrujlHVocK8S0XAOdsX9UZkZhUClFO36J4L2H3cuL9wu9AtngNjZ1I/AMPi1WPsiCslfghqhMabB+JaeHewn/fo/VR9N2dZm4HhFUc+sPQlXjhaap0Q==
tDJ6Qz8iGk/AMW7MG7hvG2libROfPSjQJ220ytCf+wlXVWgtmJSqE2YDgj3Tc1K5jEC6WGJLW+t8fda8j6cEjIe9uPiBbN7IsQ1D697uzOXSqce/9AFqKXVNeR+doxfmO0BUUt+LGtiMfSRqAkp4k6LG6oijeLRx1ddJ3RVWpbEl85SRs5B0BWZjGRtIXemBpKnT
JTYUKI7128iJ3huylO+BQVa9xaz5459d+YSkssRfH3PzkreAhd1309Br1alb/28Aj4uX62Cfsnl/Sv1Dddu+jKsNknCNrYKqSD/unnUe2S0y9auVaQJ1T1Ubn6ql1L3+D74YrNAhyFQPm14D5Zn4kfbh/QUmDyL4DOWnKh8En1aabG8Sg8GrWHRVYwlbBOl7QZCPo6nW
A4IvSegujxy0CNYm9VSl2YKh4uyAHbSuCKjCIRtdC4ib5qX/kw34AYmfqy1bTtexWy0g3fbHt4BBFSVpamITV/7WbU8mNCCVcmjFjK2jqg8nE+mA8bHdkeM8NSYpUHcktEpwg6wKp3GCtZXLTF8uW7FD5s3mxkSvm/zPNss4oraDNOOjj0acf39/axYddVnqg6Wp1A==
glOZviv2mhqMib8P6c1MkX0pOx2/MjCr6gkJ2W9eGtCNLYKqyuX+wgMk0vKb2CO35/qMm8dzC6IVqenu2wmpAA==
VRhlHWM9ApZUv9zCCtU3C2sWx7IXWwJ7z4XtWadIz262IBCa0s1ZBQeqmlwViTIWArEervsgwu6z7GN7vx78Z0/nqw6t7TmyM32pDA==
RQBlfrz4Hj4yPr7vJaMScq+M4hj8kiQopo2VHmMCVY27smUqNhZ4k2iPSBfjbO0tlbveFBA9FgXbumtbXI6NiDiGUa1tNo2B7XNcYVswzDV+I2FLUH1BEWypGw==
UeXr3QJ+h6p7mHSCYlJzW9PSxrPDZnjp7ItjtmL4rJ3BFmsCzQdOQFMuydici5ilZ3heMuaaWmnwl2nEB/nX6/wAGjU84en62b/2BgccmtYTeYceh4UfUy4lkZimofyzwx+atWt1Xqkp
b8Q2tBIRRQUJMjYUjD6IAFLG4MBbJiHUgnJZ44QNORkVEnDK38jzLUq5yYmPLhrArR3CeqoVflKjlBKie6gjp8fKzEung4sytRkpvjt5qRA=
kYIlD8CtpDztq35WbWVuAX80m9Q+kUwvSGtGfUr0xvtSARoXy9zaiXa1QL9Z96mY6GyrCiNTZqPBv2t8Wg7xtzr8PvfODG+uerR/2gOJuwAULRMBG4xZQ2FIH2upHg==
op7LeWsTruZaYkW5HHx0OdPSxrPDZnjp7ItjtmL4rJ3CFmsCzQdOQFMuydici5ilZ3heMuaaWmnwl2nEB/nX6/wAGjU84en62b/2BgccmtYTeYceh4UfUy4lkZimofyzwx+atWt1Xqkp
b8Q2tBIRRQUJMjYUjD6IAFLG4MBbJiHUgnJZ44QNORkVEnDK38jzLUq5yYmPLhrArR3CeqoVflKjlBKie6gjp8fKzEung4sytRkpvjt5qRA=
fvF5GVgbYZHLzDKmfkpb1/ctNglVOD0TPI8UR9ypi1QRI7M1QvbE406zandPkbNOUz1zkwJdRUjSCSDT//fOBZ8tcqkF
1cILnHjxzgUMYEtKo56fkPctNglVOD0TPIsWSdypi1QRI7M1QvbE406zandPkbNOUz1zkwJdRUjSCSDT//fOBZ8tcqkF
9oejiAGKYJE8uYnVAjaQA2Ps+wkhsZi44+XIb4A87Nr2Xsb+84qvGh1PS889xANNd2nVzTtJVjmkRkqe47FoqBZoa3wRZeapYlTU/XrTNrIVMsHBAvmzmWkObUNl94eGxfhlEj/yQGAQ7ZAYv3eGr4U1YH1GbWWJpoO6dLwJP4Z/qEe6KiA33kMN8xREubslOyjxl3Gcl6+p2g==
JzF7TJDD474uj9BuKJI8r9G70I+EsA6KxURPr7Y22NeUzQh2D/EfrTqQ13IKqEeGw9UDnGTxKx370OHfEZQnd6kC
p8e30Bdbb3YIQMnqSTUW+2QbiTYi2N9ow9T/oPCktHgMQ7K8QMdUU/BpGbuYfc4A+Jyog5G/Di1kaGUPrujlHVocK8S0XAOdsX9UZkZhUClFO36J4L2H3cuL9wu9AtngNjZ1I/AMPi1WPsiCslfghqhMabB+JaeHewn/fo/VR9N2dZm4HhFUc+sPQlXjhaap0Q==
b4FmESVI7qJFyRCLfYP+5M7RUkHLkaU+ij8oliEVVX1vSIfaqgD3PkNtszTEWftFO4gxt/H81w+peg==
XFFqTrjgN5uvQaL+qDxIbo9d8kREad3BNHTEIZs7jcWZZlk5QbMwmQ/geJ2iQ50jhM31yQCpdw==
00V4fKme/1xZ1plaUzxGIrwgN/6gRZQ1Z2BVznrkrV5ADvXhZ/CAX/4mczL8IPSk1Ug09yjLhIiS80/EvLUUI4IEFr/FDUF93pRQ/V/iKjcxyGqsC2xADPd5yvLJW5X04nA5jVWHzfjg6R1ioTEMIACwnyZfq2kFR8IDrXV2+LzgEwaIleBNwRfWi1K6xUkU5qAurGNu2ZR/wBcAEFWXZdp5mEMcm4wtH/yv63xjCm8QLmbKPEj64FknjlwhMz5qjFzGY6uMiMAfYtsTDViPww8JsY1X2QN8qlT3opjCSHKjTGc7lilE7rcwpdR/EHwOvloLQxCOrGKrYw5DLflNg/mwj50HfTdTFnBqmSAlMH2POEDPyfYOrl/GJCcOq9Na4nKWX/qmq5/lz/FASCLtJHatFCE2gfHiDT57eCWH/du1/jQZVWy0NKV2kJmGaoc/o9TON0aTxtlipPSNugOWIpWioZHCydOpaT4Nc6Wn5xZFaMXC/4JgkBCdsOj/JyY/BaWArQZdhbmms1pE/NnfFv845+pq0BeuQv3TZIRpG7W7uJHHsaz3n6nq
4Qp16JMcCPf0TBLFxyYsH60o5HUwfrqmt7Lviuoytig3KNRSyGHUGtAJUxwIAGUe+KRpEEhBI2lMucYlMKffl5EtFQTdqqlazva53hwRBl28j9UKix/WCMZDDSUhTmBjifwJw7Bm0Gr7CKepZRNnqDdTPSQkGpCpggYNAuG31xzfDFL3NRL2ugpCWywVQh9q476YxwsDaoPcDcS54Bsf9rv1VBE2qUB0gmREynZ2+c06IunhYkx8ZsJts+6kNl8oD81l6nNFn5MV4+8bTypKfoOckNBUlJM2o/XOi6hYN7oxStfiwEhugG9t6IygdIsJOr1lq5EliQoLE5+fmyXWuj7HyBdMe58iZCHxtMJ4P2zQmYY5TzxSiNIRIoTHqeXF5V5gUNHiJvfwj04DfXSt1M8G7VWh/UXEMBdNDpjC5TxER+7Ye7kzTmpZ/lGKj4KOgLOyEYrEpdhlX5prPx/ptJntDVVbUJWyoewHgGyGMPeEFrd1+pl1HwQjnr8pz2Z5DhoU66MQ7yLDBFKS23giVyfaDPuH0wtC1YlpjpupqeA=
qrFSBq4dXAkb1G3hqTq6MJcBvR3SSuonovc+c4uISPXl7yg6kSUYe15Heb1lFrVRlf3jMaJQxCUW48n72B2ZIXSpAw==
e6JrvLJF0slBAB+LkSicKzYhPAqwJDDm9gMU2HBjGo/KPpSxy//twgMk0vKb2C2w5/uMm8dzC6IVqenu2wmpAA==
GlBKj8Sh6h9/Mi0JSJ8KFM7RUkHLkaU+ij8oliEVVX1vSIfaqgD3Pk1qszXEWftFO4gxt/H81w+peg==
Ab1YOhIO2iNHSKi8ipvwOo9d8kREad3BNHTEIZs7jcWZZlk5Qb03mQ7geJ2iQ50jhM31yQCpdw==
/xg4zHas3EsMT3IiPS5IQcvM6Du3WBFYCoHcQ2KnBJ+LpvyqBUtlblEubw4zcWeMLeV5mh8lfRfMzwhRgNdCcdCKdK0hRbPof2/tSALMQTGlu7XE4NVlXlGNdJzgDOcar5cROYd+exGFyoCAAC9+tGVcNX2XavPuSvkxKAacVhCT0qEov/xvPOBp79k6xeD/7Kf0ER/A19eM33LT8JIe9sx0gtyZm/bg0Y9GVmxgvl9bMPB8n96jr/1k9//vNckxp2V7wGpoj55o/jDOQ/Afh2YVPNK3DN3oj6wEsl7mc3/gstRea992/91FNb8ZjPeh98FP75bMEiXQGUhBbwQ4czlKdhKf+lwb/per5gLO7uMKmtOj5fOJfLielZiWEWwdxr2J3s2CA8TVO4XnVcJMJaXQzIglyugldlb/A0Potou2L75lopiMsUo/7p51HtktMvWrlWkCdU9VG5+qpdS9/g++GKzQIchUD5teA+WZ+JH24f0FJg8i+AzlpyofBJ9WmmxvEozGq1l0VWMJWwTpe0GQj6Op1g==
en9qjkuMk/KEOnWUqr22kUbbwrn5tuXdsmTlS0tOdTWgFGTSw17R3VkL9bRBzJKs4HWa9NApVLW5A1whLMpQvXcFzQEHf8i4iINBL4cety2h9vIW5VcdKSlKYF/xyPnv2EIwtqNcd2UtV6dUjyeNyIx+MDUakp2OaTNXoCe4Ilvdtpbm0pYLYN2GXxbbSqirI+dKn8QZ1LXoHx/Kw8GkPV6NoKjaMJQGPjI5MYJWWQ3KKNz6WvkjYiyy35T3eRVGm+H/z803v1eH7goCu2igvHxwsyq74d6HoFw3hkl+J86obI5cNzk4QOgwS/WCydVHOUEplpOHDxMToVYGxnO4u6Tf/3689aH4Crx/EOhttlVn2HKUygUyiM+t5fmdapB8ucbGK6jbns81MG0od3JduQmZ5Viog92CEEZlgLzznnSTHVMSso2uHUJLwvK4R4J9oiCFxH1Limc3G+mI4dn9eTN0dW75uNdMJMLwCzxiB5lS/dWDnLcOM6FL5sX2rmRHS7SPfhvQAt4TvGwsHy88l683K17NnXmCk62p3A==
NDd9BeRUFxjeRdwKAF0/0/ctNglVOD0TPI8UR9ypi1QRI7M1QvbE406zandPkbNOUz1zmARdREjSCSDT//fOBZ8tcqkF
Z+cC5agOgPYRMdrumBAsdvo9rNjSIJz2Symh8hiI68Cfll636uyamYxM28khBVJSqCfetjV2qbWSTXt9aeql9/WD78Ll/I3m70bIBFCJmCxvg24rJXEICVZZrW0mZ3JArH1Xwt8sr076FD+6CG97oZRNUyEbbJnj4ShfS6k+
7fOkZPxKAJSCrtqS3m+GrfrAoBn2jzM/4JazGXkAHcm/smU4IR0iiWTBSwTja+IzireCFVUsDx/t9RxKWpuQjzSHUa1tNo2B7XhaYVowzDV+I2FLUH1BEWypGw==
Kyz4kAE5y26BI/9lZCaOa+Ahp0FhtEEthJFmFjWV/5iLRUkCE5S3hYRlwqHt6EUzNJ/8B3RZA/TJU6s1WgacQ8bDwrcngbtuq23LGHyNfCjaGQgTl0dGZUcdaqkd
xFp2LiBX27fyEJgkbJLd9ckSiGRQhmA3s5FmFjWV/5iLRUkCE5S3hYRlwqHt6EUzNJ/8B3RZA/TJU6s1WgacQ8bDwrcngbtuq23LGHyNfCjaGQgTl0dGZUcdaqkd
PjGyMgu4Ml1h7Hy4AfbJgSy9lQathGIWMZ3jiGd9LSL3zJt1uC0GYamguYNYR1hn0KGvZFXbL7XejgDTartmV4PZV97XpQ9YOEVAWPbBbDNzfyp1WxVuqRk=
37udYMwi4fQdKhzwQj6eVjHe5PvT8cM9bd3TNrhiRmGEUl4WDWXH+KO1gUJbRB/lHPVaIXV43ZNcTzRHPGnr1LFjUzUiNmRjrvMKd2/RU84z/VOY5B3kyHJJwNPfN26Ff21SqSU=
tUgtXCF8O79W09RHx7xA5pyzTw1KpHa8NZdfPKyFLM6+mdZMJwQ87vO+ipIeRCnpyy1xpKqO52G5Gx9lQwDo1E201QNUR4eDlRVfhuso4ibjROjV79fcb1/P66Y9ZZl6Y1WpJA==
tUQY5cmXOoJYCmJgBwAoST3aZQhjYmkb4zwOMwxOxZf8bSFcVxOtwBBoiAKCsUyX0Yf0V3m4Qdnfm/EABEJtcG5QYd3SUXww3RzyEFUtZ5Py/jDt1qnDtwgRRlFRbZ3HsdNLLv+AEBqDO/YAKB1A0u7axBsmRm4AH+jYyTE37YV55nl54bjW2W5gWF0CQz3jZE2ViaCp1w==
82Aj6nnmOT5R8x3OduVnQQl+bz9ce25+TeGGoEQFOva3uedQLrXOPFEuKcXx5ApvievfN0sw48mJ2Sxxv2yiBHlox3oq4LceT0tzVUT5O2U7aHFXcVwXb6ka
